Using pre-set license
Built from '2022.3/release' branch; Version is '2022.3.20f1 (61c2feb0970d) revision 6406910'; Using compiler version '192829333'; Build Type 'Release'
OS: 'Windows 11  (10.0.22631) 64bit CoreSingleLanguage' Language: 'ru' Physical Memory: 16335 MB
BatchMode: 1, IsHumanControllingUs: 0, StartBugReporterOnCrash: 0, Is64bit: 1, IsPro: 1

COMMAND LINE ARGUMENTS:
D:\unityfolder\2022.3.20f1\Editor\Unity.exe
-adb2
-batchMode
-noUpm
-name
AssetImportWorker0
-projectPath
C:/Users/diman/OneDrive/Рабочий стол/FNAM UNITY/My project (1)
-logFile
Logs/AssetImportWorker0.log
-srvPort
51597
Successfully changed project path to: C:/Users/diman/OneDrive/Рабочий стол/FNAM UNITY/My project (1)
C:/Users/diman/OneDrive/Рабочий стол/FNAM UNITY/My project (1)
[UnityMemory] Configuration Parameters - Can be set up in boot.config
    "memorysetup-bucket-allocator-granularity=16"
    "memorysetup-bucket-allocator-bucket-count=8"
    "memorysetup-bucket-allocator-block-size=33554432"
    "memorysetup-bucket-allocator-block-count=8"
    "memorysetup-main-allocator-block-size=16777216"
    "memorysetup-thread-allocator-block-size=16777216"
    "memorysetup-gfx-main-allocator-block-size=16777216"
    "memorysetup-gfx-thread-allocator-block-size=16777216"
    "memorysetup-cache-allocator-block-size=4194304"
    "memorysetup-typetree-allocator-block-size=2097152"
    "memorysetup-profiler-bucket-allocator-granularity=16"
    "memorysetup-profiler-bucket-allocator-bucket-count=8"
    "memorysetup-profiler-bucket-allocator-block-size=33554432"
    "memorysetup-profiler-bucket-allocator-block-count=8"
    "memorysetup-profiler-allocator-block-size=16777216"
    "memorysetup-profiler-editor-allocator-block-size=1048576"
    "memorysetup-temp-allocator-size-main=16777216"
    "memorysetup-job-temp-allocator-block-size=2097152"
    "memorysetup-job-temp-allocator-block-size-background=1048576"
    "memorysetup-job-temp-allocator-reduction-small-platforms=262144"
    "memorysetup-allocator-temp-initial-block-size-main=262144"
    "memorysetup-allocator-temp-initial-block-size-worker=262144"
    "memorysetup-temp-allocator-size-background-worker=32768"
    "memorysetup-temp-allocator-size-job-worker=262144"
    "memorysetup-temp-allocator-size-preload-manager=33554432"
    "memorysetup-temp-allocator-size-nav-mesh-worker=65536"
    "memorysetup-temp-allocator-size-audio-worker=65536"
    "memorysetup-temp-allocator-size-cloud-worker=32768"
    "memorysetup-temp-allocator-size-gi-baking-worker=262144"
    "memorysetup-temp-allocator-size-gfx=262144"
Player connection [15960] Host "[IP] 192.168.0.107 [Port] 0 [Flags] 2 [Guid] 2623669343 [EditorId] 2623669343 [Version] 1048832 [Id] WindowsEditor(7,DESKTOP-B7JFJVP) [Debug] 1 [PackageName] WindowsEditor [ProjectName] Editor" joined multi-casting on [225.0.0.222:54997]...

Player connection [15960] Host "[IP] 192.168.0.107 [Port] 0 [Flags] 2 [Guid] 2623669343 [EditorId] 2623669343 [Version] 1048832 [Id] WindowsEditor(7,DESKTOP-B7JFJVP) [Debug] 1 [PackageName] WindowsEditor [ProjectName] Editor" joined alternative multi-casting on [225.0.0.222:34997]...

[Physics::Module] Initialized MultithreadedJobDispatcher with 3 workers.
Refreshing native plugins compatible for Editor in 10.34 ms, found 3 plugins.
Preloading 0 native plugins for Editor in 0.00 ms.
Initialize engine version: 2022.3.20f1 (61c2feb0970d)
[Subsystems] Discovering subsystems at path D:/unityfolder/2022.3.20f1/Editor/Data/Resources/UnitySubsystems
[Subsystems] Discovering subsystems at path C:/Users/diman/OneDrive/Рабочий стол/FNAM UNITY/My project (1)/Assets
GfxDevice: creating device client; threaded=0; jobified=0
Direct3D:
    Version:  Direct3D 11.0 [level 11.1]
    Renderer: NVIDIA GeForce GTX 1050 Ti (ID=0x1c82)
    Vendor:   NVIDIA
    VRAM:     4004 MB
    Driver:   31.0.15.5123
Initialize mono
Mono path[0] = 'D:/unityfolder/2022.3.20f1/Editor/Data/Managed'
Mono path[1] = 'D:/unityfolder/2022.3.20f1/Editor/Data/MonoBleedingEdge/lib/mono/unityjit-win32'
Mono config path = 'D:/unityfolder/2022.3.20f1/Editor/Data/MonoBleedingEdge/etc'
Using monoOptions --debugger-agent=transport=dt_socket,embedding=1,server=y,suspend=n,address=127.0.0.1:56240
Begin MonoManager ReloadAssembly
Registering precompiled unity dll's ...
Register platform support module: D:/unityfolder/2022.3.20f1/Editor/Data/PlaybackEngines/WebGLSupport/UnityEditor.WebGL.Extensions.dll
Register platform support module: D:/unityfolder/2022.3.20f1/Editor/Data/PlaybackEngines/WindowsStandaloneSupport/UnityEditor.WindowsStandalone.Extensions.dll
Registered in 0.009781 seconds.
- Loaded All Assemblies, in  0.503 seconds
Native extension for WindowsStandalone target not found
Native extension for WebGL target not found
Mono: successfully reloaded assembly
- Finished resetting the current domain, in  0.444 seconds
Domain Reload Profiling: 946ms
	BeginReloadAssembly (190ms)
		ExecutionOrderSort (0ms)
		DisableScriptedObjects (0ms)
		BackupInstance (0ms)
		ReleaseScriptingObjects (0ms)
		CreateAndSetChildDomain (1ms)
	RebuildCommonClasses (47ms)
	RebuildNativeTypeToScriptingClass (14ms)
	initialDomainReloadingComplete (73ms)
	LoadAllAssembliesAndSetupDomain (177ms)
		LoadAssemblies (189ms)
		RebuildTransferFunctionScriptingTraits (0ms)
		AnalyzeDomain (175ms)
			TypeCache.Refresh (173ms)
				TypeCache.ScanAssembly (158ms)
			ScanForSourceGeneratedMonoScriptInfo (0ms)
			ResolveRequiredComponents (1ms)
	FinalizeReload (445ms)
		ReleaseScriptCaches (0ms)
		RebuildScriptCaches (0ms)
		SetupLoadedEditorAssemblies (366ms)
			LogAssemblyErrors (0ms)
			InitializePlatformSupportModulesInManaged (13ms)
			SetLoadedEditorAssemblies (6ms)
			RefreshPlugins (0ms)
			BeforeProcessingInitializeOnLoad (3ms)
			ProcessInitializeOnLoadAttributes (261ms)
			ProcessInitializeOnLoadMethodAttributes (84ms)
			AfterProcessingInitializeOnLoad (0ms)
			EditorAssembliesLoaded (0ms)
		ExecutionOrderSort2 (0ms)
		AwakeInstancesAfterBackupRestoration (0ms)
========================================================================
Worker process is ready to serve import requests
Begin MonoManager ReloadAssembly
- Loaded All Assemblies, in  1.371 seconds
Refreshing native plugins compatible for Editor in 7.20 ms, found 3 plugins.
Native extension for WindowsStandalone target not found
Native extension for WebGL target not found
Package Manager log level set to [2]
[Package Manager] Server::EnsureServerProcessIsRunning -- launch failed, reason: Unity was launched with the -noUpm command-line argument
[Package Manager] UpmClient::Send -- Unable to send message (not connected to UPM process).
[Package Manager] Cannot connect to Unity Package Manager local server
Mono: successfully reloaded assembly
- Finished resetting the current domain, in  1.169 seconds
Domain Reload Profiling: 2537ms
	BeginReloadAssembly (381ms)
		ExecutionOrderSort (0ms)
		DisableScriptedObjects (17ms)
		BackupInstance (0ms)
		ReleaseScriptingObjects (0ms)
		CreateAndSetChildDomain (66ms)
	RebuildCommonClasses (58ms)
	RebuildNativeTypeToScriptingClass (18ms)
	initialDomainReloadingComplete (71ms)
	LoadAllAssembliesAndSetupDomain (840ms)
		LoadAssemblies (744ms)
		RebuildTransferFunctionScriptingTraits (0ms)
		AnalyzeDomain (331ms)
			TypeCache.Refresh (299ms)
				TypeCache.ScanAssembly (269ms)
			ScanForSourceGeneratedMonoScriptInfo (23ms)
			ResolveRequiredComponents (6ms)
	FinalizeReload (1169ms)
		ReleaseScriptCaches (0ms)
		RebuildScriptCaches (0ms)
		SetupLoadedEditorAssemblies (913ms)
			LogAssemblyErrors (0ms)
			InitializePlatformSupportModulesInManaged (11ms)
			SetLoadedEditorAssemblies (7ms)
			RefreshPlugins (0ms)
			BeforeProcessingInitializeOnLoad (97ms)
			ProcessInitializeOnLoadAttributes (722ms)
			ProcessInitializeOnLoadMethodAttributes (58ms)
			AfterProcessingInitializeOnLoad (18ms)
			EditorAssembliesLoaded (1ms)
		ExecutionOrderSort2 (0ms)
		AwakeInstancesAfterBackupRestoration (16ms)
Launched and connected shader compiler UnityShaderCompiler.exe after 0.07 seconds
Refreshing native plugins compatible for Editor in 5.51 ms, found 3 plugins.
Preloading 0 native plugins for Editor in 0.00 ms.
Unloading 3083 Unused Serialized files (Serialized files now loaded: 0)
Unloading 32 unused Assets / (57.3 KB). Loaded Objects now: 3544.
Memory consumption went from 122.2 MB to 122.1 MB.
Total: 4.108000 ms (FindLiveObjects: 0.318900 ms CreateObjectMapping: 0.100200 ms MarkObjects: 3.559600 ms  DeleteObjects: 0.127700 ms)

AssetImportParameters requested are different than current active one (requested -> active):
  custom:container-demuxer-ogg: 62fdf1f143b41e24485cea50d1cbac27 -> 
  custom:video-codec-MediaFoundation-h265: 746d11721c4dcdbdad8f713fa42b33f4 -> 
  custom:video-decoder-ogg-theora: a1e56fd34408186e4bbccfd4996cb3dc -> 
  custom:framework-win-MediaFoundation: 216162199b28c13a410421893ffa2e32 -> 
  custom:CustomObjectIndexerAttribute: 6d391050e5a25f67b0a2c618074f2cd9 -> 
  custom:container-demuxer-webm: 4f35f7cbe854078d1ac9338744f61a02 -> 
  custom:container-muxer-webm: aa71ff27fc2769a1b78a27578f13a17b -> 
  custom:video-decoder-webm-vp8: 9c59270c3fd7afecdb556c50c9e8de78 -> 
  custom:SearchIndexIgnoredProperties: e643bd26f0fe6173181afceb89e7c659 -> 
  custom:AudioImporter_EditorPlatform: d09bf68614088b80899f8185d706f6e7 -> 
  custom:video-encoder-webm-vp8: eb34c28f22e8b96e1ab97ce403110664 -> 
  custom:audio-decoder-ogg-vorbis: bf7c407c2cedff20999df2af8eb42d56 -> 
  custom:audio-encoder-webm-vorbis: bf7c407c2cedff20999df2af8eb42d56 -> 
========================================================================
Received Import Request.
  Time since last request: 17001.322885 seconds.
  path: Assets/f.unity
  artifactKey: Guid(71a93889ac3c1a041808511c1511be78) Importer(2089858483,0ecaa5967403d082aa24f35e1b516d23)
Start importing Assets/f.unity using Guid(71a93889ac3c1a041808511c1511be78) Importer(2089858483,0ecaa5967403d082aa24f35e1b516d23)  -> (artifact id: '5cebc678f7933c851282baf0f3720b70') in 0.264760 seconds
Number of updated asset objects reloaded before import = 0
Number of asset objects unloaded after import = 1
========================================================================
Received Import Request.
  Time since last request: 0.083379 seconds.
  path: Assets/Textures/mcdonalds_mds_v2beta_texture_126.png
  artifactKey: Guid(01025aba8f336b644a4c0d7f10ac298e) Importer(2089858483,0ecaa5967403d082aa24f35e1b516d23)
Start importing Assets/Textures/mcdonalds_mds_v2beta_texture_126.png using Guid(01025aba8f336b644a4c0d7f10ac298e) Importer(2089858483,0ecaa5967403d082aa24f35e1b516d23)  -> (artifact id: '5655462ca9c2406a10c713ed5dd3e202') in 0.298981 seconds
Number of updated asset objects reloaded before import = 0
Number of asset objects unloaded after import = 1
========================================================================
Received Import Request.
  Time since last request: 0.000063 seconds.
  path: Assets/Textures/mcdonalds_mds_v2beta_texture_13.png
  artifactKey: Guid(c59095c346622bc4fa42b19e2ce33fd0) Importer(2089858483,0ecaa5967403d082aa24f35e1b516d23)
Start importing Assets/Textures/mcdonalds_mds_v2beta_texture_13.png using Guid(c59095c346622bc4fa42b19e2ce33fd0) Importer(2089858483,0ecaa5967403d082aa24f35e1b516d23)  -> (artifact id: 'f4abfceb0cd04fc64186c84311de01aa') in 0.042446 seconds
Number of updated asset objects reloaded before import = 0
Number of asset objects unloaded after import = 1
========================================================================
Received Import Request.
  Time since last request: 0.000018 seconds.
  path: Assets/Textures/mcdonalds_mds_v2beta_texture_124.png
  artifactKey: Guid(975f0fc1c31a49441868476eed2d40f2) Importer(2089858483,0ecaa5967403d082aa24f35e1b516d23)
Start importing Assets/Textures/mcdonalds_mds_v2beta_texture_124.png using Guid(975f0fc1c31a49441868476eed2d40f2) Importer(2089858483,0ecaa5967403d082aa24f35e1b516d23)  -> (artifact id: '9423024e70876b023b4c0f42427b57e3') in 0.038604 seconds
Number of updated asset objects reloaded before import = 0
Number of asset objects unloaded after import = 1
========================================================================
Received Import Request.
  Time since last request: 0.000043 seconds.
  path: Assets/Scenes/SampleScene.unity
  artifactKey: Guid(9fc0d4010bbf28b4594072e72b8655ab) Importer(2089858483,0ecaa5967403d082aa24f35e1b516d23)
Start importing Assets/Scenes/SampleScene.unity using Guid(9fc0d4010bbf28b4594072e72b8655ab) Importer(2089858483,0ecaa5967403d082aa24f35e1b516d23)  -> (artifact id: '54db06a5c99c0376491bddeaa5eaa0e1') in 0.009727 seconds
Number of updated asset objects reloaded before import = 0
Number of asset objects unloaded after import = 1
========================================================================
Received Import Request.
  Time since last request: 0.000036 seconds.
  path: Assets/Textures/mcdonalds_mds_v2beta_texture_113.png
  artifactKey: Guid(44634fb4bb8a5444a8128a5188195a21) Importer(2089858483,0ecaa5967403d082aa24f35e1b516d23)
Start importing Assets/Textures/mcdonalds_mds_v2beta_texture_113.png using Guid(44634fb4bb8a5444a8128a5188195a21) Importer(2089858483,0ecaa5967403d082aa24f35e1b516d23)  -> (artifact id: 'f15785e5eb5b8ab08a556c8b1bb5920a') in 0.037642 seconds
Number of updated asset objects reloaded before import = 0
Number of asset objects unloaded after import = 1
========================================================================
Received Import Request.
  Time since last request: 0.000019 seconds.
  path: Assets/Textures/mcdonalds_mds_v2beta_texture_116.png
  artifactKey: Guid(e330c20e2d08ae748ba220653cb08183) Importer(2089858483,0ecaa5967403d082aa24f35e1b516d23)
Start importing Assets/Textures/mcdonalds_mds_v2beta_texture_116.png using Guid(e330c20e2d08ae748ba220653cb08183) Importer(2089858483,0ecaa5967403d082aa24f35e1b516d23)  -> (artifact id: '4039955b9f9fcd3d26683c69e5a0b018') in 0.037916 seconds
Number of updated asset objects reloaded before import = 0
Number of asset objects unloaded after import = 1
========================================================================
Received Import Request.
  Time since last request: 0.000033 seconds.
  path: Assets/Textures/mcdonalds_mds_v2beta_texture_10.png
  artifactKey: Guid(08a2f50afe0a70849845c9e92cb6afe9) Importer(2089858483,0ecaa5967403d082aa24f35e1b516d23)
Start importing Assets/Textures/mcdonalds_mds_v2beta_texture_10.png using Guid(08a2f50afe0a70849845c9e92cb6afe9) Importer(2089858483,0ecaa5967403d082aa24f35e1b516d23)  -> (artifact id: '092fbe9c5c45daaa82bfed93245acf01') in 0.038054 seconds
Number of updated asset objects reloaded before import = 0
Number of asset objects unloaded after import = 1
========================================================================
Received Import Request.
  Time since last request: 0.586125 seconds.
  path: Assets/Textures/mcdonalds_mds_v2beta_texture_136.png
  artifactKey: Guid(67054cbf1d329434f9679ff3e0d23895) Importer(2089858483,0ecaa5967403d082aa24f35e1b516d23)
Start importing Assets/Textures/mcdonalds_mds_v2beta_texture_136.png using Guid(67054cbf1d329434f9679ff3e0d23895) Importer(2089858483,0ecaa5967403d082aa24f35e1b516d23)  -> (artifact id: '8fb2004e50e6ceab012625aec4d327ff') in 3.108915 seconds
Number of updated asset objects reloaded before import = 0
Number of asset objects unloaded after import = 1
========================================================================
Received Import Request.
  Time since last request: 0.000343 seconds.
  path: Assets/Textures/mcdonalds_mds_v2beta_texture_17.png
  artifactKey: Guid(eceff9772e6e72b48883ac111a02853d) Importer(2089858483,0ecaa5967403d082aa24f35e1b516d23)
Start importing Assets/Textures/mcdonalds_mds_v2beta_texture_17.png using Guid(eceff9772e6e72b48883ac111a02853d) Importer(2089858483,0ecaa5967403d082aa24f35e1b516d23)  -> (artifact id: 'b1465b1791177fcd76716056f0c5c7bf') in 0.152556 seconds
Number of updated asset objects reloaded before import = 0
Number of asset objects unloaded after import = 1
========================================================================
Received Import Request.
  Time since last request: 0.000017 seconds.
  path: Assets/Textures/mcdonalds_mds_v2beta_texture_34.png
  artifactKey: Guid(c16270d8d3bef2649af5f8b524fd6dc0) Importer(2089858483,0ecaa5967403d082aa24f35e1b516d23)
Start importing Assets/Textures/mcdonalds_mds_v2beta_texture_34.png using Guid(c16270d8d3bef2649af5f8b524fd6dc0) Importer(2089858483,0ecaa5967403d082aa24f35e1b516d23)  -> (artifact id: '30de912843e9aab2b995dd2afaddb973') in 3.498066 seconds
Number of updated asset objects reloaded before import = 0
Number of asset objects unloaded after import = 1
========================================================================
Received Import Request.
  Time since last request: 0.000039 seconds.
  path: Assets/Textures/Doors/Door1 8.mat
  artifactKey: Guid(4ff1a8eae2576ac40a49fe516fb7b6ac) Importer(2089858483,0ecaa5967403d082aa24f35e1b516d23)
Start importing Assets/Textures/Doors/Door1 8.mat using Guid(4ff1a8eae2576ac40a49fe516fb7b6ac) Importer(2089858483,0ecaa5967403d082aa24f35e1b516d23)  -> (artifact id: '69508f10b37abe0b5d1fda4c072fe25a') in 0.047833 seconds
Number of updated asset objects reloaded before import = 0
Number of asset objects unloaded after import = 4
========================================================================
Received Import Request.
  Time since last request: 0.000080 seconds.
  path: Assets/Textures/mcdonalds_mds_v2beta_texture_6.png
  artifactKey: Guid(fdc9a8bf36dc8c840aa742179cf4d0b1) Importer(2089858483,0ecaa5967403d082aa24f35e1b516d23)
Start importing Assets/Textures/mcdonalds_mds_v2beta_texture_6.png using Guid(fdc9a8bf36dc8c840aa742179cf4d0b1) Importer(2089858483,0ecaa5967403d082aa24f35e1b516d23)  -> (artifact id: '632ec3f1d1e04db2ef473c63c2c0493a') in 0.072115 seconds
Number of updated asset objects reloaded before import = 0
Number of asset objects unloaded after import = 1
========================================================================
Received Import Request.
  Time since last request: 0.000017 seconds.
  path: Assets/Textures/mcdonalds_mds_v2beta_texture_96.png
  artifactKey: Guid(a4e2374e5a6afc34a9181258a96efe39) Importer(2089858483,0ecaa5967403d082aa24f35e1b516d23)
Start importing Assets/Textures/mcdonalds_mds_v2beta_texture_96.png using Guid(a4e2374e5a6afc34a9181258a96efe39) Importer(2089858483,0ecaa5967403d082aa24f35e1b516d23)  -> (artifact id: 'ec7295ca11e21e8c29addc7a13765c13') in 0.076962 seconds
Number of updated asset objects reloaded before import = 0
Number of asset objects unloaded after import = 1
========================================================================
Received Import Request.
  Time since last request: 0.000106 seconds.
  path: Assets/Textures/mcdonalds_mds_v2beta_texture_25.png
  artifactKey: Guid(c3173ed33f8305247b0f09e59ce1ffe7) Importer(2089858483,0ecaa5967403d082aa24f35e1b516d23)
Start importing Assets/Textures/mcdonalds_mds_v2beta_texture_25.png using Guid(c3173ed33f8305247b0f09e59ce1ffe7) Importer(2089858483,0ecaa5967403d082aa24f35e1b516d23)  -> (artifact id: 'c033fb74f907e3ca516f88ea6558a947') in 0.080508 seconds
Number of updated asset objects reloaded before import = 0
Number of asset objects unloaded after import = 1
========================================================================
Received Import Request.
  Time since last request: 0.000068 seconds.
  path: Assets/Textures/Doors/mcdonalds_mds_v2beta_texture_20.png
  artifactKey: Guid(f8c32e2232e6cfb4da38ea34c821f0fd) Importer(2089858483,0ecaa5967403d082aa24f35e1b516d23)
Start importing Assets/Textures/Doors/mcdonalds_mds_v2beta_texture_20.png using Guid(f8c32e2232e6cfb4da38ea34c821f0fd) Importer(2089858483,0ecaa5967403d082aa24f35e1b516d23)  -> (artifact id: '2634f0de7f9a72569f5ba9e81e123f35') in 0.053323 seconds
Number of updated asset objects reloaded before import = 0
Number of asset objects unloaded after import = 1
========================================================================
Received Import Request.
  Time since last request: 0.000037 seconds.
  path: Assets/Textures/BlackMaterials/New Material 10.mat
  artifactKey: Guid(d18c72200047008419b2bfbde3e58b89) Importer(2089858483,0ecaa5967403d082aa24f35e1b516d23)
Start importing Assets/Textures/BlackMaterials/New Material 10.mat using Guid(d18c72200047008419b2bfbde3e58b89) Importer(2089858483,0ecaa5967403d082aa24f35e1b516d23)  -> (artifact id: 'cd49c8460c65b9c777acaeeb1645f45c') in 0.049388 seconds
Number of updated asset objects reloaded before import = 0
Number of asset objects unloaded after import = 2
========================================================================
Received Import Request.
  Time since last request: 0.000017 seconds.
  path: Assets/Textures/Houses/House2.mat
  artifactKey: Guid(cac0fabc7068f334b83bb89b2417804b) Importer(2089858483,0ecaa5967403d082aa24f35e1b516d23)
Start importing Assets/Textures/Houses/House2.mat using Guid(cac0fabc7068f334b83bb89b2417804b) Importer(2089858483,0ecaa5967403d082aa24f35e1b516d23)  -> (artifact id: '9549604ce3f6a2dd3b736937d89d6cba') in 0.096486 seconds
Number of updated asset objects reloaded before import = 0
Number of asset objects unloaded after import = 2
========================================================================
Received Import Request.
  Time since last request: 0.000020 seconds.
  path: Assets/Textures/Cars/mcdonalds_mds_v2beta_texture_70.png
  artifactKey: Guid(460c1488a531b7146a969e5852f772c7) Importer(2089858483,0ecaa5967403d082aa24f35e1b516d23)
Start importing Assets/Textures/Cars/mcdonalds_mds_v2beta_texture_70.png using Guid(460c1488a531b7146a969e5852f772c7) Importer(2089858483,0ecaa5967403d082aa24f35e1b516d23)  -> (artifact id: 'cd436e42202855066a6c267b5f8002d4') in 0.039567 seconds
Number of updated asset objects reloaded before import = 0
Number of asset objects unloaded after import = 1
========================================================================
Received Import Request.
  Time since last request: 0.000311 seconds.
  path: Assets/Textures/BlackMaterials/New Material 8.mat
  artifactKey: Guid(1803582ad3983924b81b96d1f5efefd8) Importer(2089858483,0ecaa5967403d082aa24f35e1b516d23)
Start importing Assets/Textures/BlackMaterials/New Material 8.mat using Guid(1803582ad3983924b81b96d1f5efefd8) Importer(2089858483,0ecaa5967403d082aa24f35e1b516d23)  -> (artifact id: '05dea9b00858f04b233ab1567024865c') in 0.046793 seconds
Number of updated asset objects reloaded before import = 0
Number of asset objects unloaded after import = 2
========================================================================
Received Import Request.
  Time since last request: 0.000017 seconds.
  path: Assets/Textures/BlackMaterials/mcdonalds_mds_v2beta_texture_87.png
  artifactKey: Guid(4332cfd5bc674d445b9416d076e74e36) Importer(2089858483,0ecaa5967403d082aa24f35e1b516d23)
Start importing Assets/Textures/BlackMaterials/mcdonalds_mds_v2beta_texture_87.png using Guid(4332cfd5bc674d445b9416d076e74e36) Importer(2089858483,0ecaa5967403d082aa24f35e1b516d23)  -> (artifact id: '4297c146d7c8e10bd5dab85675ef5891') in 0.110456 seconds
Number of updated asset objects reloaded before import = 0
Number of asset objects unloaded after import = 1
========================================================================
Received Import Request.
  Time since last request: 0.000017 seconds.
  path: Assets/Textures/Cars/Truck 1.mat
  artifactKey: Guid(462b0178f1257ae41b033ba0bf5ba34c) Importer(2089858483,0ecaa5967403d082aa24f35e1b516d23)
Start importing Assets/Textures/Cars/Truck 1.mat using Guid(462b0178f1257ae41b033ba0bf5ba34c) Importer(2089858483,0ecaa5967403d082aa24f35e1b516d23)  -> (artifact id: 'c86d676a5e5bd8157bc4a9ea62d37b08') in 0.054489 seconds
Number of updated asset objects reloaded before import = 0
Number of asset objects unloaded after import = 2
========================================================================
Received Import Request.
  Time since last request: 0.000385 seconds.
  path: Assets/Textures/Doors/mcdonalds_mds_v2beta_texture_57.png
  artifactKey: Guid(d91e158b6582dcb4a92dc32aa43528ac) Importer(2089858483,0ecaa5967403d082aa24f35e1b516d23)
Start importing Assets/Textures/Doors/mcdonalds_mds_v2beta_texture_57.png using Guid(d91e158b6582dcb4a92dc32aa43528ac) Importer(2089858483,0ecaa5967403d082aa24f35e1b516d23)  -> (artifact id: '71fc901ea3855a3a687cd7c919e2c022') in 0.094534 seconds
Number of updated asset objects reloaded before import = 0
Number of asset objects unloaded after import = 1
========================================================================
Received Import Request.
  Time since last request: 0.000166 seconds.
  path: Assets/Textures/mcdonalds_mds_v2beta_texture_138 — копия.png
  artifactKey: Guid(bc17b6150f88fe44e9af8a0f270fec2d) Importer(2089858483,0ecaa5967403d082aa24f35e1b516d23)
Start importing Assets/Textures/mcdonalds_mds_v2beta_texture_138 — копия.png using Guid(bc17b6150f88fe44e9af8a0f270fec2d) Importer(2089858483,0ecaa5967403d082aa24f35e1b516d23)  -> (artifact id: 'ef0e6871cbbbf36b27a1a440c1f415a0') in 0.079157 seconds
Number of updated asset objects reloaded before import = 0
Number of asset objects unloaded after import = 1
========================================================================
Received Import Request.
  Time since last request: 0.000060 seconds.
  path: Assets/Textures/interier/New Material 3.mat
  artifactKey: Guid(e9aef954234a9c84e89a51fc7cd263e7) Importer(2089858483,0ecaa5967403d082aa24f35e1b516d23)
Start importing Assets/Textures/interier/New Material 3.mat using Guid(e9aef954234a9c84e89a51fc7cd263e7) Importer(2089858483,0ecaa5967403d082aa24f35e1b516d23)  -> (artifact id: '7b3bdede428d8408f0f690bf9b5abd84') in 0.048904 seconds
Number of updated asset objects reloaded before import = 0
Number of asset objects unloaded after import = 2
========================================================================
Received Import Request.
  Time since last request: 0.000340 seconds.
  path: Assets/Textures/Kitchen/New Material 8.mat
  artifactKey: Guid(5706266803435454bb655672b5a53106) Importer(2089858483,0ecaa5967403d082aa24f35e1b516d23)
Start importing Assets/Textures/Kitchen/New Material 8.mat using Guid(5706266803435454bb655672b5a53106) Importer(2089858483,0ecaa5967403d082aa24f35e1b516d23)  -> (artifact id: '708676ad1177b4d6516c510f8b932fe4') in 0.051889 seconds
Number of updated asset objects reloaded before import = 0
Number of asset objects unloaded after import = 1
========================================================================
Received Import Request.
  Time since last request: 0.000141 seconds.
  path: Assets/Textures/interier/mcdonalds_mds_v2beta_texture_89.png
  artifactKey: Guid(0a0d8d9f35f068a47be0738c4206c573) Importer(2089858483,0ecaa5967403d082aa24f35e1b516d23)
Start importing Assets/Textures/interier/mcdonalds_mds_v2beta_texture_89.png using Guid(0a0d8d9f35f068a47be0738c4206c573) Importer(2089858483,0ecaa5967403d082aa24f35e1b516d23)  -> (artifact id: '37a7bb22f94d870cd18ba4930a3dc8a8') in 0.081682 seconds
Number of updated asset objects reloaded before import = 0
Number of asset objects unloaded after import = 1
========================================================================
Received Import Request.
  Time since last request: 0.000017 seconds.
  path: Assets/Textures/Kitchen/New Material 3.mat
  artifactKey: Guid(6cea7deb5be6cdf46b71cde90aaebc42) Importer(2089858483,0ecaa5967403d082aa24f35e1b516d23)
Start importing Assets/Textures/Kitchen/New Material 3.mat using Guid(6cea7deb5be6cdf46b71cde90aaebc42) Importer(2089858483,0ecaa5967403d082aa24f35e1b516d23)  -> (artifact id: 'e6546ce915ebe9271d20233cb51ec311') in 0.033141 seconds
Number of updated asset objects reloaded before import = 0
Number of asset objects unloaded after import = 2
========================================================================
Received Import Request.
  Time since last request: 0.019303 seconds.
  path: Assets/Textures/Cars/mcdonalds_mds_v2beta_texture_71.png
  artifactKey: Guid(64a03738cb95868469714cb4633dac36) Importer(2089858483,0ecaa5967403d082aa24f35e1b516d23)
Start importing Assets/Textures/Cars/mcdonalds_mds_v2beta_texture_71.png using Guid(64a03738cb95868469714cb4633dac36) Importer(2089858483,0ecaa5967403d082aa24f35e1b516d23)  -> (artifact id: '36f797cc4bb9983bcb3c5845e862cfab') in 0.069574 seconds
Number of updated asset objects reloaded before import = 0
Number of asset objects unloaded after import = 1
========================================================================
Received Import Request.
  Time since last request: 0.000306 seconds.
  path: Assets/Textures/Doors/mcdonalds_mds_v2beta_texture_58.png
  artifactKey: Guid(40675121b2b805a4995493e2966739d4) Importer(2089858483,0ecaa5967403d082aa24f35e1b516d23)
Start importing Assets/Textures/Doors/mcdonalds_mds_v2beta_texture_58.png using Guid(40675121b2b805a4995493e2966739d4) Importer(2089858483,0ecaa5967403d082aa24f35e1b516d23)  -> (artifact id: 'fdde0b9485317549cdc247fc045a47bd') in 0.080904 seconds
Number of updated asset objects reloaded before import = 0
Number of asset objects unloaded after import = 1
========================================================================
Received Import Request.
  Time since last request: 0.000065 seconds.
  path: Assets/Textures/Cars/mcdonalds_mds_v2beta_texture_72.png
  artifactKey: Guid(fe09dc7d2219a7e42b97afa3362f544b) Importer(2089858483,0ecaa5967403d082aa24f35e1b516d23)
Start importing Assets/Textures/Cars/mcdonalds_mds_v2beta_texture_72.png using Guid(fe09dc7d2219a7e42b97afa3362f544b) Importer(2089858483,0ecaa5967403d082aa24f35e1b516d23)  -> (artifact id: 'f6252eb9c21175662f5afd65e383961d') in 0.040294 seconds
Number of updated asset objects reloaded before import = 0
Number of asset objects unloaded after import = 1
========================================================================
Received Import Request.
  Time since last request: 0.000281 seconds.
  path: Assets/Textures/mcdonalds_mds_v2beta_texture_22.png
  artifactKey: Guid(126a3225d04b93743b1075f02e978bb7) Importer(2089858483,0ecaa5967403d082aa24f35e1b516d23)
Start importing Assets/Textures/mcdonalds_mds_v2beta_texture_22.png using Guid(126a3225d04b93743b1075f02e978bb7) Importer(2089858483,0ecaa5967403d082aa24f35e1b516d23)  -> (artifact id: '3d078f13ad6b55df39654135db40e9a1') in 0.039844 seconds
Number of updated asset objects reloaded before import = 0
Number of asset objects unloaded after import = 1
========================================================================
Received Import Request.
  Time since last request: 0.000018 seconds.
  path: Assets/Textures/mcdonalds_mds_v2beta_texture_137.png
  artifactKey: Guid(018658114b2900b438723c87748acf46) Importer(2089858483,0ecaa5967403d082aa24f35e1b516d23)
Start importing Assets/Textures/mcdonalds_mds_v2beta_texture_137.png using Guid(018658114b2900b438723c87748acf46) Importer(2089858483,0ecaa5967403d082aa24f35e1b516d23)  -> (artifact id: '2653b78d14ca33c71afaf4b1dd73c8ff') in 0.161510 seconds
Number of updated asset objects reloaded before import = 0
Number of asset objects unloaded after import = 1
========================================================================
Received Import Request.
  Time since last request: 0.000272 seconds.
  path: Assets/Textures/Materials/mcdonalds_mds_v2beta_texture_1.png
  artifactKey: Guid(f50f12c51241c8647bd09bfde82428cf) Importer(2089858483,0ecaa5967403d082aa24f35e1b516d23)
Start importing Assets/Textures/Materials/mcdonalds_mds_v2beta_texture_1.png using Guid(f50f12c51241c8647bd09bfde82428cf) Importer(2089858483,0ecaa5967403d082aa24f35e1b516d23)  -> (artifact id: 'f21ad12db0f59e7960df09cb8e950bf3') in 0.055775 seconds
Number of updated asset objects reloaded before import = 0
Number of asset objects unloaded after import = 1
========================================================================
Received Import Request.
  Time since last request: 0.000018 seconds.
  path: Assets/Textures/Logos/mcdonalds_mds_v2beta_texture_63.png
  artifactKey: Guid(a8ea9fc8d6e7bc74a97245bd26a5e3b0) Importer(2089858483,0ecaa5967403d082aa24f35e1b516d23)
Start importing Assets/Textures/Logos/mcdonalds_mds_v2beta_texture_63.png using Guid(a8ea9fc8d6e7bc74a97245bd26a5e3b0) Importer(2089858483,0ecaa5967403d082aa24f35e1b516d23)  -> (artifact id: '4f8eee03707a755b992ec49f1181aa8b') in 0.228530 seconds
Number of updated asset objects reloaded before import = 0
Number of asset objects unloaded after import = 1
========================================================================
Received Import Request.
  Time since last request: 0.000019 seconds.
  path: Assets/Textures/Materials/Dirt2.mat
  artifactKey: Guid(4b00ef71ac1874f4096691c43e542800) Importer(2089858483,0ecaa5967403d082aa24f35e1b516d23)
Start importing Assets/Textures/Materials/Dirt2.mat using Guid(4b00ef71ac1874f4096691c43e542800) Importer(2089858483,0ecaa5967403d082aa24f35e1b516d23)  -> (artifact id: '1b644aae3e02b758678ad44a5c73a82f') in 0.062035 seconds
Number of updated asset objects reloaded before import = 0
Number of asset objects unloaded after import = 2
========================================================================
Received Import Request.
  Time since last request: 0.000029 seconds.
  path: Assets/Textures/BlackMaterials/mcdonalds_mds_v2beta_texture_125.png
  artifactKey: Guid(0c755a3016039bb449f2aa01af51a8be) Importer(2089858483,0ecaa5967403d082aa24f35e1b516d23)
Start importing Assets/Textures/BlackMaterials/mcdonalds_mds_v2beta_texture_125.png using Guid(0c755a3016039bb449f2aa01af51a8be) Importer(2089858483,0ecaa5967403d082aa24f35e1b516d23)  -> (artifact id: '980963e89760fa5f2971929bf49c146e') in 0.048264 seconds
Number of updated asset objects reloaded before import = 0
Number of asset objects unloaded after import = 1
========================================================================
Received Import Request.
  Time since last request: 0.000017 seconds.
  path: Assets/Textures/Panels/mcdonalds_mds_v2beta_texture_76.png
  artifactKey: Guid(189dd3643ddaa12458555546fff5959e) Importer(2089858483,0ecaa5967403d082aa24f35e1b516d23)
Start importing Assets/Textures/Panels/mcdonalds_mds_v2beta_texture_76.png using Guid(189dd3643ddaa12458555546fff5959e) Importer(2089858483,0ecaa5967403d082aa24f35e1b516d23)  -> (artifact id: '003096ad552516d86e3aeb5af66aa62d') in 0.079278 seconds
Number of updated asset objects reloaded before import = 0
Number of asset objects unloaded after import = 1
========================================================================
Received Import Request.
  Time since last request: 0.000039 seconds.
  path: Assets/Textures/Panels/mcdonalds_mds_v2beta_texture_27.png
  artifactKey: Guid(d5e862abb1bee7844a6c322c887eebe8) Importer(2089858483,0ecaa5967403d082aa24f35e1b516d23)
Start importing Assets/Textures/Panels/mcdonalds_mds_v2beta_texture_27.png using Guid(d5e862abb1bee7844a6c322c887eebe8) Importer(2089858483,0ecaa5967403d082aa24f35e1b516d23)  -> (artifact id: '6e368fcf6bf97ce1471c526f17c402dd') in 0.035892 seconds
Number of updated asset objects reloaded before import = 0
Number of asset objects unloaded after import = 1
========================================================================
Received Import Request.
  Time since last request: 0.000030 seconds.
  path: Assets/Textures/Panels/Panel 3.mat
  artifactKey: Guid(b5b536bf4e2344445b169fe0fd3af40f) Importer(2089858483,0ecaa5967403d082aa24f35e1b516d23)
Start importing Assets/Textures/Panels/Panel 3.mat using Guid(b5b536bf4e2344445b169fe0fd3af40f) Importer(2089858483,0ecaa5967403d082aa24f35e1b516d23)  -> (artifact id: 'e259d9d4176f663a5edbc6225fd2680c') in 0.015640 seconds
Number of updated asset objects reloaded before import = 0
Number of asset objects unloaded after import = 2
========================================================================
Received Import Request.
  Time since last request: 0.000363 seconds.
  path: Assets/Textures/Panels/mcdonalds_mds_v2beta_texture_81.png
  artifactKey: Guid(602d6f8103e148948a86bc489efde12c) Importer(2089858483,0ecaa5967403d082aa24f35e1b516d23)
Start importing Assets/Textures/Panels/mcdonalds_mds_v2beta_texture_81.png using Guid(602d6f8103e148948a86bc489efde12c) Importer(2089858483,0ecaa5967403d082aa24f35e1b516d23)  -> (artifact id: '67746861578197d02e797353d728cbb4') in 0.076627 seconds
Number of updated asset objects reloaded before import = 0
Number of asset objects unloaded after import = 1
========================================================================
Received Import Request.
  Time since last request: 0.000261 seconds.
  path: Assets/Textures/Doors/Door1 1.mat
  artifactKey: Guid(6352814565546474ea3632739a6014f5) Importer(2089858483,0ecaa5967403d082aa24f35e1b516d23)
Start importing Assets/Textures/Doors/Door1 1.mat using Guid(6352814565546474ea3632739a6014f5) Importer(2089858483,0ecaa5967403d082aa24f35e1b516d23)  -> (artifact id: '59897010c51221fc7019749792bc4366') in 0.041754 seconds
Number of updated asset objects reloaded before import = 0
Number of asset objects unloaded after import = 3
========================================================================
Received Import Request.
  Time since last request: 0.000016 seconds.
  path: Assets/Textures/Cars/SecondCar.mat
  artifactKey: Guid(e63b1913c7d3772439cfb4ae1fd3c7da) Importer(2089858483,0ecaa5967403d082aa24f35e1b516d23)
Start importing Assets/Textures/Cars/SecondCar.mat using Guid(e63b1913c7d3772439cfb4ae1fd3c7da) Importer(2089858483,0ecaa5967403d082aa24f35e1b516d23)  -> (artifact id: '03af379e791e6b13fe8c04c1d50c5467') in 0.018809 seconds
Number of updated asset objects reloaded before import = 0
Number of asset objects unloaded after import = 2
========================================================================
Received Import Request.
  Time since last request: 0.000016 seconds.
  path: Assets/Textures/Panels/mcdonalds_mds_v2beta_texture_79.png
  artifactKey: Guid(c48cde952b7f5ee4c86275d6c8175919) Importer(2089858483,0ecaa5967403d082aa24f35e1b516d23)
Start importing Assets/Textures/Panels/mcdonalds_mds_v2beta_texture_79.png using Guid(c48cde952b7f5ee4c86275d6c8175919) Importer(2089858483,0ecaa5967403d082aa24f35e1b516d23)  -> (artifact id: '3862772b795bd1473c9375c34a2085b5') in 0.109743 seconds
Number of updated asset objects reloaded before import = 0
Number of asset objects unloaded after import = 1
========================================================================
Received Import Request.
  Time since last request: 0.000017 seconds.
  path: Assets/Textures/Materials/SomeMaterial 6.mat
  artifactKey: Guid(026a497de7a5f4c4b83c245fed54437a) Importer(2089858483,0ecaa5967403d082aa24f35e1b516d23)
Start importing Assets/Textures/Materials/SomeMaterial 6.mat using Guid(026a497de7a5f4c4b83c245fed54437a) Importer(2089858483,0ecaa5967403d082aa24f35e1b516d23)  -> (artifact id: '0a32082345a9a996181258c6c765a936') in 0.013300 seconds
Number of updated asset objects reloaded before import = 0
Number of asset objects unloaded after import = 2
========================================================================
Received Import Request.
  Time since last request: 0.000016 seconds.
  path: Assets/Textures/interier/New Material 11.mat
  artifactKey: Guid(b239de86bb9247348b79f718f9c3d980) Importer(2089858483,0ecaa5967403d082aa24f35e1b516d23)
Start importing Assets/Textures/interier/New Material 11.mat using Guid(b239de86bb9247348b79f718f9c3d980) Importer(2089858483,0ecaa5967403d082aa24f35e1b516d23)  -> (artifact id: 'b9c6ec59f3bc9aabfc49a9948f502300') in 0.017567 seconds
Number of updated asset objects reloaded before import = 0
Number of asset objects unloaded after import = 2
========================================================================
Received Import Request.
  Time since last request: 0.000021 seconds.
  path: Assets/Textures/Houses/mcdonalds_mds_v2beta_texture_120.png
  artifactKey: Guid(1cd7110cfb976b742be000b011a96c29) Importer(2089858483,0ecaa5967403d082aa24f35e1b516d23)
Start importing Assets/Textures/Houses/mcdonalds_mds_v2beta_texture_120.png using Guid(1cd7110cfb976b742be000b011a96c29) Importer(2089858483,0ecaa5967403d082aa24f35e1b516d23)  -> (artifact id: '58d7d1b6f9c8d320a3150dad073e98de') in 0.051685 seconds
Number of updated asset objects reloaded before import = 0
Number of asset objects unloaded after import = 1
========================================================================
Received Import Request.
  Time since last request: 0.000262 seconds.
  path: Assets/Textures/Materials/Shteka2.mat
  artifactKey: Guid(8b212827c7f033a4291b9fb36f600001) Importer(2089858483,0ecaa5967403d082aa24f35e1b516d23)
Start importing Assets/Textures/Materials/Shteka2.mat using Guid(8b212827c7f033a4291b9fb36f600001) Importer(2089858483,0ecaa5967403d082aa24f35e1b516d23)  -> (artifact id: '0764c079c437f0ab6083a1df5a464237') in 0.035699 seconds
Number of updated asset objects reloaded before import = 0
Number of asset objects unloaded after import = 2
========================================================================
Received Import Request.
  Time since last request: 0.000016 seconds.
  path: Assets/Textures/Plak/New Material 13.mat
  artifactKey: Guid(ab6b2ae0dd2805d42b89b5c6b58b7bd7) Importer(2089858483,0ecaa5967403d082aa24f35e1b516d23)
Start importing Assets/Textures/Plak/New Material 13.mat using Guid(ab6b2ae0dd2805d42b89b5c6b58b7bd7) Importer(2089858483,0ecaa5967403d082aa24f35e1b516d23)  -> (artifact id: '1eae2dbd127a667fb632fb62c278648f') in 0.045770 seconds
Number of updated asset objects reloaded before import = 0
Number of asset objects unloaded after import = 1
========================================================================
Received Import Request.
  Time since last request: 0.000016 seconds.
  path: Assets/Textures/Restoran/Generator.mat
  artifactKey: Guid(525fd93eebd8abd4c81d145a2f454240) Importer(2089858483,0ecaa5967403d082aa24f35e1b516d23)
Start importing Assets/Textures/Restoran/Generator.mat using Guid(525fd93eebd8abd4c81d145a2f454240) Importer(2089858483,0ecaa5967403d082aa24f35e1b516d23)  -> (artifact id: 'a195ad1f34ce7f81a2fc5a542d4fd8c8') in 0.015190 seconds
Number of updated asset objects reloaded before import = 0
Number of asset objects unloaded after import = 2
========================================================================
Received Import Request.
  Time since last request: 0.000016 seconds.
  path: Assets/Textures/Plak/New Material 7.mat
  artifactKey: Guid(75dd589091447164da0fc0700313b6f0) Importer(2089858483,0ecaa5967403d082aa24f35e1b516d23)
Start importing Assets/Textures/Plak/New Material 7.mat using Guid(75dd589091447164da0fc0700313b6f0) Importer(2089858483,0ecaa5967403d082aa24f35e1b516d23)  -> (artifact id: 'c6b05b599b2a5eb221cadb3b8a742484') in 0.049975 seconds
Number of updated asset objects reloaded before import = 0
Number of asset objects unloaded after import = 2
========================================================================
Received Import Request.
  Time since last request: 0.000762 seconds.
  path: Assets/Textures/Plak/New Material 12.mat
  artifactKey: Guid(3b6a3d8c5e31a01409838bfa2f095bd3) Importer(2089858483,0ecaa5967403d082aa24f35e1b516d23)
Start importing Assets/Textures/Plak/New Material 12.mat using Guid(3b6a3d8c5e31a01409838bfa2f095bd3) Importer(2089858483,0ecaa5967403d082aa24f35e1b516d23)  -> (artifact id: '6b15b8041f4bd55ff67297a69d737250') in 0.013359 seconds
Number of updated asset objects reloaded before import = 0
Number of asset objects unloaded after import = 2
========================================================================
Received Import Request.
  Time since last request: 0.000018 seconds.
  path: Assets/Textures/Plak/New Material 5.mat
  artifactKey: Guid(c4e0962c60450de469fa12ec0ab30c51) Importer(2089858483,0ecaa5967403d082aa24f35e1b516d23)
Start importing Assets/Textures/Plak/New Material 5.mat using Guid(c4e0962c60450de469fa12ec0ab30c51) Importer(2089858483,0ecaa5967403d082aa24f35e1b516d23)  -> (artifact id: '3cd1f211562771954d6c6f01823936ac') in 0.034391 seconds
Number of updated asset objects reloaded before import = 0
Number of asset objects unloaded after import = 2
========================================================================
Received Import Request.
  Time since last request: 0.000017 seconds.
  path: Assets/Textures/Plak/mcdonalds_mds_v2beta_texture_102.png
  artifactKey: Guid(eb5bcff9dcdf7924dba313c2d9ffc630) Importer(2089858483,0ecaa5967403d082aa24f35e1b516d23)
Start importing Assets/Textures/Plak/mcdonalds_mds_v2beta_texture_102.png using Guid(eb5bcff9dcdf7924dba313c2d9ffc630) Importer(2089858483,0ecaa5967403d082aa24f35e1b516d23)  -> (artifact id: 'de430a695dc9ebea42e3849cec5d07dd') in 0.037326 seconds
Number of updated asset objects reloaded before import = 0
Number of asset objects unloaded after import = 1
========================================================================
Received Import Request.
  Time since last request: 0.000313 seconds.
  path: Assets/Textures/Toilet/mcdonalds_mds_v2beta_texture_135.png
  artifactKey: Guid(5297f7ae30cdd094185d1b568389bc32) Importer(2089858483,0ecaa5967403d082aa24f35e1b516d23)
Start importing Assets/Textures/Toilet/mcdonalds_mds_v2beta_texture_135.png using Guid(5297f7ae30cdd094185d1b568389bc32) Importer(2089858483,0ecaa5967403d082aa24f35e1b516d23)  -> (artifact id: '3e23ef3f733b1225acc753320dff7bb8') in 0.038861 seconds
Number of updated asset objects reloaded before import = 0
Number of asset objects unloaded after import = 1
========================================================================
Received Import Request.
  Time since last request: 0.000021 seconds.
  path: Assets/Textures/Plak/mcdonalds_mds_v2beta_texture_105.png
  artifactKey: Guid(5064d446ea3bbde4e97ce5eaeccb30c5) Importer(2089858483,0ecaa5967403d082aa24f35e1b516d23)
Start importing Assets/Textures/Plak/mcdonalds_mds_v2beta_texture_105.png using Guid(5064d446ea3bbde4e97ce5eaeccb30c5) Importer(2089858483,0ecaa5967403d082aa24f35e1b516d23)  -> (artifact id: 'f696ec3929758fdcc0b225f270e86826') in 0.112368 seconds
Number of updated asset objects reloaded before import = 0
Number of asset objects unloaded after import = 1
========================================================================
Received Import Request.
  Time since last request: 0.002194 seconds.
  path: Assets/Textures/Plak/New Material 11.mat
  artifactKey: Guid(f5aad5f24dfe49c43ab92db4440e3c73) Importer(2089858483,0ecaa5967403d082aa24f35e1b516d23)
Start importing Assets/Textures/Plak/New Material 11.mat using Guid(f5aad5f24dfe49c43ab92db4440e3c73) Importer(2089858483,0ecaa5967403d082aa24f35e1b516d23)  -> (artifact id: '180080543efdd37c100464cd793f83e2') in 0.041593 seconds
Number of updated asset objects reloaded before import = 0
Number of asset objects unloaded after import = 2
========================================================================
Received Import Request.
  Time since last request: 0.000333 seconds.
  path: Assets/Textures/street/mcdonalds_mds_v2beta_texture_33.png
  artifactKey: Guid(225d7d9f0d4f8434fa248bc11b49f3ab) Importer(2089858483,0ecaa5967403d082aa24f35e1b516d23)
Start importing Assets/Textures/street/mcdonalds_mds_v2beta_texture_33.png using Guid(225d7d9f0d4f8434fa248bc11b49f3ab) Importer(2089858483,0ecaa5967403d082aa24f35e1b516d23)  -> (artifact id: 'd245e1ca47e99a8654f0532e2c2d8cef') in 0.069342 seconds
Number of updated asset objects reloaded before import = 0
Number of asset objects unloaded after import = 1
========================================================================
Received Import Request.
  Time since last request: 0.000019 seconds.
  path: Assets/Textures/Restoran/Roof.mat
  artifactKey: Guid(46cebe990ac9ba44e956fced747fec7d) Importer(2089858483,0ecaa5967403d082aa24f35e1b516d23)
Start importing Assets/Textures/Restoran/Roof.mat using Guid(46cebe990ac9ba44e956fced747fec7d) Importer(2089858483,0ecaa5967403d082aa24f35e1b516d23)  -> (artifact id: 'fc446626fc91ddcaed5e444e44cad655') in 0.060109 seconds
Number of updated asset objects reloaded before import = 0
Number of asset objects unloaded after import = 2
========================================================================
Received Import Request.
  Time since last request: 0.000028 seconds.
  path: Assets/Textures/Toilet/New Material 3.mat
  artifactKey: Guid(b5e06c7ad81eeae4ba0cef20bc7d9689) Importer(2089858483,0ecaa5967403d082aa24f35e1b516d23)
Start importing Assets/Textures/Toilet/New Material 3.mat using Guid(b5e06c7ad81eeae4ba0cef20bc7d9689) Importer(2089858483,0ecaa5967403d082aa24f35e1b516d23)  -> (artifact id: '60600c69b6a2eefda1a04f72d5370cf6') in 0.046590 seconds
Number of updated asset objects reloaded before import = 0
Number of asset objects unloaded after import = 1
========================================================================
Received Import Request.
  Time since last request: 0.001726 seconds.
  path: Assets/Textures/mcdonalds_mds_v2beta_texture_157.png
  artifactKey: Guid(bb206c68e2b38e546b0d0faaf2c54181) Importer(2089858483,0ecaa5967403d082aa24f35e1b516d23)
Start importing Assets/Textures/mcdonalds_mds_v2beta_texture_157.png using Guid(bb206c68e2b38e546b0d0faaf2c54181) Importer(2089858483,0ecaa5967403d082aa24f35e1b516d23)  -> (artifact id: 'ff7f2534c62b5e6d8b96d195bb12faac') in 0.039573 seconds
Number of updated asset objects reloaded before import = 0
Number of asset objects unloaded after import = 1
========================================================================
Received Import Request.
  Time since last request: 0.000369 seconds.
  path: Assets/Textures/Materials/New Material.mat
  artifactKey: Guid(8255cf854cc58de4a9f2894ec9c7be61) Importer(2089858483,0ecaa5967403d082aa24f35e1b516d23)
Start importing Assets/Textures/Materials/New Material.mat using Guid(8255cf854cc58de4a9f2894ec9c7be61) Importer(2089858483,0ecaa5967403d082aa24f35e1b516d23)  -> (artifact id: 'e60de79017eff887662bc67b26e60ca9') in 0.072398 seconds
Number of updated asset objects reloaded before import = 0
Number of asset objects unloaded after import = 2
========================================================================
Received Import Request.
  Time since last request: 0.000018 seconds.
  path: Assets/Textures/Materials/SomeMaterial 3.mat
  artifactKey: Guid(7978c4ff0a17259459243a236d5809d5) Importer(2089858483,0ecaa5967403d082aa24f35e1b516d23)
Start importing Assets/Textures/Materials/SomeMaterial 3.mat using Guid(7978c4ff0a17259459243a236d5809d5) Importer(2089858483,0ecaa5967403d082aa24f35e1b516d23)  -> (artifact id: '2f5e1e7be108ed17122e9ee9ada2aa86') in 0.027929 seconds
Number of updated asset objects reloaded before import = 0
Number of asset objects unloaded after import = 2
========================================================================
Received Import Request.
  Time since last request: 0.000296 seconds.
  path: Assets/Textures/interier/mcdonalds_mds_v2beta_texture_69.png
  artifactKey: Guid(af110ac6aa1c5d44f97bc0704fed0bdb) Importer(2089858483,0ecaa5967403d082aa24f35e1b516d23)
Start importing Assets/Textures/interier/mcdonalds_mds_v2beta_texture_69.png using Guid(af110ac6aa1c5d44f97bc0704fed0bdb) Importer(2089858483,0ecaa5967403d082aa24f35e1b516d23)  -> (artifact id: '69f2f852610266f92888d7de0e8ab6e7') in 0.078889 seconds
Number of updated asset objects reloaded before import = 0
Number of asset objects unloaded after import = 1
========================================================================
Received Import Request.
  Time since last request: 0.000029 seconds.
  path: Assets/Textures/mcdonalds_mds_v2beta_texture_158.png
  artifactKey: Guid(d67b9bc25aeb140498417b65f2ec0ca0) Importer(2089858483,0ecaa5967403d082aa24f35e1b516d23)
Start importing Assets/Textures/mcdonalds_mds_v2beta_texture_158.png using Guid(d67b9bc25aeb140498417b65f2ec0ca0) Importer(2089858483,0ecaa5967403d082aa24f35e1b516d23)  -> (artifact id: '92ae168ef7b36e5c6ead3326cc7a25c7') in 0.100470 seconds
Number of updated asset objects reloaded before import = 0
Number of asset objects unloaded after import = 1
========================================================================
Received Import Request.
  Time since last request: 0.000037 seconds.
  path: Assets/Textures/Materials/Dirt3.mat
  artifactKey: Guid(5046ec175f6d1df42b780e1af92da3cf) Importer(2089858483,0ecaa5967403d082aa24f35e1b516d23)
Start importing Assets/Textures/Materials/Dirt3.mat using Guid(5046ec175f6d1df42b780e1af92da3cf) Importer(2089858483,0ecaa5967403d082aa24f35e1b516d23)  -> (artifact id: '91dcc58c31610d807147731ee8067ef4') in 0.050127 seconds
Number of updated asset objects reloaded before import = 0
Number of asset objects unloaded after import = 2
========================================================================
Received Import Request.
  Time since last request: 0.000017 seconds.
  path: Assets/Textures/Panels/mcdonalds_mds_v2beta_texture_26.png
  artifactKey: Guid(e113170b1f80675499e0590fa51304d5) Importer(2089858483,0ecaa5967403d082aa24f35e1b516d23)
Start importing Assets/Textures/Panels/mcdonalds_mds_v2beta_texture_26.png using Guid(e113170b1f80675499e0590fa51304d5) Importer(2089858483,0ecaa5967403d082aa24f35e1b516d23)  -> (artifact id: 'cb1514d6ec11d20000ceb793b069c15a') in 0.058639 seconds
Number of updated asset objects reloaded before import = 0
Number of asset objects unloaded after import = 1
========================================================================
Received Import Request.
  Time since last request: 0.000029 seconds.
  path: Assets/Textures/Doors/mcdonalds_mds_v2beta_texture_123.png
  artifactKey: Guid(fdca30f1606b7e64db823914141281d3) Importer(2089858483,0ecaa5967403d082aa24f35e1b516d23)
Start importing Assets/Textures/Doors/mcdonalds_mds_v2beta_texture_123.png using Guid(fdca30f1606b7e64db823914141281d3) Importer(2089858483,0ecaa5967403d082aa24f35e1b516d23)  -> (artifact id: '5b5be6b701379f04280bac62ce04421c') in 0.155505 seconds
Number of updated asset objects reloaded before import = 0
Number of asset objects unloaded after import = 1
========================================================================
Received Import Request.
  Time since last request: 0.000041 seconds.
  path: Assets/Textures/BlackMaterials/New Material 6.mat
  artifactKey: Guid(2525b3bb29507bb41b1df71bd2726ad1) Importer(2089858483,0ecaa5967403d082aa24f35e1b516d23)
Start importing Assets/Textures/BlackMaterials/New Material 6.mat using Guid(2525b3bb29507bb41b1df71bd2726ad1) Importer(2089858483,0ecaa5967403d082aa24f35e1b516d23)  -> (artifact id: 'b951332e6524e93b9ac272a42a49b88a') in 0.032412 seconds
Number of updated asset objects reloaded before import = 0
Number of asset objects unloaded after import = 3
Editor requested this worker to shutdown with reason: Scaling down because of idle timeout
TcpMessagingSession - receive error
AssetImportWorkerClient::OnTransportError - code=2 error=End of file
AssetImportWorker is now disconnected from the server
Process exiting
Exiting without the bug reporter. Application will terminate with return code 0