Using pre-set license
Built from '2022.3/staging' branch; Version is '2022.3.7f1 (b16b3b16c7a0) revision 11627323'; Using compiler version '192829333'; Build Type 'Release'
OS: 'Windows 10  (10.0.19045) 64bit ProfessionalEducation' Language: 'ru' Physical Memory: 32668 MB
BatchMode: 1, IsHumanControllingUs: 0, StartBugReporterOnCrash: 0, Is64bit: 1, IsPro: 1

COMMAND LINE ARGUMENTS:
C:\Program Files\Unity\Hub\Editor\2022.3.7f1\Editor\Unity.exe
-adb2
-batchMode
-noUpm
-name
AssetImportWorker15
-projectPath
D:/Users/naumov.de1264/My project (1)
-logFile
Logs/AssetImportWorker15.log
-srvPort
61520
Successfully changed project path to: D:/Users/naumov.de1264/My project (1)
D:/Users/naumov.de1264/My project (1)
[UnityMemory] Configuration Parameters - Can be set up in boot.config
    "memorysetup-bucket-allocator-granularity=16"
    "memorysetup-bucket-allocator-bucket-count=8"
    "memorysetup-bucket-allocator-block-size=33554432"
    "memorysetup-bucket-allocator-block-count=8"
    "memorysetup-main-allocator-block-size=16777216"
    "memorysetup-thread-allocator-block-size=16777216"
    "memorysetup-gfx-main-allocator-block-size=16777216"
    "memorysetup-gfx-thread-allocator-block-size=16777216"
    "memorysetup-cache-allocator-block-size=4194304"
    "memorysetup-typetree-allocator-block-size=2097152"
    "memorysetup-profiler-bucket-allocator-granularity=16"
    "memorysetup-profiler-bucket-allocator-bucket-count=8"
    "memorysetup-profiler-bucket-allocator-block-size=33554432"
    "memorysetup-profiler-bucket-allocator-block-count=8"
    "memorysetup-profiler-allocator-block-size=16777216"
    "memorysetup-profiler-editor-allocator-block-size=1048576"
    "memorysetup-temp-allocator-size-main=16777216"
    "memorysetup-job-temp-allocator-block-size=2097152"
    "memorysetup-job-temp-allocator-block-size-background=1048576"
    "memorysetup-job-temp-allocator-reduction-small-platforms=262144"
    "memorysetup-allocator-temp-initial-block-size-main=262144"
    "memorysetup-allocator-temp-initial-block-size-worker=262144"
    "memorysetup-temp-allocator-size-background-worker=32768"
    "memorysetup-temp-allocator-size-job-worker=262144"
    "memorysetup-temp-allocator-size-preload-manager=33554432"
    "memorysetup-temp-allocator-size-nav-mesh-worker=65536"
    "memorysetup-temp-allocator-size-audio-worker=65536"
    "memorysetup-temp-allocator-size-cloud-worker=32768"
    "memorysetup-temp-allocator-size-gi-baking-worker=262144"
    "memorysetup-temp-allocator-size-gfx=262144"
Player connection [9668] Host "[IP] 192.168.149.60 [Port] 0 [Flags] 2 [Guid] 50680918 [EditorId] 50680918 [Version] 1048832 [Id] WindowsEditor(7,Com409-R5) [Debug] 1 [PackageName] WindowsEditor [ProjectName] Editor" joined multi-casting on [225.0.0.222:54997]...

Player connection [9668] Host "[IP] 192.168.149.60 [Port] 0 [Flags] 2 [Guid] 50680918 [EditorId] 50680918 [Version] 1048832 [Id] WindowsEditor(7,Com409-R5) [Debug] 1 [PackageName] WindowsEditor [ProjectName] Editor" joined alternative multi-casting on [225.0.0.222:34997]...

Refreshing native plugins compatible for Editor in 4.82 ms, found 3 plugins.
Preloading 0 native plugins for Editor in 0.00 ms.
Initialize engine version: 2022.3.7f1 (b16b3b16c7a0)
[Subsystems] Discovering subsystems at path C:/Program Files/Unity/Hub/Editor/2022.3.7f1/Editor/Data/Resources/UnitySubsystems
[Subsystems] Discovering subsystems at path D:/Users/naumov.de1264/My project (1)/Assets
GfxDevice: creating device client; threaded=0; jobified=0
Direct3D:
    Version:  Direct3D 11.0 [level 11.1]
    Renderer: NVIDIA GeForce RTX 3070 Ti (ID=0x2482)
    Vendor:   NVIDIA
    VRAM:     8031 MB
    Driver:   31.0.15.3623
Initialize mono
Mono path[0] = 'C:/Program Files/Unity/Hub/Editor/2022.3.7f1/Editor/Data/Managed'
Mono path[1] = 'C:/Program Files/Unity/Hub/Editor/2022.3.7f1/Editor/Data/MonoBleedingEdge/lib/mono/unityjit-win32'
Mono config path = 'C:/Program Files/Unity/Hub/Editor/2022.3.7f1/Editor/Data/MonoBleedingEdge/etc'
Using monoOptions --debugger-agent=transport=dt_socket,embedding=1,server=y,suspend=n,address=127.0.0.1:56656
Begin MonoManager ReloadAssembly
Registering precompiled unity dll's ...
Register platform support module: C:/Program Files/Unity/Hub/Editor/2022.3.7f1/Editor/Data/PlaybackEngines/WebGLSupport/UnityEditor.WebGL.Extensions.dll
Register platform support module: C:/Program Files/Unity/Hub/Editor/2022.3.7f1/Editor/Data/PlaybackEngines/WindowsStandaloneSupport/UnityEditor.WindowsStandalone.Extensions.dll
Registered in 0.005326 seconds.
- Loaded All Assemblies, in  0.274 seconds
Native extension for WindowsStandalone target not found
Native extension for WebGL target not found
Mono: successfully reloaded assembly
- Finished resetting the current domain, in  0.209 seconds
Domain Reload Profiling: 483ms
	BeginReloadAssembly (78ms)
		ExecutionOrderSort (0ms)
		DisableScriptedObjects (0ms)
		BackupInstance (0ms)
		ReleaseScriptingObjects (0ms)
		CreateAndSetChildDomain (1ms)
	RebuildCommonClasses (29ms)
	RebuildNativeTypeToScriptingClass (10ms)
	initialDomainReloadingComplete (44ms)
	LoadAllAssembliesAndSetupDomain (112ms)
		LoadAssemblies (77ms)
		RebuildTransferFunctionScriptingTraits (0ms)
		AnalyzeDomain (111ms)
			TypeCache.Refresh (110ms)
				TypeCache.ScanAssembly (99ms)
			ScanForSourceGeneratedMonoScriptInfo (0ms)
			ResolveRequiredComponents (0ms)
	FinalizeReload (209ms)
		ReleaseScriptCaches (0ms)
		RebuildScriptCaches (0ms)
		SetupLoadedEditorAssemblies (155ms)
			LogAssemblyErrors (0ms)
			InitializePlatformSupportModulesInManaged (8ms)
			SetLoadedEditorAssemblies (5ms)
			RefreshPlugins (0ms)
			BeforeProcessingInitializeOnLoad (2ms)
			ProcessInitializeOnLoadAttributes (103ms)
			ProcessInitializeOnLoadMethodAttributes (37ms)
			AfterProcessingInitializeOnLoad (0ms)
			EditorAssembliesLoaded (0ms)
		ExecutionOrderSort2 (0ms)
		AwakeInstancesAfterBackupRestoration (0ms)
========================================================================
Worker process is ready to serve import requests
Begin MonoManager ReloadAssembly
Symbol file LoadedFromMemory doesn't match image D:\Users\naumov.de1264\My project (1)\Library\PackageCache\com.unity.visualscripting@1.8.0\Editor\VisualScripting.Core\Dependencies\YamlDotNet\Unity.VisualScripting.YamlDotNet.dll
Symbol file LoadedFromMemory doesn't match image D:\Users\naumov.de1264\My project (1)\Library\PackageCache\com.unity.visualscripting@1.8.0\Editor\VisualScripting.Core\Dependencies\DotNetZip\Unity.VisualScripting.IonicZip.dll
- Loaded All Assemblies, in  0.470 seconds
Refreshing native plugins compatible for Editor in 2.06 ms, found 3 plugins.
Native extension for WindowsStandalone target not found
Native extension for WebGL target not found
Mono: successfully reloaded assembly
- Finished resetting the current domain, in  0.395 seconds
Domain Reload Profiling: 864ms
	BeginReloadAssembly (119ms)
		ExecutionOrderSort (0ms)
		DisableScriptedObjects (5ms)
		BackupInstance (0ms)
		ReleaseScriptingObjects (0ms)
		CreateAndSetChildDomain (17ms)
	RebuildCommonClasses (26ms)
	RebuildNativeTypeToScriptingClass (9ms)
	initialDomainReloadingComplete (32ms)
	LoadAllAssembliesAndSetupDomain (283ms)
		LoadAssemblies (212ms)
		RebuildTransferFunctionScriptingTraits (0ms)
		AnalyzeDomain (136ms)
			TypeCache.Refresh (120ms)
				TypeCache.ScanAssembly (109ms)
			ScanForSourceGeneratedMonoScriptInfo (11ms)
			ResolveRequiredComponents (3ms)
	FinalizeReload (396ms)
		ReleaseScriptCaches (0ms)
		RebuildScriptCaches (0ms)
		SetupLoadedEditorAssemblies (277ms)
			LogAssemblyErrors (0ms)
			InitializePlatformSupportModulesInManaged (5ms)
			SetLoadedEditorAssemblies (3ms)
			RefreshPlugins (0ms)
			BeforeProcessingInitializeOnLoad (50ms)
			ProcessInitializeOnLoadAttributes (200ms)
			ProcessInitializeOnLoadMethodAttributes (15ms)
			AfterProcessingInitializeOnLoad (4ms)
			EditorAssembliesLoaded (0ms)
		ExecutionOrderSort2 (0ms)
		AwakeInstancesAfterBackupRestoration (5ms)
Launched and connected shader compiler UnityShaderCompiler.exe after 0.02 seconds
Refreshing native plugins compatible for Editor in 2.13 ms, found 3 plugins.
Preloading 0 native plugins for Editor in 0.00 ms.
Unloading 3066 Unused Serialized files (Serialized files now loaded: 0)
Unloading 31 unused Assets / (56.4 KB). Loaded Objects now: 3528.
Memory consumption went from 114.3 MB to 114.3 MB.
Total: 2.971100 ms (FindLiveObjects: 0.233300 ms CreateObjectMapping: 0.201200 ms MarkObjects: 2.466600 ms  DeleteObjects: 0.069000 ms)

AssetImportParameters requested are different than current active one (requested -> active):
  custom:container-demuxer-ogg: 62fdf1f143b41e24485cea50d1cbac27 -> 
  custom:video-decoder-ogg-theora: a1e56fd34408186e4bbccfd4996cb3dc -> 
  custom:framework-win-MediaFoundation: 216162199b28c13a410421893ffa2e32 -> 
  custom:CustomObjectIndexerAttribute: 756ad292c208cfabdd7b50bc23989ffe -> 
  custom:container-demuxer-webm: 4f35f7cbe854078d1ac9338744f61a02 -> 
  custom:container-muxer-webm: aa71ff27fc2769a1b78a27578f13a17b -> 
  custom:video-decoder-webm-vp8: 9c59270c3fd7afecdb556c50c9e8de78 -> 
  custom:SearchIndexIgnoredProperties: e643bd26f0fe6173181afceb89e7c659 -> 
  custom:AudioImporter_EditorPlatform: d09bf68614088b80899f8185d706f6e7 -> 
  custom:video-encoder-webm-vp8: eb34c28f22e8b96e1ab97ce403110664 -> 
  custom:audio-decoder-ogg-vorbis: bf7c407c2cedff20999df2af8eb42d56 -> 
  custom:audio-encoder-webm-vorbis: bf7c407c2cedff20999df2af8eb42d56 -> 
========================================================================
Received Import Request.
  Time since last request: 170464.343273 seconds.
  path: Assets/Textures/Kitchen
  artifactKey: Guid(9f784f20a7f524342909d50f537e72b0) Importer(815301076,1909f56bfc062723c751e8b465ee728b)
Start importing Assets/Textures/Kitchen using Guid(9f784f20a7f524342909d50f537e72b0) Importer(815301076,1909f56bfc062723c751e8b465ee728b)  -> (artifact id: 'f81fe26fb4e9f770d9a1667b4d508969') in 0.002747 seconds
Number of updated asset objects reloaded before import = 0
Number of asset objects unloaded after import = 0
========================================================================
Received Import Request.
  Time since last request: 61.002833 seconds.
  path: Assets/Textures/Kitchen/New Folder
  artifactKey: Guid(27433780ddc6d7c438cc315fb5840dc4) Importer(815301076,1909f56bfc062723c751e8b465ee728b)
Start importing Assets/Textures/Kitchen/New Folder using Guid(27433780ddc6d7c438cc315fb5840dc4) Importer(815301076,1909f56bfc062723c751e8b465ee728b)  -> (artifact id: '461518f917be4c4b1b2b24843a7ff3e4') in 0.000536 seconds
Number of updated asset objects reloaded before import = 0
Number of asset objects unloaded after import = 0
========================================================================
Received Import Request.
  Time since last request: 5.375460 seconds.
  path: Assets/Textures/Kitchen/New Material.mat
  artifactKey: Guid(e4240b282ad0857489ecac025958e6cf) Importer(815301076,1909f56bfc062723c751e8b465ee728b)
Start importing Assets/Textures/Kitchen/New Material.mat using Guid(e4240b282ad0857489ecac025958e6cf) Importer(815301076,1909f56bfc062723c751e8b465ee728b)  -> (artifact id: 'c769714089e498da552cdef8d14b8437') in 0.102925 seconds
Number of updated asset objects reloaded before import = 0
Number of asset objects unloaded after import = 1
========================================================================
Received Import Request.
  Time since last request: 2.027853 seconds.
  path: Assets/Textures/Kitchen/New Material 1.mat
  artifactKey: Guid(4adace1711de97c4e8e0f454e1f545a5) Importer(815301076,1909f56bfc062723c751e8b465ee728b)
Start importing Assets/Textures/Kitchen/New Material 1.mat using Guid(4adace1711de97c4e8e0f454e1f545a5) Importer(815301076,1909f56bfc062723c751e8b465ee728b)  -> (artifact id: '80de19ef5941271f57ff2ed1261d4595') in 0.004341 seconds
Number of updated asset objects reloaded before import = 0
Number of asset objects unloaded after import = 1
========================================================================
Received Import Request.
  Time since last request: 0.216952 seconds.
  path: Assets/Textures/Kitchen/New Material 2.mat
  artifactKey: Guid(2d7108a0f3beca144b4d3744252eb8c9) Importer(815301076,1909f56bfc062723c751e8b465ee728b)
Start importing Assets/Textures/Kitchen/New Material 2.mat using Guid(2d7108a0f3beca144b4d3744252eb8c9) Importer(815301076,1909f56bfc062723c751e8b465ee728b)  -> (artifact id: '16f8759f4490ce31605ac9be96654f08') in 0.004350 seconds
Number of updated asset objects reloaded before import = 0
Number of asset objects unloaded after import = 1
========================================================================
Received Import Request.
  Time since last request: 0.149642 seconds.
  path: Assets/Textures/Kitchen/New Material 3.mat
  artifactKey: Guid(6cea7deb5be6cdf46b71cde90aaebc42) Importer(815301076,1909f56bfc062723c751e8b465ee728b)
Start importing Assets/Textures/Kitchen/New Material 3.mat using Guid(6cea7deb5be6cdf46b71cde90aaebc42) Importer(815301076,1909f56bfc062723c751e8b465ee728b)  -> (artifact id: 'ab89cf4454e10ff71cfd91f8a861730c') in 0.004374 seconds
Number of updated asset objects reloaded before import = 0
Number of asset objects unloaded after import = 1
========================================================================
Received Import Request.
  Time since last request: 0.169330 seconds.
  path: Assets/Textures/Kitchen/New Material 4.mat
  artifactKey: Guid(e82d1d7d34bf87a46a629e75a3666972) Importer(815301076,1909f56bfc062723c751e8b465ee728b)
Start importing Assets/Textures/Kitchen/New Material 4.mat using Guid(e82d1d7d34bf87a46a629e75a3666972) Importer(815301076,1909f56bfc062723c751e8b465ee728b)  -> (artifact id: '02d53966cb9434f587e83d04e404c514') in 0.004340 seconds
Number of updated asset objects reloaded before import = 0
Number of asset objects unloaded after import = 1
========================================================================
Received Import Request.
  Time since last request: 0.169609 seconds.
  path: Assets/Textures/Kitchen/New Material 5.mat
  artifactKey: Guid(c82577639c497ab40a6f203a5903fe6e) Importer(815301076,1909f56bfc062723c751e8b465ee728b)
Start importing Assets/Textures/Kitchen/New Material 5.mat using Guid(c82577639c497ab40a6f203a5903fe6e) Importer(815301076,1909f56bfc062723c751e8b465ee728b)  -> (artifact id: '94b3590d2359a4237c6ab2a16f17964d') in 0.004444 seconds
Number of updated asset objects reloaded before import = 0
Number of asset objects unloaded after import = 1
========================================================================
Received Import Request.
  Time since last request: 0.165505 seconds.
  path: Assets/Textures/Kitchen/New Material 6.mat
  artifactKey: Guid(7d24f34e85813a54eb8bbbb8119e2603) Importer(815301076,1909f56bfc062723c751e8b465ee728b)
Start importing Assets/Textures/Kitchen/New Material 6.mat using Guid(7d24f34e85813a54eb8bbbb8119e2603) Importer(815301076,1909f56bfc062723c751e8b465ee728b)  -> (artifact id: 'bdaf8f945fcd8c515fa5f52ac0cbd50a') in 0.004484 seconds
Number of updated asset objects reloaded before import = 0
Number of asset objects unloaded after import = 1
========================================================================
Received Import Request.
  Time since last request: 0.226038 seconds.
  path: Assets/Textures/Kitchen/New Material 7.mat
  artifactKey: Guid(1f5ad5e220f4daa42af9930e838cc7de) Importer(815301076,1909f56bfc062723c751e8b465ee728b)
Start importing Assets/Textures/Kitchen/New Material 7.mat using Guid(1f5ad5e220f4daa42af9930e838cc7de) Importer(815301076,1909f56bfc062723c751e8b465ee728b)  -> (artifact id: 'e3b228afc581f8d9fb727f31c8c60656') in 0.004470 seconds
Number of updated asset objects reloaded before import = 0
Number of asset objects unloaded after import = 1
========================================================================
Received Import Request.
  Time since last request: 0.163992 seconds.
  path: Assets/Textures/Kitchen/New Material 8.mat
  artifactKey: Guid(5706266803435454bb655672b5a53106) Importer(815301076,1909f56bfc062723c751e8b465ee728b)
Start importing Assets/Textures/Kitchen/New Material 8.mat using Guid(5706266803435454bb655672b5a53106) Importer(815301076,1909f56bfc062723c751e8b465ee728b)  -> (artifact id: '7b484eeccf68b4dcd03faa77fee0f9ea') in 0.005032 seconds
Number of updated asset objects reloaded before import = 0
Number of asset objects unloaded after import = 1
========================================================================
Received Import Request.
  Time since last request: 0.162064 seconds.
  path: Assets/Textures/Kitchen/New Material 9.mat
  artifactKey: Guid(9f9f2fc3fade6554aaa56408425c6eab) Importer(815301076,1909f56bfc062723c751e8b465ee728b)
Start importing Assets/Textures/Kitchen/New Material 9.mat using Guid(9f9f2fc3fade6554aaa56408425c6eab) Importer(815301076,1909f56bfc062723c751e8b465ee728b)  -> (artifact id: '00b71914368aa7aee86397df0e43d001') in 0.004696 seconds
Number of updated asset objects reloaded before import = 0
Number of asset objects unloaded after import = 1
========================================================================
Received Import Request.
  Time since last request: 126.555091 seconds.
  path: Assets/Textures/mcdonalds_mds_v2beta_texture_105 2.png
  artifactKey: Guid(9bd18c0acf764774ca11d640b96364f6) Importer(815301076,1909f56bfc062723c751e8b465ee728b)
Start importing Assets/Textures/mcdonalds_mds_v2beta_texture_105 2.png using Guid(9bd18c0acf764774ca11d640b96364f6) Importer(815301076,1909f56bfc062723c751e8b465ee728b)  -> (artifact id: '9e74aa32e96ac9c905b4129ad6726a9b') in 0.014474 seconds
Number of updated asset objects reloaded before import = 0
Number of asset objects unloaded after import = 2
========================================================================
Received Import Request.
  Time since last request: 0.000039 seconds.
  path: Assets/Textures/mcdonalds_mds_v2beta_texture_107 3.png
  artifactKey: Guid(58152d91f9d430c4ebab0880ebbf7e28) Importer(815301076,1909f56bfc062723c751e8b465ee728b)
Start importing Assets/Textures/mcdonalds_mds_v2beta_texture_107 3.png using Guid(58152d91f9d430c4ebab0880ebbf7e28) Importer(815301076,1909f56bfc062723c751e8b465ee728b)  -> (artifact id: '0735cc7af538ca2789b2817dfcb30c7d') in 0.009650 seconds
Number of updated asset objects reloaded before import = 0
Number of asset objects unloaded after import = 2
========================================================================
Received Import Request.
  Time since last request: 96.299634 seconds.
  path: Assets/Textures/Plak/New Material 10.mat
  artifactKey: Guid(1d7857e719cb07440880a5eb211c0d43) Importer(815301076,1909f56bfc062723c751e8b465ee728b)
Start importing Assets/Textures/Plak/New Material 10.mat using Guid(1d7857e719cb07440880a5eb211c0d43) Importer(815301076,1909f56bfc062723c751e8b465ee728b)  -> (artifact id: '0c2ecae7e5c4bc63f4350936797a67fa') in 0.010904 seconds
Number of updated asset objects reloaded before import = 0
Number of asset objects unloaded after import = 2
========================================================================
Received Import Request.
  Time since last request: 16.514647 seconds.
  path: Assets/Textures/Panels/Panel 10.mat
  artifactKey: Guid(0eed9a874f3baa541b26078b5f8b053d) Importer(815301076,1909f56bfc062723c751e8b465ee728b)
Start importing Assets/Textures/Panels/Panel 10.mat using Guid(0eed9a874f3baa541b26078b5f8b053d) Importer(815301076,1909f56bfc062723c751e8b465ee728b)  -> (artifact id: '930d3fe43df8a2dd7df4ef55e4c54040') in 0.005753 seconds
Number of updated asset objects reloaded before import = 0
Number of asset objects unloaded after import = 2
========================================================================
Received Import Request.
  Time since last request: 0.000121 seconds.
  path: Assets/Textures/Panels/Panel 12.mat
  artifactKey: Guid(85cc6c70b3796ef4cba709902f429de1) Importer(815301076,1909f56bfc062723c751e8b465ee728b)
Start importing Assets/Textures/Panels/Panel 12.mat using Guid(85cc6c70b3796ef4cba709902f429de1) Importer(815301076,1909f56bfc062723c751e8b465ee728b)  -> (artifact id: 'f6b812901f293429fa75b229defeef7f') in 0.016791 seconds
Number of updated asset objects reloaded before import = 0
Number of asset objects unloaded after import = 2
========================================================================
Received Import Request.
  Time since last request: 82.281033 seconds.
  path: Assets/Textures/Toilet/New Material.mat
  artifactKey: Guid(6d790a4feae5bb4439faec3efe2eb34f) Importer(815301076,1909f56bfc062723c751e8b465ee728b)
Start importing Assets/Textures/Toilet/New Material.mat using Guid(6d790a4feae5bb4439faec3efe2eb34f) Importer(815301076,1909f56bfc062723c751e8b465ee728b)  -> (artifact id: '881329cad2754cd22b50118773b70dc0') in 0.006023 seconds
Number of updated asset objects reloaded before import = 0
Number of asset objects unloaded after import = 2
========================================================================
Received Import Request.
  Time since last request: 0.000012 seconds.
  path: Assets/Textures/Toilet/New Material 2.mat
  artifactKey: Guid(b99f66063ff3df84dad4477f8d48afda) Importer(815301076,1909f56bfc062723c751e8b465ee728b)
Start importing Assets/Textures/Toilet/New Material 2.mat using Guid(b99f66063ff3df84dad4477f8d48afda) Importer(815301076,1909f56bfc062723c751e8b465ee728b)  -> (artifact id: 'd8d1bc76b077e681b7f32308b8718c14') in 0.006569 seconds
Number of updated asset objects reloaded before import = 0
Number of asset objects unloaded after import = 2
========================================================================
Received Import Request.
  Time since last request: 114.882969 seconds.
  path: Assets/Textures/Doors/Door1 4.mat
  artifactKey: Guid(cc6020b09506b9a4e933a16a0271f915) Importer(815301076,1909f56bfc062723c751e8b465ee728b)
Start importing Assets/Textures/Doors/Door1 4.mat using Guid(cc6020b09506b9a4e933a16a0271f915) Importer(815301076,1909f56bfc062723c751e8b465ee728b)  -> (artifact id: '82e87c9b648d2f59829d33234939a9e8') in 0.010220 seconds
Number of updated asset objects reloaded before import = 0
Number of asset objects unloaded after import = 6
========================================================================
Received Import Request.
  Time since last request: 66.304134 seconds.
  path: Assets/Textures/Materials/SomeMaterial 1.mat
  artifactKey: Guid(8fd01f9b263172646bdd86a95b62827b) Importer(815301076,1909f56bfc062723c751e8b465ee728b)
Start importing Assets/Textures/Materials/SomeMaterial 1.mat using Guid(8fd01f9b263172646bdd86a95b62827b) Importer(815301076,1909f56bfc062723c751e8b465ee728b)  -> (artifact id: '8ba428e69a4238febf02e02c0d8601e0') in 0.005681 seconds
Number of updated asset objects reloaded before import = 0
Number of asset objects unloaded after import = 2
========================================================================
Received Import Request.
  Time since last request: 29.876629 seconds.
  path: Assets/Textures/Materials/SomeMaterial 1.mat
  artifactKey: Guid(8fd01f9b263172646bdd86a95b62827b) Importer(815301076,1909f56bfc062723c751e8b465ee728b)
Start importing Assets/Textures/Materials/SomeMaterial 1.mat using Guid(8fd01f9b263172646bdd86a95b62827b) Importer(815301076,1909f56bfc062723c751e8b465ee728b)  -> (artifact id: '8b327bfd37d2e98f220062d08dbe4fa0') in 0.007076 seconds
Number of updated asset objects reloaded before import = 0
Number of asset objects unloaded after import = 2
========================================================================
Received Import Request.
  Time since last request: 23.042286 seconds.
  path: Assets/Textures/Materials/SomeMaterial 2.mat
  artifactKey: Guid(1d66cee15289fab4abaaeecdd49399ec) Importer(815301076,1909f56bfc062723c751e8b465ee728b)
Start importing Assets/Textures/Materials/SomeMaterial 2.mat using Guid(1d66cee15289fab4abaaeecdd49399ec) Importer(815301076,1909f56bfc062723c751e8b465ee728b)  -> (artifact id: '6e274b28a9db114f624ee44658e6a6a1') in 0.006250 seconds
Number of updated asset objects reloaded before import = 0
Number of asset objects unloaded after import = 2
========================================================================
Received Import Request.
  Time since last request: 32.515696 seconds.
  path: Assets/Textures/Materials/SomeMaterial 3.mat
  artifactKey: Guid(7978c4ff0a17259459243a236d5809d5) Importer(815301076,1909f56bfc062723c751e8b465ee728b)
Start importing Assets/Textures/Materials/SomeMaterial 3.mat using Guid(7978c4ff0a17259459243a236d5809d5) Importer(815301076,1909f56bfc062723c751e8b465ee728b)  -> (artifact id: '534342bebf4b457510e4bad7e52c478d') in 0.024108 seconds
Number of updated asset objects reloaded before import = 0
Number of asset objects unloaded after import = 2
========================================================================
Received Import Request.
  Time since last request: 324.986576 seconds.
  path: Assets/Textures/BlackMaterials
  artifactKey: Guid(af8daba384aa77d418ea04dc8edb5d9b) Importer(815301076,1909f56bfc062723c751e8b465ee728b)
Start importing Assets/Textures/BlackMaterials using Guid(af8daba384aa77d418ea04dc8edb5d9b) Importer(815301076,1909f56bfc062723c751e8b465ee728b)  -> (artifact id: '59518ea7f3f88af20e430f9de2cc4167') in 0.000749 seconds
Number of updated asset objects reloaded before import = 0
Number of asset objects unloaded after import = 0
========================================================================
Received Import Request.
  Time since last request: 54.540706 seconds.
  path: Assets/Textures/BlackMaterials/New Material.mat
  artifactKey: Guid(26c326b9478432e4b9cfd3083695bd53) Importer(815301076,1909f56bfc062723c751e8b465ee728b)
Start importing Assets/Textures/BlackMaterials/New Material.mat using Guid(26c326b9478432e4b9cfd3083695bd53) Importer(815301076,1909f56bfc062723c751e8b465ee728b)  -> (artifact id: 'b33c8f5bd3128c2ccebc12e2cd3b6e28') in 0.006218 seconds
Number of updated asset objects reloaded before import = 0
Number of asset objects unloaded after import = 1
========================================================================
Received Import Request.
  Time since last request: 2.120875 seconds.
  path: Assets/Textures/BlackMaterials/New Material 1.mat
  artifactKey: Guid(9a8c925b0afea5e448d559daf7b68c07) Importer(815301076,1909f56bfc062723c751e8b465ee728b)
Start importing Assets/Textures/BlackMaterials/New Material 1.mat using Guid(9a8c925b0afea5e448d559daf7b68c07) Importer(815301076,1909f56bfc062723c751e8b465ee728b)  -> (artifact id: '6712b571247227efb04225112d1d2cea') in 0.005025 seconds
Number of updated asset objects reloaded before import = 0
Number of asset objects unloaded after import = 1
========================================================================
Received Import Request.
  Time since last request: 0.160702 seconds.
  path: Assets/Textures/BlackMaterials/New Material 2.mat
  artifactKey: Guid(08f8e636877701d449be71115a70b48f) Importer(815301076,1909f56bfc062723c751e8b465ee728b)
Start importing Assets/Textures/BlackMaterials/New Material 2.mat using Guid(08f8e636877701d449be71115a70b48f) Importer(815301076,1909f56bfc062723c751e8b465ee728b)  -> (artifact id: 'e552521831eaf7f17e279bafbe4c7ca6') in 0.005383 seconds
Number of updated asset objects reloaded before import = 0
Number of asset objects unloaded after import = 1
========================================================================
Received Import Request.
  Time since last request: 0.140807 seconds.
  path: Assets/Textures/BlackMaterials/New Material 3.mat
  artifactKey: Guid(7e7589cbb499b51489d849af07303463) Importer(815301076,1909f56bfc062723c751e8b465ee728b)
Start importing Assets/Textures/BlackMaterials/New Material 3.mat using Guid(7e7589cbb499b51489d849af07303463) Importer(815301076,1909f56bfc062723c751e8b465ee728b)  -> (artifact id: '17b2bffadd0e1e7247066ea026121f21') in 0.004442 seconds
Number of updated asset objects reloaded before import = 0
Number of asset objects unloaded after import = 1
========================================================================
Received Import Request.
  Time since last request: 0.171676 seconds.
  path: Assets/Textures/BlackMaterials/New Material 4.mat
  artifactKey: Guid(1767ab555c55dae45896620f43dff13a) Importer(815301076,1909f56bfc062723c751e8b465ee728b)
Start importing Assets/Textures/BlackMaterials/New Material 4.mat using Guid(1767ab555c55dae45896620f43dff13a) Importer(815301076,1909f56bfc062723c751e8b465ee728b)  -> (artifact id: '569e57f8385c327d616302b89196e2a4') in 0.004652 seconds
Number of updated asset objects reloaded before import = 0
Number of asset objects unloaded after import = 1
========================================================================
Received Import Request.
  Time since last request: 0.303074 seconds.
  path: Assets/Textures/BlackMaterials/New Material 5.mat
  artifactKey: Guid(7969e8a9f8b4b2540a53694e905716d3) Importer(815301076,1909f56bfc062723c751e8b465ee728b)
Start importing Assets/Textures/BlackMaterials/New Material 5.mat using Guid(7969e8a9f8b4b2540a53694e905716d3) Importer(815301076,1909f56bfc062723c751e8b465ee728b)  -> (artifact id: 'ee761c2a7c200bb693f4f7da357d69bc') in 0.004554 seconds
Number of updated asset objects reloaded before import = 0
Number of asset objects unloaded after import = 1
========================================================================
Received Import Request.
  Time since last request: 0.150109 seconds.
  path: Assets/Textures/BlackMaterials/New Material 6.mat
  artifactKey: Guid(2525b3bb29507bb41b1df71bd2726ad1) Importer(815301076,1909f56bfc062723c751e8b465ee728b)
Start importing Assets/Textures/BlackMaterials/New Material 6.mat using Guid(2525b3bb29507bb41b1df71bd2726ad1) Importer(815301076,1909f56bfc062723c751e8b465ee728b)  -> (artifact id: '14f79b6fecaa99b17a89f61e699cc8b1') in 0.004281 seconds
Number of updated asset objects reloaded before import = 0
Number of asset objects unloaded after import = 1
========================================================================
Received Import Request.
  Time since last request: 0.133579 seconds.
  path: Assets/Textures/BlackMaterials/New Material 7.mat
  artifactKey: Guid(f8adf661e6099d347b133d1171ad4290) Importer(815301076,1909f56bfc062723c751e8b465ee728b)
Start importing Assets/Textures/BlackMaterials/New Material 7.mat using Guid(f8adf661e6099d347b133d1171ad4290) Importer(815301076,1909f56bfc062723c751e8b465ee728b)  -> (artifact id: 'daa6735be217cebdde3f49913402d516') in 0.004379 seconds
Number of updated asset objects reloaded before import = 0
Number of asset objects unloaded after import = 1
========================================================================
Received Import Request.
  Time since last request: 0.160355 seconds.
  path: Assets/Textures/BlackMaterials/New Material 8.mat
  artifactKey: Guid(1803582ad3983924b81b96d1f5efefd8) Importer(815301076,1909f56bfc062723c751e8b465ee728b)
Start importing Assets/Textures/BlackMaterials/New Material 8.mat using Guid(1803582ad3983924b81b96d1f5efefd8) Importer(815301076,1909f56bfc062723c751e8b465ee728b)  -> (artifact id: 'f298b5f674e53b7b60c29c074b69c99d') in 0.004450 seconds
Number of updated asset objects reloaded before import = 0
Number of asset objects unloaded after import = 1
========================================================================
Received Import Request.
  Time since last request: 0.168216 seconds.
  path: Assets/Textures/BlackMaterials/New Material 9.mat
  artifactKey: Guid(8ddb27cb8367af6418e7d98964b34555) Importer(815301076,1909f56bfc062723c751e8b465ee728b)
Start importing Assets/Textures/BlackMaterials/New Material 9.mat using Guid(8ddb27cb8367af6418e7d98964b34555) Importer(815301076,1909f56bfc062723c751e8b465ee728b)  -> (artifact id: '549723dffe9667bd948bd1fe3dad46a7') in 0.004388 seconds
Number of updated asset objects reloaded before import = 0
Number of asset objects unloaded after import = 1
========================================================================
Received Import Request.
  Time since last request: 37.390370 seconds.
  path: Assets/Textures/BlackMaterials/New Material.mat
  artifactKey: Guid(26c326b9478432e4b9cfd3083695bd53) Importer(815301076,1909f56bfc062723c751e8b465ee728b)
Start importing Assets/Textures/BlackMaterials/New Material.mat using Guid(26c326b9478432e4b9cfd3083695bd53) Importer(815301076,1909f56bfc062723c751e8b465ee728b)  -> (artifact id: 'dba6d823e9a60e172bf061735ca7126c') in 0.005844 seconds
Number of updated asset objects reloaded before import = 0
Number of asset objects unloaded after import = 2
========================================================================
Received Import Request.
  Time since last request: 0.002318 seconds.
  path: Assets/Textures/BlackMaterials/New Material 5.mat
  artifactKey: Guid(7969e8a9f8b4b2540a53694e905716d3) Importer(815301076,1909f56bfc062723c751e8b465ee728b)
Start importing Assets/Textures/BlackMaterials/New Material 5.mat using Guid(7969e8a9f8b4b2540a53694e905716d3) Importer(815301076,1909f56bfc062723c751e8b465ee728b)  -> (artifact id: '05c22128a723f268ebba65cf756d00ff') in 0.006540 seconds
Number of updated asset objects reloaded before import = 0
Number of asset objects unloaded after import = 2
========================================================================
Received Import Request.
  Time since last request: 0.000018 seconds.
  path: Assets/Textures/BlackMaterials/New Material 7.mat
  artifactKey: Guid(f8adf661e6099d347b133d1171ad4290) Importer(815301076,1909f56bfc062723c751e8b465ee728b)
Start importing Assets/Textures/BlackMaterials/New Material 7.mat using Guid(f8adf661e6099d347b133d1171ad4290) Importer(815301076,1909f56bfc062723c751e8b465ee728b)  -> (artifact id: 'c38e94513c5017810b0a91fedc4572dd') in 0.005370 seconds
Number of updated asset objects reloaded before import = 0
Number of asset objects unloaded after import = 2
========================================================================
Received Import Request.
  Time since last request: 0.000012 seconds.
  path: Assets/Textures/BlackMaterials/New Material 10.mat
  artifactKey: Guid(d18c72200047008419b2bfbde3e58b89) Importer(815301076,1909f56bfc062723c751e8b465ee728b)
Start importing Assets/Textures/BlackMaterials/New Material 10.mat using Guid(d18c72200047008419b2bfbde3e58b89) Importer(815301076,1909f56bfc062723c751e8b465ee728b)  -> (artifact id: '38b0bcdb0ecdafbba34dd5108b966cbf') in 0.005456 seconds
Number of updated asset objects reloaded before import = 0
Number of asset objects unloaded after import = 1
========================================================================
Received Import Request.
  Time since last request: 0.000016 seconds.
  path: Assets/Textures/BlackMaterials/New Material 6.mat
  artifactKey: Guid(2525b3bb29507bb41b1df71bd2726ad1) Importer(815301076,1909f56bfc062723c751e8b465ee728b)
Start importing Assets/Textures/BlackMaterials/New Material 6.mat using Guid(2525b3bb29507bb41b1df71bd2726ad1) Importer(815301076,1909f56bfc062723c751e8b465ee728b)  -> (artifact id: '666d460e4c50afe2f64c61c9a4f68fee') in 0.004720 seconds
Number of updated asset objects reloaded before import = 0
Number of asset objects unloaded after import = 2
========================================================================
Received Import Request.
  Time since last request: 0.117475 seconds.
  path: Assets/Textures/BlackMaterials/New Material 11.mat
  artifactKey: Guid(9e225ccee0b94074a8b897ce76b506ee) Importer(815301076,1909f56bfc062723c751e8b465ee728b)
Start importing Assets/Textures/BlackMaterials/New Material 11.mat using Guid(9e225ccee0b94074a8b897ce76b506ee) Importer(815301076,1909f56bfc062723c751e8b465ee728b)  -> (artifact id: 'f7fcbb40f93077b9cfcd25cb49e0ad5e') in 0.004422 seconds
Number of updated asset objects reloaded before import = 0
Number of asset objects unloaded after import = 1
========================================================================
Received Import Request.
  Time since last request: 0.144836 seconds.
  path: Assets/Textures/BlackMaterials/New Material 12.mat
  artifactKey: Guid(c2c96275c79569842870a556495d67a1) Importer(815301076,1909f56bfc062723c751e8b465ee728b)
Start importing Assets/Textures/BlackMaterials/New Material 12.mat using Guid(c2c96275c79569842870a556495d67a1) Importer(815301076,1909f56bfc062723c751e8b465ee728b)  -> (artifact id: 'ce28b958421fa61570b5900b1947c50e') in 0.004303 seconds
Number of updated asset objects reloaded before import = 0
Number of asset objects unloaded after import = 1
========================================================================
Received Import Request.
  Time since last request: 0.159629 seconds.
  path: Assets/Textures/BlackMaterials/New Material 13.mat
  artifactKey: Guid(2caa865760a10b34a97f3ecfb5c111f3) Importer(815301076,1909f56bfc062723c751e8b465ee728b)
Start importing Assets/Textures/BlackMaterials/New Material 13.mat using Guid(2caa865760a10b34a97f3ecfb5c111f3) Importer(815301076,1909f56bfc062723c751e8b465ee728b)  -> (artifact id: '391e609a1015ae31534ae68c0eadd2a9') in 0.004249 seconds
Number of updated asset objects reloaded before import = 0
Number of asset objects unloaded after import = 1
========================================================================
Received Import Request.
  Time since last request: 0.186843 seconds.
  path: Assets/Textures/BlackMaterials/New Material 14.mat
  artifactKey: Guid(109973c507e92304495df851bd2429fb) Importer(815301076,1909f56bfc062723c751e8b465ee728b)
Start importing Assets/Textures/BlackMaterials/New Material 14.mat using Guid(109973c507e92304495df851bd2429fb) Importer(815301076,1909f56bfc062723c751e8b465ee728b)  -> (artifact id: 'a43d1793b2ceab80ac9315f5d2b400bc') in 0.004584 seconds
Number of updated asset objects reloaded before import = 0
Number of asset objects unloaded after import = 1
Editor requested this worker to shutdown with reason: Scaling down because of idle timeout
TcpMessagingSession - receive error: operation aborted. errorcode: 995, details: ќпераци€ ввода/вывода была прервана из-за завершени€ потока команд или по запросу приложени€.
AssetImportWorker is now disconnected from the server
Process exiting
Exiting without the bug reporter. Application will terminate with return code 0