Using pre-set license
Built from '2022.3/staging' branch; Version is '2022.3.7f1 (b16b3b16c7a0) revision 11627323'; Using compiler version '192829333'; Build Type 'Release'
OS: 'Windows 10  (10.0.19045) 64bit ProfessionalEducation' Language: 'ru' Physical Memory: 32668 MB
BatchMode: 1, IsHumanControllingUs: 0, StartBugReporterOnCrash: 0, Is64bit: 1, IsPro: 1

COMMAND LINE ARGUMENTS:
C:\Program Files\Unity\Hub\Editor\2022.3.7f1\Editor\Unity.exe
-adb2
-batchMode
-noUpm
-name
AssetImportWorker1
-projectPath
D:/Users/naumov.de1264/My project (1)
-logFile
Logs/AssetImportWorker1.log
-srvPort
61520
Successfully changed project path to: D:/Users/naumov.de1264/My project (1)
D:/Users/naumov.de1264/My project (1)
[UnityMemory] Configuration Parameters - Can be set up in boot.config
    "memorysetup-bucket-allocator-granularity=16"
    "memorysetup-bucket-allocator-bucket-count=8"
    "memorysetup-bucket-allocator-block-size=33554432"
    "memorysetup-bucket-allocator-block-count=8"
    "memorysetup-main-allocator-block-size=16777216"
    "memorysetup-thread-allocator-block-size=16777216"
    "memorysetup-gfx-main-allocator-block-size=16777216"
    "memorysetup-gfx-thread-allocator-block-size=16777216"
    "memorysetup-cache-allocator-block-size=4194304"
    "memorysetup-typetree-allocator-block-size=2097152"
    "memorysetup-profiler-bucket-allocator-granularity=16"
    "memorysetup-profiler-bucket-allocator-bucket-count=8"
    "memorysetup-profiler-bucket-allocator-block-size=33554432"
    "memorysetup-profiler-bucket-allocator-block-count=8"
    "memorysetup-profiler-allocator-block-size=16777216"
    "memorysetup-profiler-editor-allocator-block-size=1048576"
    "memorysetup-temp-allocator-size-main=16777216"
    "memorysetup-job-temp-allocator-block-size=2097152"
    "memorysetup-job-temp-allocator-block-size-background=1048576"
    "memorysetup-job-temp-allocator-reduction-small-platforms=262144"
    "memorysetup-allocator-temp-initial-block-size-main=262144"
    "memorysetup-allocator-temp-initial-block-size-worker=262144"
    "memorysetup-temp-allocator-size-background-worker=32768"
    "memorysetup-temp-allocator-size-job-worker=262144"
    "memorysetup-temp-allocator-size-preload-manager=33554432"
    "memorysetup-temp-allocator-size-nav-mesh-worker=65536"
    "memorysetup-temp-allocator-size-audio-worker=65536"
    "memorysetup-temp-allocator-size-cloud-worker=32768"
    "memorysetup-temp-allocator-size-gi-baking-worker=262144"
    "memorysetup-temp-allocator-size-gfx=262144"
Player connection [9048] Host "[IP] 192.168.149.60 [Port] 0 [Flags] 2 [Guid] 1928993681 [EditorId] 1928993681 [Version] 1048832 [Id] WindowsEditor(7,Com409-R5) [Debug] 1 [PackageName] WindowsEditor [ProjectName] Editor" joined multi-casting on [225.0.0.222:54997]...

Player connection [9048] Host "[IP] 192.168.149.60 [Port] 0 [Flags] 2 [Guid] 1928993681 [EditorId] 1928993681 [Version] 1048832 [Id] WindowsEditor(7,Com409-R5) [Debug] 1 [PackageName] WindowsEditor [ProjectName] Editor" joined alternative multi-casting on [225.0.0.222:34997]...

Refreshing native plugins compatible for Editor in 5.30 ms, found 3 plugins.
Preloading 0 native plugins for Editor in 0.00 ms.
Initialize engine version: 2022.3.7f1 (b16b3b16c7a0)
[Subsystems] Discovering subsystems at path C:/Program Files/Unity/Hub/Editor/2022.3.7f1/Editor/Data/Resources/UnitySubsystems
[Subsystems] Discovering subsystems at path D:/Users/naumov.de1264/My project (1)/Assets
GfxDevice: creating device client; threaded=0; jobified=0
Direct3D:
    Version:  Direct3D 11.0 [level 11.1]
    Renderer: NVIDIA GeForce RTX 3070 Ti (ID=0x2482)
    Vendor:   NVIDIA
    VRAM:     8031 MB
    Driver:   31.0.15.3623
Initialize mono
Mono path[0] = 'C:/Program Files/Unity/Hub/Editor/2022.3.7f1/Editor/Data/Managed'
Mono path[1] = 'C:/Program Files/Unity/Hub/Editor/2022.3.7f1/Editor/Data/MonoBleedingEdge/lib/mono/unityjit-win32'
Mono config path = 'C:/Program Files/Unity/Hub/Editor/2022.3.7f1/Editor/Data/MonoBleedingEdge/etc'
Using monoOptions --debugger-agent=transport=dt_socket,embedding=1,server=y,suspend=n,address=127.0.0.1:56976
Begin MonoManager ReloadAssembly
Registering precompiled unity dll's ...
Register platform support module: C:/Program Files/Unity/Hub/Editor/2022.3.7f1/Editor/Data/PlaybackEngines/WebGLSupport/UnityEditor.WebGL.Extensions.dll
Register platform support module: C:/Program Files/Unity/Hub/Editor/2022.3.7f1/Editor/Data/PlaybackEngines/WindowsStandaloneSupport/UnityEditor.WindowsStandalone.Extensions.dll
Registered in 0.006016 seconds.
- Loaded All Assemblies, in  0.300 seconds
Native extension for WindowsStandalone target not found
Native extension for WebGL target not found
Mono: successfully reloaded assembly
- Finished resetting the current domain, in  0.214 seconds
Domain Reload Profiling: 513ms
	BeginReloadAssembly (86ms)
		ExecutionOrderSort (0ms)
		DisableScriptedObjects (0ms)
		BackupInstance (0ms)
		ReleaseScriptingObjects (0ms)
		CreateAndSetChildDomain (1ms)
	RebuildCommonClasses (29ms)
	RebuildNativeTypeToScriptingClass (10ms)
	initialDomainReloadingComplete (48ms)
	LoadAllAssembliesAndSetupDomain (125ms)
		LoadAssemblies (84ms)
		RebuildTransferFunctionScriptingTraits (0ms)
		AnalyzeDomain (124ms)
			TypeCache.Refresh (123ms)
				TypeCache.ScanAssembly (111ms)
			ScanForSourceGeneratedMonoScriptInfo (0ms)
			ResolveRequiredComponents (0ms)
	FinalizeReload (214ms)
		ReleaseScriptCaches (0ms)
		RebuildScriptCaches (0ms)
		SetupLoadedEditorAssemblies (164ms)
			LogAssemblyErrors (0ms)
			InitializePlatformSupportModulesInManaged (9ms)
			SetLoadedEditorAssemblies (5ms)
			RefreshPlugins (0ms)
			BeforeProcessingInitializeOnLoad (2ms)
			ProcessInitializeOnLoadAttributes (110ms)
			ProcessInitializeOnLoadMethodAttributes (39ms)
			AfterProcessingInitializeOnLoad (0ms)
			EditorAssembliesLoaded (0ms)
		ExecutionOrderSort2 (0ms)
		AwakeInstancesAfterBackupRestoration (0ms)
========================================================================
Worker process is ready to serve import requests
Begin MonoManager ReloadAssembly
Symbol file LoadedFromMemory doesn't match image D:\Users\naumov.de1264\My project (1)\Library\PackageCache\com.unity.visualscripting@1.8.0\Editor\VisualScripting.Core\Dependencies\YamlDotNet\Unity.VisualScripting.YamlDotNet.dll
Symbol file LoadedFromMemory doesn't match image D:\Users\naumov.de1264\My project (1)\Library\PackageCache\com.unity.visualscripting@1.8.0\Editor\VisualScripting.Core\Dependencies\DotNetZip\Unity.VisualScripting.IonicZip.dll
- Loaded All Assemblies, in  0.479 seconds
Refreshing native plugins compatible for Editor in 2.04 ms, found 3 plugins.
Native extension for WindowsStandalone target not found
Native extension for WebGL target not found
Mono: successfully reloaded assembly
- Finished resetting the current domain, in  0.417 seconds
Domain Reload Profiling: 894ms
	BeginReloadAssembly (114ms)
		ExecutionOrderSort (0ms)
		DisableScriptedObjects (5ms)
		BackupInstance (0ms)
		ReleaseScriptingObjects (0ms)
		CreateAndSetChildDomain (16ms)
	RebuildCommonClasses (28ms)
	RebuildNativeTypeToScriptingClass (10ms)
	initialDomainReloadingComplete (34ms)
	LoadAllAssembliesAndSetupDomain (292ms)
		LoadAssemblies (212ms)
		RebuildTransferFunctionScriptingTraits (0ms)
		AnalyzeDomain (143ms)
			TypeCache.Refresh (127ms)
				TypeCache.ScanAssembly (115ms)
			ScanForSourceGeneratedMonoScriptInfo (11ms)
			ResolveRequiredComponents (3ms)
	FinalizeReload (417ms)
		ReleaseScriptCaches (0ms)
		RebuildScriptCaches (0ms)
		SetupLoadedEditorAssemblies (290ms)
			LogAssemblyErrors (0ms)
			InitializePlatformSupportModulesInManaged (6ms)
			SetLoadedEditorAssemblies (4ms)
			RefreshPlugins (0ms)
			BeforeProcessingInitializeOnLoad (50ms)
			ProcessInitializeOnLoadAttributes (211ms)
			ProcessInitializeOnLoadMethodAttributes (16ms)
			AfterProcessingInitializeOnLoad (4ms)
			EditorAssembliesLoaded (0ms)
		ExecutionOrderSort2 (0ms)
		AwakeInstancesAfterBackupRestoration (5ms)
Launched and connected shader compiler UnityShaderCompiler.exe after 0.02 seconds
Refreshing native plugins compatible for Editor in 2.41 ms, found 3 plugins.
Preloading 0 native plugins for Editor in 0.00 ms.
Unloading 3066 Unused Serialized files (Serialized files now loaded: 0)
Unloading 31 unused Assets / (56.4 KB). Loaded Objects now: 3528.
Memory consumption went from 114.2 MB to 114.2 MB.
Total: 2.489900 ms (FindLiveObjects: 0.215800 ms CreateObjectMapping: 0.178800 ms MarkObjects: 2.024900 ms  DeleteObjects: 0.069700 ms)

AssetImportParameters requested are different than current active one (requested -> active):
  custom:container-demuxer-ogg: 62fdf1f143b41e24485cea50d1cbac27 -> 
  custom:video-decoder-ogg-theora: a1e56fd34408186e4bbccfd4996cb3dc -> 
  custom:framework-win-MediaFoundation: 216162199b28c13a410421893ffa2e32 -> 
  custom:container-demuxer-webm: 4f35f7cbe854078d1ac9338744f61a02 -> 
  custom:container-muxer-webm: aa71ff27fc2769a1b78a27578f13a17b -> 
  custom:video-decoder-webm-vp8: 9c59270c3fd7afecdb556c50c9e8de78 -> 
  custom:AudioImporter_EditorPlatform: d09bf68614088b80899f8185d706f6e7 -> 
  custom:video-encoder-webm-vp8: eb34c28f22e8b96e1ab97ce403110664 -> 
  custom:audio-decoder-ogg-vorbis: bf7c407c2cedff20999df2af8eb42d56 -> 
  custom:audio-encoder-webm-vorbis: bf7c407c2cedff20999df2af8eb42d56 -> 
========================================================================
Received Prepare
Refreshing native plugins compatible for Editor in 1.99 ms, found 3 plugins.
Preloading 0 native plugins for Editor in 0.00 ms.
Unloading 1 Unused Serialized files (Serialized files now loaded: 0)
Unloading 1 unused Assets / (3.0 KB). Loaded Objects now: 3528.
Memory consumption went from 66.0 MB to 66.0 MB.
Total: 2.346600 ms (FindLiveObjects: 0.221700 ms CreateObjectMapping: 0.167200 ms MarkObjects: 1.944600 ms  DeleteObjects: 0.012500 ms)

Prepare: number of updated asset objects reloaded= 0
AssetImportParameters requested are different than current active one (requested -> active):
  custom:container-demuxer-ogg: 62fdf1f143b41e24485cea50d1cbac27 -> 
  custom:video-decoder-ogg-theora: a1e56fd34408186e4bbccfd4996cb3dc -> 
  custom:framework-win-MediaFoundation: 216162199b28c13a410421893ffa2e32 -> 
  custom:CustomObjectIndexerAttribute: 756ad292c208cfabdd7b50bc23989ffe -> 
  custom:container-demuxer-webm: 4f35f7cbe854078d1ac9338744f61a02 -> 
  custom:container-muxer-webm: aa71ff27fc2769a1b78a27578f13a17b -> 
  custom:video-decoder-webm-vp8: 9c59270c3fd7afecdb556c50c9e8de78 -> 
  custom:SearchIndexIgnoredProperties: e643bd26f0fe6173181afceb89e7c659 -> 
  custom:AudioImporter_EditorPlatform: d09bf68614088b80899f8185d706f6e7 -> 
  custom:video-encoder-webm-vp8: eb34c28f22e8b96e1ab97ce403110664 -> 
  custom:audio-decoder-ogg-vorbis: bf7c407c2cedff20999df2af8eb42d56 -> 
  custom:audio-encoder-webm-vorbis: bf7c407c2cedff20999df2af8eb42d56 -> 
========================================================================
Received Prepare
Begin MonoManager ReloadAssembly
Symbol file LoadedFromMemory doesn't match image D:\Users\naumov.de1264\My project (1)\Library\PackageCache\com.unity.visualscripting@1.8.0\Editor\VisualScripting.Core\Dependencies\YamlDotNet\Unity.VisualScripting.YamlDotNet.dll
Symbol file LoadedFromMemory doesn't match image D:\Users\naumov.de1264\My project (1)\Library\PackageCache\com.unity.visualscripting@1.8.0\Editor\VisualScripting.Core\Dependencies\DotNetZip\Unity.VisualScripting.IonicZip.dll
- Loaded All Assemblies, in  0.326 seconds
Refreshing native plugins compatible for Editor in 2.01 ms, found 3 plugins.
Native extension for WindowsStandalone target not found
Native extension for WebGL target not found
Mono: successfully reloaded assembly
- Finished resetting the current domain, in  0.623 seconds
Domain Reload Profiling: 948ms
	BeginReloadAssembly (121ms)
		ExecutionOrderSort (0ms)
		DisableScriptedObjects (4ms)
		BackupInstance (0ms)
		ReleaseScriptingObjects (0ms)
		CreateAndSetChildDomain (23ms)
	RebuildCommonClasses (26ms)
	RebuildNativeTypeToScriptingClass (9ms)
	initialDomainReloadingComplete (23ms)
	LoadAllAssembliesAndSetupDomain (145ms)
		LoadAssemblies (197ms)
		RebuildTransferFunctionScriptingTraits (0ms)
		AnalyzeDomain (10ms)
			TypeCache.Refresh (5ms)
				TypeCache.ScanAssembly (0ms)
			ScanForSourceGeneratedMonoScriptInfo (0ms)
			ResolveRequiredComponents (4ms)
	FinalizeReload (623ms)
		ReleaseScriptCaches (0ms)
		RebuildScriptCaches (0ms)
		SetupLoadedEditorAssemblies (284ms)
			LogAssemblyErrors (0ms)
			InitializePlatformSupportModulesInManaged (5ms)
			SetLoadedEditorAssemblies (4ms)
			RefreshPlugins (0ms)
			BeforeProcessingInitializeOnLoad (46ms)
			ProcessInitializeOnLoadAttributes (206ms)
			ProcessInitializeOnLoadMethodAttributes (20ms)
			AfterProcessingInitializeOnLoad (4ms)
			EditorAssembliesLoaded (0ms)
		ExecutionOrderSort2 (0ms)
		AwakeInstancesAfterBackupRestoration (5ms)
Refreshing native plugins compatible for Editor in 2.12 ms, found 3 plugins.
Preloading 0 native plugins for Editor in 0.00 ms.
Unloading 3059 Unused Serialized files (Serialized files now loaded: 0)
Unloading 22 unused Assets / (30.5 KB). Loaded Objects now: 3531.
Memory consumption went from 113.3 MB to 113.2 MB.
Total: 2.970500 ms (FindLiveObjects: 0.261800 ms CreateObjectMapping: 0.243000 ms MarkObjects: 2.428300 ms  DeleteObjects: 0.036600 ms)

Prepare: number of updated asset objects reloaded= 0
AssetImportParameters requested are different than current active one (requested -> active):
  custom:container-demuxer-ogg: 62fdf1f143b41e24485cea50d1cbac27 -> 
  custom:video-decoder-ogg-theora: a1e56fd34408186e4bbccfd4996cb3dc -> 
  custom:framework-win-MediaFoundation: 216162199b28c13a410421893ffa2e32 -> 
  custom:CustomObjectIndexerAttribute: 756ad292c208cfabdd7b50bc23989ffe -> 
  custom:container-demuxer-webm: 4f35f7cbe854078d1ac9338744f61a02 -> 
  custom:container-muxer-webm: aa71ff27fc2769a1b78a27578f13a17b -> 
  custom:video-decoder-webm-vp8: 9c59270c3fd7afecdb556c50c9e8de78 -> 
  custom:SearchIndexIgnoredProperties: e643bd26f0fe6173181afceb89e7c659 -> 
  custom:AudioImporter_EditorPlatform: d09bf68614088b80899f8185d706f6e7 -> 
  custom:video-encoder-webm-vp8: eb34c28f22e8b96e1ab97ce403110664 -> 
  custom:audio-decoder-ogg-vorbis: bf7c407c2cedff20999df2af8eb42d56 -> 
  custom:audio-encoder-webm-vorbis: bf7c407c2cedff20999df2af8eb42d56 -> 
========================================================================
Received Import Request.
  Time since last request: 163518.561820 seconds.
  path: Assets/Scenes/mcdonalds_mds_v2beta_texture_0 — копия.png
  artifactKey: Guid(00176f6d2aaf6a54785bd09d300241bc) Importer(815301076,1909f56bfc062723c751e8b465ee728b)
Start importing Assets/Scenes/mcdonalds_mds_v2beta_texture_0 — копия.png using Guid(00176f6d2aaf6a54785bd09d300241bc) Importer(815301076,1909f56bfc062723c751e8b465ee728b)  -> (artifact id: '2df128a9bab9fe8885f07b484f9f4893') in 0.052934 seconds
Number of updated asset objects reloaded before import = 0
Number of asset objects unloaded after import = 2
========================================================================
Received Import Request.
  Time since last request: 0.000012 seconds.
  path: Assets/Scenes/mcdonalds_mds_v2beta_texture_55.png
  artifactKey: Guid(963f5443f2299b047abe3c7d3e589026) Importer(815301076,1909f56bfc062723c751e8b465ee728b)
Start importing Assets/Scenes/mcdonalds_mds_v2beta_texture_55.png using Guid(963f5443f2299b047abe3c7d3e589026) Importer(815301076,1909f56bfc062723c751e8b465ee728b)  -> (artifact id: '670ffdf320270f02df1823d0e896227b') in 0.013579 seconds
Number of updated asset objects reloaded before import = 0
Number of asset objects unloaded after import = 2
========================================================================
Received Import Request.
  Time since last request: 0.000011 seconds.
  path: Assets/Scenes/mcdonalds_mds_v2beta_texture_1.png
  artifactKey: Guid(f50f12c51241c8647bd09bfde82428cf) Importer(815301076,1909f56bfc062723c751e8b465ee728b)
Start importing Assets/Scenes/mcdonalds_mds_v2beta_texture_1.png using Guid(f50f12c51241c8647bd09bfde82428cf) Importer(815301076,1909f56bfc062723c751e8b465ee728b)  -> (artifact id: '8de795a5a73a522c6ea056dbacbaa889') in 0.010084 seconds
Number of updated asset objects reloaded before import = 0
Number of asset objects unloaded after import = 2
========================================================================
Received Import Request.
  Time since last request: 0.000071 seconds.
  path: Assets/Scenes/mcdonalds_mds_v2beta_texture_123.png
  artifactKey: Guid(fdca30f1606b7e64db823914141281d3) Importer(815301076,1909f56bfc062723c751e8b465ee728b)
Start importing Assets/Scenes/mcdonalds_mds_v2beta_texture_123.png using Guid(fdca30f1606b7e64db823914141281d3) Importer(815301076,1909f56bfc062723c751e8b465ee728b)  -> (artifact id: 'e34447ca9d7e54637f744e4a6bc967af') in 0.007644 seconds
Number of updated asset objects reloaded before import = 0
Number of asset objects unloaded after import = 2
========================================================================
Received Import Request.
  Time since last request: 0.000013 seconds.
  path: Assets/Scenes/mcdonalds_mds_v2beta_texture_111.png
  artifactKey: Guid(ba5968fc1c8a6a646aa31ca78d6b77c1) Importer(815301076,1909f56bfc062723c751e8b465ee728b)
Start importing Assets/Scenes/mcdonalds_mds_v2beta_texture_111.png using Guid(ba5968fc1c8a6a646aa31ca78d6b77c1) Importer(815301076,1909f56bfc062723c751e8b465ee728b)  -> (artifact id: '8ad2a0f43bf3e6b5cc4b85d0026534f8') in 0.007891 seconds
Number of updated asset objects reloaded before import = 0
Number of asset objects unloaded after import = 2
========================================================================
Received Import Request.
  Time since last request: 0.000013 seconds.
  path: Assets/Scenes/mcdonalds_mds_v2beta_texture_30.png
  artifactKey: Guid(8a6a216c832c3504faa42978a39c092d) Importer(815301076,1909f56bfc062723c751e8b465ee728b)
Start importing Assets/Scenes/mcdonalds_mds_v2beta_texture_30.png using Guid(8a6a216c832c3504faa42978a39c092d) Importer(815301076,1909f56bfc062723c751e8b465ee728b)  -> (artifact id: '763cfb1be5434cba20a0a910a3ccb596') in 0.010231 seconds
Number of updated asset objects reloaded before import = 0
Number of asset objects unloaded after import = 2
========================================================================
Received Import Request.
  Time since last request: 0.000013 seconds.
  path: Assets/Scenes/mcdonalds_mds_v2beta_texture_100.png
  artifactKey: Guid(812a1b611ea7aa8469d9772a5fd256f9) Importer(815301076,1909f56bfc062723c751e8b465ee728b)
Start importing Assets/Scenes/mcdonalds_mds_v2beta_texture_100.png using Guid(812a1b611ea7aa8469d9772a5fd256f9) Importer(815301076,1909f56bfc062723c751e8b465ee728b)  -> (artifact id: '786bdda6ec1c9c01f3795a193fc6d615') in 0.012975 seconds
Number of updated asset objects reloaded before import = 0
Number of asset objects unloaded after import = 2
========================================================================
Received Import Request.
  Time since last request: 0.000016 seconds.
  path: Assets/Scenes/mcdonalds_mds_v2beta_texture_122.png
  artifactKey: Guid(4706ec3633ca68b4987a4aba8d24bd35) Importer(815301076,1909f56bfc062723c751e8b465ee728b)
Start importing Assets/Scenes/mcdonalds_mds_v2beta_texture_122.png using Guid(4706ec3633ca68b4987a4aba8d24bd35) Importer(815301076,1909f56bfc062723c751e8b465ee728b)  -> (artifact id: 'eff58d9c54e7a2f48ba289623fdc238e') in 0.009038 seconds
Number of updated asset objects reloaded before import = 0
Number of asset objects unloaded after import = 2
========================================================================
Received Import Request.
  Time since last request: 0.000013 seconds.
  path: Assets/Scenes/mcdonalds_mds_v2beta_texture_29.png
  artifactKey: Guid(0ba0916a4e019864fbe3c0de7d120221) Importer(815301076,1909f56bfc062723c751e8b465ee728b)
Start importing Assets/Scenes/mcdonalds_mds_v2beta_texture_29.png using Guid(0ba0916a4e019864fbe3c0de7d120221) Importer(815301076,1909f56bfc062723c751e8b465ee728b)  -> (artifact id: '5894c49aa24bb1ea8709019c1f02c9d1') in 0.009689 seconds
Number of updated asset objects reloaded before import = 0
Number of asset objects unloaded after import = 2
========================================================================
Received Import Request.
  Time since last request: 0.000020 seconds.
  path: Assets/Scenes/mcdonalds_mds_v2beta_texture_76.png
  artifactKey: Guid(189dd3643ddaa12458555546fff5959e) Importer(815301076,1909f56bfc062723c751e8b465ee728b)
Start importing Assets/Scenes/mcdonalds_mds_v2beta_texture_76.png using Guid(189dd3643ddaa12458555546fff5959e) Importer(815301076,1909f56bfc062723c751e8b465ee728b)  -> (artifact id: 'cb07e037187a30e84fadf69262dc32f1') in 0.013491 seconds
Number of updated asset objects reloaded before import = 0
Number of asset objects unloaded after import = 2
========================================================================
Received Import Request.
  Time since last request: 0.000013 seconds.
  path: Assets/Scenes/mcdonalds_mds_v2beta_texture_28.png
  artifactKey: Guid(27ec861c8b84b0f47bb2ae065e075123) Importer(815301076,1909f56bfc062723c751e8b465ee728b)
Start importing Assets/Scenes/mcdonalds_mds_v2beta_texture_28.png using Guid(27ec861c8b84b0f47bb2ae065e075123) Importer(815301076,1909f56bfc062723c751e8b465ee728b)  -> (artifact id: 'afc028df8aeaa90230c82390cbacf7a5') in 0.009453 seconds
Number of updated asset objects reloaded before import = 0
Number of asset objects unloaded after import = 2
========================================================================
Received Import Request.
  Time since last request: 0.000013 seconds.
  path: Assets/Scenes/mcdonalds_mds_v2beta_texture_82.png
  artifactKey: Guid(651dbb36fb3e4034e8eed49744c73561) Importer(815301076,1909f56bfc062723c751e8b465ee728b)
Start importing Assets/Scenes/mcdonalds_mds_v2beta_texture_82.png using Guid(651dbb36fb3e4034e8eed49744c73561) Importer(815301076,1909f56bfc062723c751e8b465ee728b)  -> (artifact id: 'ca09b35252c22ac9192fd011ed210f81') in 0.012873 seconds
Number of updated asset objects reloaded before import = 0
Number of asset objects unloaded after import = 2
========================================================================
Received Import Request.
  Time since last request: 0.000013 seconds.
  path: Assets/Scenes/mcdonalds_mds_v2beta_texture_59.png
  artifactKey: Guid(34d71f21f470d8544bc25d0b40a75a88) Importer(815301076,1909f56bfc062723c751e8b465ee728b)
Start importing Assets/Scenes/mcdonalds_mds_v2beta_texture_59.png using Guid(34d71f21f470d8544bc25d0b40a75a88) Importer(815301076,1909f56bfc062723c751e8b465ee728b)  -> (artifact id: '76fb30de2071d9c1a83afba5efa6308f') in 0.009855 seconds
Number of updated asset objects reloaded before import = 0
Number of asset objects unloaded after import = 2
========================================================================
Received Import Request.
  Time since last request: 0.000021 seconds.
  path: Assets/Scenes/mcdonalds_mds_v2beta_texture_9.png
  artifactKey: Guid(01174f48cb436d54d85af43c57236c1f) Importer(815301076,1909f56bfc062723c751e8b465ee728b)
Start importing Assets/Scenes/mcdonalds_mds_v2beta_texture_9.png using Guid(01174f48cb436d54d85af43c57236c1f) Importer(815301076,1909f56bfc062723c751e8b465ee728b)  -> (artifact id: 'e6925e95ed4ad8dd5ca286129c32626d') in 0.017603 seconds
Number of updated asset objects reloaded before import = 0
Number of asset objects unloaded after import = 2
========================================================================
Received Import Request.
  Time since last request: 0.000012 seconds.
  path: Assets/Scenes/mcdonalds_mds_v2beta_texture_75.png
  artifactKey: Guid(e40f6ddeaf24e33438ed3c2b0b27db36) Importer(815301076,1909f56bfc062723c751e8b465ee728b)
Start importing Assets/Scenes/mcdonalds_mds_v2beta_texture_75.png using Guid(e40f6ddeaf24e33438ed3c2b0b27db36) Importer(815301076,1909f56bfc062723c751e8b465ee728b)  -> (artifact id: '1c6af6906243e625247d35d1d4df19b4') in 0.015381 seconds
Number of updated asset objects reloaded before import = 0
Number of asset objects unloaded after import = 2
========================================================================
Received Import Request.
  Time since last request: 0.000015 seconds.
  path: Assets/Scenes/mcdonalds_mds_v2beta_texture_57.png
  artifactKey: Guid(d91e158b6582dcb4a92dc32aa43528ac) Importer(815301076,1909f56bfc062723c751e8b465ee728b)
Start importing Assets/Scenes/mcdonalds_mds_v2beta_texture_57.png using Guid(d91e158b6582dcb4a92dc32aa43528ac) Importer(815301076,1909f56bfc062723c751e8b465ee728b)  -> (artifact id: 'a62aebde40c912ae13881b6b56da68bc') in 0.008607 seconds
Number of updated asset objects reloaded before import = 0
Number of asset objects unloaded after import = 2
========================================================================
Received Import Request.
  Time since last request: 0.000013 seconds.
  path: Assets/Scenes/mcdonalds_mds_v2beta_texture_91.png
  artifactKey: Guid(c057293bb8ee336439eea5fb675276bc) Importer(815301076,1909f56bfc062723c751e8b465ee728b)
Start importing Assets/Scenes/mcdonalds_mds_v2beta_texture_91.png using Guid(c057293bb8ee336439eea5fb675276bc) Importer(815301076,1909f56bfc062723c751e8b465ee728b)  -> (artifact id: 'ac63ab7335231f4f8c6ae9e79eaaaabd') in 0.007368 seconds
Number of updated asset objects reloaded before import = 0
Number of asset objects unloaded after import = 2
========================================================================
Received Import Request.
  Time since last request: 0.000013 seconds.
  path: Assets/Scenes/mcdonalds_mds_v2beta_texture_107.png
  artifactKey: Guid(e0b1e015394421347bde81c0bcefb3c5) Importer(815301076,1909f56bfc062723c751e8b465ee728b)
Start importing Assets/Scenes/mcdonalds_mds_v2beta_texture_107.png using Guid(e0b1e015394421347bde81c0bcefb3c5) Importer(815301076,1909f56bfc062723c751e8b465ee728b)  -> (artifact id: '065f15339adc9437e9aa25fb34bf16a1') in 0.007773 seconds
Number of updated asset objects reloaded before import = 0
Number of asset objects unloaded after import = 2
========================================================================
Received Import Request.
  Time since last request: 0.000013 seconds.
  path: Assets/Scenes/mcdonalds_mds_v2beta_texture_23.png
  artifactKey: Guid(856bb529afc9f7243990aaf3717e142e) Importer(815301076,1909f56bfc062723c751e8b465ee728b)
Start importing Assets/Scenes/mcdonalds_mds_v2beta_texture_23.png using Guid(856bb529afc9f7243990aaf3717e142e) Importer(815301076,1909f56bfc062723c751e8b465ee728b)  -> (artifact id: '14cf6e6af66f01d4075cb9ef0f48f5c1') in 0.007618 seconds
Number of updated asset objects reloaded before import = 0
Number of asset objects unloaded after import = 2
========================================================================
Received Import Request.
  Time since last request: 0.000014 seconds.
  path: Assets/Scenes/mcdonalds_mds_v2beta_texture_51.png
  artifactKey: Guid(617c6b9a7361222488826a7728ff080a) Importer(815301076,1909f56bfc062723c751e8b465ee728b)
Start importing Assets/Scenes/mcdonalds_mds_v2beta_texture_51.png using Guid(617c6b9a7361222488826a7728ff080a) Importer(815301076,1909f56bfc062723c751e8b465ee728b)  -> (artifact id: '740f83bb9a78d53e4a13c2a2b7615551') in 0.008658 seconds
Number of updated asset objects reloaded before import = 0
Number of asset objects unloaded after import = 2
========================================================================
Received Import Request.
  Time since last request: 0.000012 seconds.
  path: Assets/Scenes/mcdonalds_mds_v2beta_texture_62.png
  artifactKey: Guid(02a90acf158f0464f98c48c3f8a03a0a) Importer(815301076,1909f56bfc062723c751e8b465ee728b)
Start importing Assets/Scenes/mcdonalds_mds_v2beta_texture_62.png using Guid(02a90acf158f0464f98c48c3f8a03a0a) Importer(815301076,1909f56bfc062723c751e8b465ee728b)  -> (artifact id: '469f315f3c112afa7c915152879ac3bd') in 0.007267 seconds
Number of updated asset objects reloaded before import = 0
Number of asset objects unloaded after import = 2
========================================================================
Received Import Request.
  Time since last request: 0.000017 seconds.
  path: Assets/Scenes/mcdonalds_mds_v2beta_texture_84.png
  artifactKey: Guid(7ba5e40cb3e6db349ba6276ad71a3afc) Importer(815301076,1909f56bfc062723c751e8b465ee728b)
Start importing Assets/Scenes/mcdonalds_mds_v2beta_texture_84.png using Guid(7ba5e40cb3e6db349ba6276ad71a3afc) Importer(815301076,1909f56bfc062723c751e8b465ee728b)  -> (artifact id: '347d93c8cb8d21bd06a170d7a1e96c52') in 0.007756 seconds
Number of updated asset objects reloaded before import = 0
Number of asset objects unloaded after import = 2
========================================================================
Received Import Request.
  Time since last request: 0.000014 seconds.
  path: Assets/Scenes/mcdonalds_mds_v2beta_texture_124.png
  artifactKey: Guid(975f0fc1c31a49441868476eed2d40f2) Importer(815301076,1909f56bfc062723c751e8b465ee728b)
Start importing Assets/Scenes/mcdonalds_mds_v2beta_texture_124.png using Guid(975f0fc1c31a49441868476eed2d40f2) Importer(815301076,1909f56bfc062723c751e8b465ee728b)  -> (artifact id: 'fab1d3d0ad92b6b56597f2b8d194ffea') in 0.008375 seconds
Number of updated asset objects reloaded before import = 0
Number of asset objects unloaded after import = 2
========================================================================
Received Import Request.
  Time since last request: 0.000012 seconds.
  path: Assets/Scenes/mcdonalds_mds_v2beta_texture_127.png
  artifactKey: Guid(5a07814c980278545ba4161ec7017056) Importer(815301076,1909f56bfc062723c751e8b465ee728b)
Start importing Assets/Scenes/mcdonalds_mds_v2beta_texture_127.png using Guid(5a07814c980278545ba4161ec7017056) Importer(815301076,1909f56bfc062723c751e8b465ee728b)  -> (artifact id: 'e37361977e8abc34eb02911f3656da8f') in 0.008686 seconds
Number of updated asset objects reloaded before import = 0
Number of asset objects unloaded after import = 2
========================================================================
Received Import Request.
  Time since last request: 0.000013 seconds.
  path: Assets/Scenes/mcdonalds_mds_v2beta_texture_36.png
  artifactKey: Guid(8fece9eb2a010294180e62ff753d4a64) Importer(815301076,1909f56bfc062723c751e8b465ee728b)
Start importing Assets/Scenes/mcdonalds_mds_v2beta_texture_36.png using Guid(8fece9eb2a010294180e62ff753d4a64) Importer(815301076,1909f56bfc062723c751e8b465ee728b)  -> (artifact id: '41d99dcde9eb7627f20342a68913615b') in 0.007798 seconds
Number of updated asset objects reloaded before import = 0
Number of asset objects unloaded after import = 2
========================================================================
Received Import Request.
  Time since last request: 0.000023 seconds.
  path: Assets/Scenes/mcdonalds_mds_v2beta_texture_103.png
  artifactKey: Guid(12fa249d8eaf882468b5f41519166b61) Importer(815301076,1909f56bfc062723c751e8b465ee728b)
Start importing Assets/Scenes/mcdonalds_mds_v2beta_texture_103.png using Guid(12fa249d8eaf882468b5f41519166b61) Importer(815301076,1909f56bfc062723c751e8b465ee728b)  -> (artifact id: '8d62a083c8a153dac7a912e7770f4a62') in 0.008686 seconds
Number of updated asset objects reloaded before import = 0
Number of asset objects unloaded after import = 2
========================================================================
Received Import Request.
  Time since last request: 0.000014 seconds.
  path: Assets/Scenes/mcdonalds_mds_v2beta_texture_121.png
  artifactKey: Guid(8044a9e560c7cb848b22c6b5f5cc1635) Importer(815301076,1909f56bfc062723c751e8b465ee728b)
Start importing Assets/Scenes/mcdonalds_mds_v2beta_texture_121.png using Guid(8044a9e560c7cb848b22c6b5f5cc1635) Importer(815301076,1909f56bfc062723c751e8b465ee728b)  -> (artifact id: '73bb2d1e147bc29e8309d7fe8beca1f7') in 0.008098 seconds
Number of updated asset objects reloaded before import = 0
Number of asset objects unloaded after import = 2
========================================================================
Received Import Request.
  Time since last request: 0.000017 seconds.
  path: Assets/Scenes/mcdonalds_mds_v2beta_texture_86.png
  artifactKey: Guid(6fbbf51ac95eb0a4095f37017be383d0) Importer(815301076,1909f56bfc062723c751e8b465ee728b)
Start importing Assets/Scenes/mcdonalds_mds_v2beta_texture_86.png using Guid(6fbbf51ac95eb0a4095f37017be383d0) Importer(815301076,1909f56bfc062723c751e8b465ee728b)  -> (artifact id: 'f72af57d6c0091515f6e4d24accaf1a3') in 0.007985 seconds
Number of updated asset objects reloaded before import = 0
Number of asset objects unloaded after import = 2
========================================================================
Received Import Request.
  Time since last request: 0.000013 seconds.
  path: Assets/Scenes/mcdonalds_mds_v2beta_texture_116.png
  artifactKey: Guid(e330c20e2d08ae748ba220653cb08183) Importer(815301076,1909f56bfc062723c751e8b465ee728b)
Start importing Assets/Scenes/mcdonalds_mds_v2beta_texture_116.png using Guid(e330c20e2d08ae748ba220653cb08183) Importer(815301076,1909f56bfc062723c751e8b465ee728b)  -> (artifact id: '26b3527068a81d8c59cbe1e0fd1a7e03') in 0.010188 seconds
Number of updated asset objects reloaded before import = 0
Number of asset objects unloaded after import = 2
========================================================================
Received Import Request.
  Time since last request: 0.000015 seconds.
  path: Assets/Scenes/mcdonalds_mds_v2beta_texture_129.png
  artifactKey: Guid(c418e0a442e465a4295db84fae81b415) Importer(815301076,1909f56bfc062723c751e8b465ee728b)
Start importing Assets/Scenes/mcdonalds_mds_v2beta_texture_129.png using Guid(c418e0a442e465a4295db84fae81b415) Importer(815301076,1909f56bfc062723c751e8b465ee728b)  -> (artifact id: '4c0e56f3e90ce71a9a2a7aa63f0223fd') in 0.009345 seconds
Number of updated asset objects reloaded before import = 0
Number of asset objects unloaded after import = 2
========================================================================
Received Import Request.
  Time since last request: 0.000014 seconds.
  path: Assets/Scenes/mcdonalds_mds_v2beta_texture_99.png
  artifactKey: Guid(1bd27cadf237fa9468057b1bdef3842b) Importer(815301076,1909f56bfc062723c751e8b465ee728b)
Start importing Assets/Scenes/mcdonalds_mds_v2beta_texture_99.png using Guid(1bd27cadf237fa9468057b1bdef3842b) Importer(815301076,1909f56bfc062723c751e8b465ee728b)  -> (artifact id: '71e1b58f74ed9e3054584f939ae0fd93') in 0.008635 seconds
Number of updated asset objects reloaded before import = 0
Number of asset objects unloaded after import = 2
========================================================================
Received Import Request.
  Time since last request: 0.000012 seconds.
  path: Assets/Scenes/mcdonalds_mds_v2beta_texture_56.png
  artifactKey: Guid(fd0ff97db2196604abc66c7173368472) Importer(815301076,1909f56bfc062723c751e8b465ee728b)
Start importing Assets/Scenes/mcdonalds_mds_v2beta_texture_56.png using Guid(fd0ff97db2196604abc66c7173368472) Importer(815301076,1909f56bfc062723c751e8b465ee728b)  -> (artifact id: 'b14c26efd91477492310a5f2477d5324') in 0.007949 seconds
Number of updated asset objects reloaded before import = 0
Number of asset objects unloaded after import = 2
========================================================================
Received Import Request.
  Time since last request: 0.000036 seconds.
  path: Assets/Scenes/mcdonalds_mds_v2beta_texture_74.png
  artifactKey: Guid(03bd9fd6575e05e47aa4699d8d36f750) Importer(815301076,1909f56bfc062723c751e8b465ee728b)
Start importing Assets/Scenes/mcdonalds_mds_v2beta_texture_74.png using Guid(03bd9fd6575e05e47aa4699d8d36f750) Importer(815301076,1909f56bfc062723c751e8b465ee728b)  -> (artifact id: '2da2d0e3a2859f4cdfcdbd308ef81bf2') in 0.008572 seconds
Number of updated asset objects reloaded before import = 0
Number of asset objects unloaded after import = 2
========================================================================
Received Import Request.
  Time since last request: 0.000012 seconds.
  path: Assets/Scenes/mcdonalds_mds_v2beta_texture_14.png
  artifactKey: Guid(85f39636892c55647a76ab1675ec1f6b) Importer(815301076,1909f56bfc062723c751e8b465ee728b)
Start importing Assets/Scenes/mcdonalds_mds_v2beta_texture_14.png using Guid(85f39636892c55647a76ab1675ec1f6b) Importer(815301076,1909f56bfc062723c751e8b465ee728b)  -> (artifact id: '93f059b1472e602db5fcbca53405644a') in 0.007597 seconds
Number of updated asset objects reloaded before import = 0
Number of asset objects unloaded after import = 2
========================================================================
Received Import Request.
  Time since last request: 0.000013 seconds.
  path: Assets/Scenes/mcdonalds_mds_v2beta_texture_26.png
  artifactKey: Guid(e113170b1f80675499e0590fa51304d5) Importer(815301076,1909f56bfc062723c751e8b465ee728b)
Start importing Assets/Scenes/mcdonalds_mds_v2beta_texture_26.png using Guid(e113170b1f80675499e0590fa51304d5) Importer(815301076,1909f56bfc062723c751e8b465ee728b)  -> (artifact id: '58c5a41b2ccb5a880c35ff3c04614f73') in 0.022075 seconds
Number of updated asset objects reloaded before import = 0
Number of asset objects unloaded after import = 2
========================================================================
Received Import Request.
  Time since last request: 0.000014 seconds.
  path: Assets/Scenes/mcdonalds_mds_v2beta_texture_73.png
  artifactKey: Guid(65e0e8c62ac5696408c6c0094b2c47f7) Importer(815301076,1909f56bfc062723c751e8b465ee728b)
Start importing Assets/Scenes/mcdonalds_mds_v2beta_texture_73.png using Guid(65e0e8c62ac5696408c6c0094b2c47f7) Importer(815301076,1909f56bfc062723c751e8b465ee728b)  -> (artifact id: 'aead609296b7400dbaed9a38604330ee') in 0.008194 seconds
Number of updated asset objects reloaded before import = 0
Number of asset objects unloaded after import = 2
========================================================================
Received Import Request.
  Time since last request: 0.000020 seconds.
  path: Assets/Scenes/mcdonalds_mds_v2beta_texture_71.png
  artifactKey: Guid(64a03738cb95868469714cb4633dac36) Importer(815301076,1909f56bfc062723c751e8b465ee728b)
Start importing Assets/Scenes/mcdonalds_mds_v2beta_texture_71.png using Guid(64a03738cb95868469714cb4633dac36) Importer(815301076,1909f56bfc062723c751e8b465ee728b)  -> (artifact id: '238558ad5f1de12e727973c4c43c7379') in 0.008239 seconds
Number of updated asset objects reloaded before import = 0
Number of asset objects unloaded after import = 2
========================================================================
Received Import Request.
  Time since last request: 0.000015 seconds.
  path: Assets/Scenes/mcdonalds_mds_v2beta_texture_81.png
  artifactKey: Guid(602d6f8103e148948a86bc489efde12c) Importer(815301076,1909f56bfc062723c751e8b465ee728b)
Start importing Assets/Scenes/mcdonalds_mds_v2beta_texture_81.png using Guid(602d6f8103e148948a86bc489efde12c) Importer(815301076,1909f56bfc062723c751e8b465ee728b)  -> (artifact id: 'bd500749a67be5304eb80d7aa366af41') in 0.008493 seconds
Number of updated asset objects reloaded before import = 0
Number of asset objects unloaded after import = 2
========================================================================
Received Import Request.
  Time since last request: 0.000014 seconds.
  path: Assets/Scenes/mcdonalds_mds_v2beta_texture_40.png
  artifactKey: Guid(781890ac880a2d3479a3f4105bf4ea9b) Importer(815301076,1909f56bfc062723c751e8b465ee728b)
Start importing Assets/Scenes/mcdonalds_mds_v2beta_texture_40.png using Guid(781890ac880a2d3479a3f4105bf4ea9b) Importer(815301076,1909f56bfc062723c751e8b465ee728b)  -> (artifact id: '20535fae3b0c68159cc7c06b8b506fa4') in 0.008067 seconds
Number of updated asset objects reloaded before import = 0
Number of asset objects unloaded after import = 2
========================================================================
Received Import Request.
  Time since last request: 0.000013 seconds.
  path: Assets/Scenes/mcdonalds_mds_v2beta_texture_67.png
  artifactKey: Guid(61b7fc745e3bc7348ad278e0b0256666) Importer(815301076,1909f56bfc062723c751e8b465ee728b)
Start importing Assets/Scenes/mcdonalds_mds_v2beta_texture_67.png using Guid(61b7fc745e3bc7348ad278e0b0256666) Importer(815301076,1909f56bfc062723c751e8b465ee728b)  -> (artifact id: '157a6527948e786b0d786d560109abd4') in 0.007151 seconds
Number of updated asset objects reloaded before import = 0
Number of asset objects unloaded after import = 2
========================================================================
Received Import Request.
  Time since last request: 0.000015 seconds.
  path: Assets/Scenes/mcdonalds_mds_v2beta_texture_25.png
  artifactKey: Guid(c3173ed33f8305247b0f09e59ce1ffe7) Importer(815301076,1909f56bfc062723c751e8b465ee728b)
Start importing Assets/Scenes/mcdonalds_mds_v2beta_texture_25.png using Guid(c3173ed33f8305247b0f09e59ce1ffe7) Importer(815301076,1909f56bfc062723c751e8b465ee728b)  -> (artifact id: '8028211447210c011cba41c2d9c4ee9f') in 0.008518 seconds
Number of updated asset objects reloaded before import = 0
Number of asset objects unloaded after import = 2
========================================================================
Received Import Request.
  Time since last request: 0.000017 seconds.
  path: Assets/Scenes/mcdonalds_mds_v2beta_texture_2.png
  artifactKey: Guid(27d0752dfad9dfe47b1d3715714ba14d) Importer(815301076,1909f56bfc062723c751e8b465ee728b)
Start importing Assets/Scenes/mcdonalds_mds_v2beta_texture_2.png using Guid(27d0752dfad9dfe47b1d3715714ba14d) Importer(815301076,1909f56bfc062723c751e8b465ee728b)  -> (artifact id: '8e1c18e6459a2673b3fe8bdec5803a20') in 0.008990 seconds
Number of updated asset objects reloaded before import = 0
Number of asset objects unloaded after import = 2
========================================================================
Received Import Request.
  Time since last request: 0.000013 seconds.
  path: Assets/Scenes/mcdonalds_mds_v2beta_texture_130.png
  artifactKey: Guid(3cada694b699f2749b8f052f363be32c) Importer(815301076,1909f56bfc062723c751e8b465ee728b)
Start importing Assets/Scenes/mcdonalds_mds_v2beta_texture_130.png using Guid(3cada694b699f2749b8f052f363be32c) Importer(815301076,1909f56bfc062723c751e8b465ee728b)  -> (artifact id: 'd290a5d74ebba2ae43c90b2e7c830b72') in 0.007722 seconds
Number of updated asset objects reloaded before import = 0
Number of asset objects unloaded after import = 2
========================================================================
Received Import Request.
  Time since last request: 0.000011 seconds.
  path: Assets/Scenes/mcdonalds_mds_v2beta_texture_108.png
  artifactKey: Guid(ed34d59733320344c900d88b527502d7) Importer(815301076,1909f56bfc062723c751e8b465ee728b)
Start importing Assets/Scenes/mcdonalds_mds_v2beta_texture_108.png using Guid(ed34d59733320344c900d88b527502d7) Importer(815301076,1909f56bfc062723c751e8b465ee728b)  -> (artifact id: 'e0d3ded46f4e719b95cf62252291fa35') in 0.008470 seconds
Number of updated asset objects reloaded before import = 0
Number of asset objects unloaded after import = 2
========================================================================
Received Import Request.
  Time since last request: 0.000013 seconds.
  path: Assets/Scenes/mcdonalds_mds_v2beta_texture_92.png
  artifactKey: Guid(fa4ecd91f53197648b2a06f56448cc49) Importer(815301076,1909f56bfc062723c751e8b465ee728b)
Start importing Assets/Scenes/mcdonalds_mds_v2beta_texture_92.png using Guid(fa4ecd91f53197648b2a06f56448cc49) Importer(815301076,1909f56bfc062723c751e8b465ee728b)  -> (artifact id: '21ad295299ac6c900e4fc3c0b0aee610') in 0.007774 seconds
Number of updated asset objects reloaded before import = 0
Number of asset objects unloaded after import = 2
========================================================================
Received Import Request.
  Time since last request: 0.000014 seconds.
  path: Assets/Scenes/mcdonalds_mds_v2beta_texture_109.png
  artifactKey: Guid(1cef59fbf015c134ba871e903b63151f) Importer(815301076,1909f56bfc062723c751e8b465ee728b)
Start importing Assets/Scenes/mcdonalds_mds_v2beta_texture_109.png using Guid(1cef59fbf015c134ba871e903b63151f) Importer(815301076,1909f56bfc062723c751e8b465ee728b)  -> (artifact id: 'e153a2df054897f74d1af845a5a0c3c8') in 0.007705 seconds
Number of updated asset objects reloaded before import = 0
Number of asset objects unloaded after import = 2
========================================================================
Received Import Request.
  Time since last request: 0.000010 seconds.
  path: Assets/Scenes/mcdonalds_mds_v2beta_texture_80.png
  artifactKey: Guid(00821d28b684198408e0a588f78a4cf0) Importer(815301076,1909f56bfc062723c751e8b465ee728b)
Start importing Assets/Scenes/mcdonalds_mds_v2beta_texture_80.png using Guid(00821d28b684198408e0a588f78a4cf0) Importer(815301076,1909f56bfc062723c751e8b465ee728b)  -> (artifact id: '391e682edac8f160c3b9aa9b6b1bd546') in 0.007664 seconds
Number of updated asset objects reloaded before import = 0
Number of asset objects unloaded after import = 2
========================================================================
Received Import Request.
  Time since last request: 0.000078 seconds.
  path: Assets/Scenes/mcdonalds_mds_v2beta_texture_112.png
  artifactKey: Guid(cc1b9e02db959434e8eda8c938c99145) Importer(815301076,1909f56bfc062723c751e8b465ee728b)
Start importing Assets/Scenes/mcdonalds_mds_v2beta_texture_112.png using Guid(cc1b9e02db959434e8eda8c938c99145) Importer(815301076,1909f56bfc062723c751e8b465ee728b)  -> (artifact id: '9d224e816b0b91218f2602f19718ba6c') in 0.007606 seconds
Number of updated asset objects reloaded before import = 0
Number of asset objects unloaded after import = 2
========================================================================
Received Import Request.
  Time since last request: 0.000016 seconds.
  path: Assets/Scenes/mcdonalds_mds_v2beta_texture_4.png
  artifactKey: Guid(4d8a50030cae7ca4689620e2de577a1b) Importer(815301076,1909f56bfc062723c751e8b465ee728b)
Start importing Assets/Scenes/mcdonalds_mds_v2beta_texture_4.png using Guid(4d8a50030cae7ca4689620e2de577a1b) Importer(815301076,1909f56bfc062723c751e8b465ee728b)  -> (artifact id: '618dafcc93147bbda37980132b68c07d') in 0.007871 seconds
Number of updated asset objects reloaded before import = 0
Number of asset objects unloaded after import = 2
========================================================================
Received Import Request.
  Time since last request: 0.000018 seconds.
  path: Assets/Scenes/mcdonalds_mds_v2beta_texture_89.png
  artifactKey: Guid(0a0d8d9f35f068a47be0738c4206c573) Importer(815301076,1909f56bfc062723c751e8b465ee728b)
Start importing Assets/Scenes/mcdonalds_mds_v2beta_texture_89.png using Guid(0a0d8d9f35f068a47be0738c4206c573) Importer(815301076,1909f56bfc062723c751e8b465ee728b)  -> (artifact id: 'fe28c1a62613f3261d318d19744b59bb') in 0.008984 seconds
Number of updated asset objects reloaded before import = 0
Number of asset objects unloaded after import = 2
========================================================================
Received Import Request.
  Time since last request: 0.000013 seconds.
  path: Assets/Scenes/mcdonalds_mds_v2beta_texture_101.png
  artifactKey: Guid(f46f06ee82fcbf34898d88eb03b766cd) Importer(815301076,1909f56bfc062723c751e8b465ee728b)
Start importing Assets/Scenes/mcdonalds_mds_v2beta_texture_101.png using Guid(f46f06ee82fcbf34898d88eb03b766cd) Importer(815301076,1909f56bfc062723c751e8b465ee728b)  -> (artifact id: 'fb49acd001fabfb5eb77c33ba2f36640') in 0.007707 seconds
Number of updated asset objects reloaded before import = 0
Number of asset objects unloaded after import = 2
========================================================================
Received Import Request.
  Time since last request: 0.000015 seconds.
  path: Assets/Scenes/mcdonalds_mds_v2beta_texture_18.png
  artifactKey: Guid(be8c9664522b72246a0c2291ca6df74b) Importer(815301076,1909f56bfc062723c751e8b465ee728b)
Start importing Assets/Scenes/mcdonalds_mds_v2beta_texture_18.png using Guid(be8c9664522b72246a0c2291ca6df74b) Importer(815301076,1909f56bfc062723c751e8b465ee728b)  -> (artifact id: '5bd21dce8f5e2ebd080c7f60eeb8a2c6') in 0.007949 seconds
Number of updated asset objects reloaded before import = 0
Number of asset objects unloaded after import = 2
========================================================================
Received Import Request.
  Time since last request: 0.000016 seconds.
  path: Assets/Scenes/mcdonalds_mds_v2beta_texture_46.png
  artifactKey: Guid(eb71ccb9622e09c4e96dad2caa823382) Importer(815301076,1909f56bfc062723c751e8b465ee728b)
Start importing Assets/Scenes/mcdonalds_mds_v2beta_texture_46.png using Guid(eb71ccb9622e09c4e96dad2caa823382) Importer(815301076,1909f56bfc062723c751e8b465ee728b)  -> (artifact id: '882324f0ca378b405d7519e21bb55f66') in 0.008226 seconds
Number of updated asset objects reloaded before import = 0
Number of asset objects unloaded after import = 2
========================================================================
Received Import Request.
  Time since last request: 0.000013 seconds.
  path: Assets/Scenes/mcdonalds_mds_v2beta_texture_38.png
  artifactKey: Guid(ac13899ca8e5b1e4fb9d5c1f8a210e2a) Importer(815301076,1909f56bfc062723c751e8b465ee728b)
Start importing Assets/Scenes/mcdonalds_mds_v2beta_texture_38.png using Guid(ac13899ca8e5b1e4fb9d5c1f8a210e2a) Importer(815301076,1909f56bfc062723c751e8b465ee728b)  -> (artifact id: 'ad4c8b73e554c70204d4c1b3cb1c9a74') in 0.008180 seconds
Number of updated asset objects reloaded before import = 0
Number of asset objects unloaded after import = 2
========================================================================
Received Import Request.
  Time since last request: 0.000010 seconds.
  path: Assets/Scenes/mcdonalds_mds_v2beta_texture_85.png
  artifactKey: Guid(2bead135e802ddc4584d1588623ac2cc) Importer(815301076,1909f56bfc062723c751e8b465ee728b)
Start importing Assets/Scenes/mcdonalds_mds_v2beta_texture_85.png using Guid(2bead135e802ddc4584d1588623ac2cc) Importer(815301076,1909f56bfc062723c751e8b465ee728b)  -> (artifact id: 'ea5a6cfabff4d0ccf09df174694f7ac9') in 0.007909 seconds
Number of updated asset objects reloaded before import = 0
Number of asset objects unloaded after import = 2
========================================================================
Received Import Request.
  Time since last request: 0.000014 seconds.
  path: Assets/Scenes/mcdonalds_mds_v2beta_texture_27.png
  artifactKey: Guid(d5e862abb1bee7844a6c322c887eebe8) Importer(815301076,1909f56bfc062723c751e8b465ee728b)
Start importing Assets/Scenes/mcdonalds_mds_v2beta_texture_27.png using Guid(d5e862abb1bee7844a6c322c887eebe8) Importer(815301076,1909f56bfc062723c751e8b465ee728b)  -> (artifact id: '26ae4e494c6f25fe392622b07ff945db') in 0.009085 seconds
Number of updated asset objects reloaded before import = 0
Number of asset objects unloaded after import = 2
========================================================================
Received Import Request.
  Time since last request: 0.000013 seconds.
  path: Assets/Scenes/mcdonalds_mds_v2beta_texture_58.png
  artifactKey: Guid(40675121b2b805a4995493e2966739d4) Importer(815301076,1909f56bfc062723c751e8b465ee728b)
Start importing Assets/Scenes/mcdonalds_mds_v2beta_texture_58.png using Guid(40675121b2b805a4995493e2966739d4) Importer(815301076,1909f56bfc062723c751e8b465ee728b)  -> (artifact id: 'dfefc80a18fb16f96c18fc28ad09b149') in 0.008469 seconds
Number of updated asset objects reloaded before import = 0
Number of asset objects unloaded after import = 2
========================================================================
Received Import Request.
  Time since last request: 0.000014 seconds.
  path: Assets/Scenes/mcdonalds_mds_v2beta_texture_106.png
  artifactKey: Guid(ad6384f0b216a8646bab6c8b0d608ee3) Importer(815301076,1909f56bfc062723c751e8b465ee728b)
Start importing Assets/Scenes/mcdonalds_mds_v2beta_texture_106.png using Guid(ad6384f0b216a8646bab6c8b0d608ee3) Importer(815301076,1909f56bfc062723c751e8b465ee728b)  -> (artifact id: '991e8e67fe5e33308d2a83259574c2b4') in 0.007861 seconds
Number of updated asset objects reloaded before import = 0
Number of asset objects unloaded after import = 2
========================================================================
Received Import Request.
  Time since last request: 0.000010 seconds.
  path: Assets/Scenes/mcdonalds_mds_v2beta_texture_90.png
  artifactKey: Guid(8a5b71a630e23c3489856999e388aa6d) Importer(815301076,1909f56bfc062723c751e8b465ee728b)
Start importing Assets/Scenes/mcdonalds_mds_v2beta_texture_90.png using Guid(8a5b71a630e23c3489856999e388aa6d) Importer(815301076,1909f56bfc062723c751e8b465ee728b)  -> (artifact id: '69b8fc3d1ac0e9b0a02f69506544ac11') in 0.007867 seconds
Number of updated asset objects reloaded before import = 0
Number of asset objects unloaded after import = 2
========================================================================
Received Import Request.
  Time since last request: 0.000014 seconds.
  path: Assets/Scenes/mcdonalds_mds_v2beta_texture_119.png
  artifactKey: Guid(5e6ecff2c2680074f9d859f257948ef7) Importer(815301076,1909f56bfc062723c751e8b465ee728b)
Start importing Assets/Scenes/mcdonalds_mds_v2beta_texture_119.png using Guid(5e6ecff2c2680074f9d859f257948ef7) Importer(815301076,1909f56bfc062723c751e8b465ee728b)  -> (artifact id: 'b9eeeb0b99a8c26e5d5f57f74f9f596f') in 0.008255 seconds
Number of updated asset objects reloaded before import = 0
Number of asset objects unloaded after import = 2
========================================================================
Received Import Request.
  Time since last request: 0.000013 seconds.
  path: Assets/Scenes/mcdonalds_mds_v2beta_texture_93.png
  artifactKey: Guid(06d4e938ed04a6b4a980562f09b2ece2) Importer(815301076,1909f56bfc062723c751e8b465ee728b)
Start importing Assets/Scenes/mcdonalds_mds_v2beta_texture_93.png using Guid(06d4e938ed04a6b4a980562f09b2ece2) Importer(815301076,1909f56bfc062723c751e8b465ee728b)  -> (artifact id: '5821e17999a31069eefc22f98257dcd7') in 0.008366 seconds
Number of updated asset objects reloaded before import = 0
Number of asset objects unloaded after import = 2
========================================================================
Received Import Request.
  Time since last request: 0.000018 seconds.
  path: Assets/Scenes/mcdonalds_mds_v2beta_texture_94.png
  artifactKey: Guid(3c3a1b8d4d6483a46a30109cef30a7da) Importer(815301076,1909f56bfc062723c751e8b465ee728b)
Start importing Assets/Scenes/mcdonalds_mds_v2beta_texture_94.png using Guid(3c3a1b8d4d6483a46a30109cef30a7da) Importer(815301076,1909f56bfc062723c751e8b465ee728b)  -> (artifact id: '127bcb34675ac079e25eeca326d56d91') in 0.010619 seconds
Number of updated asset objects reloaded before import = 0
Number of asset objects unloaded after import = 2
========================================================================
Received Import Request.
  Time since last request: 0.000020 seconds.
  path: Assets/Scenes/mcdonalds_mds_v2beta_texture_49.png
  artifactKey: Guid(79e3d868e53657d40a47d6016a6eff4f) Importer(815301076,1909f56bfc062723c751e8b465ee728b)
Start importing Assets/Scenes/mcdonalds_mds_v2beta_texture_49.png using Guid(79e3d868e53657d40a47d6016a6eff4f) Importer(815301076,1909f56bfc062723c751e8b465ee728b)  -> (artifact id: 'e8bcc6a41a32a582dda7b72eaaf26879') in 0.008907 seconds
Number of updated asset objects reloaded before import = 0
Number of asset objects unloaded after import = 2
========================================================================
Received Import Request.
  Time since last request: 0.000014 seconds.
  path: Assets/Scenes/mcdonalds_mds_v2beta_texture_47.png
  artifactKey: Guid(de8f8b53f163c0d419e17c970f3adc19) Importer(815301076,1909f56bfc062723c751e8b465ee728b)
Start importing Assets/Scenes/mcdonalds_mds_v2beta_texture_47.png using Guid(de8f8b53f163c0d419e17c970f3adc19) Importer(815301076,1909f56bfc062723c751e8b465ee728b)  -> (artifact id: '9dc28d5ab6f4a8a41b896c06320d3bc3') in 0.007841 seconds
Number of updated asset objects reloaded before import = 0
Number of asset objects unloaded after import = 2
========================================================================
Received Import Request.
  Time since last request: 0.000019 seconds.
  path: Assets/Scenes/mcdonalds_mds_v2beta_texture_61.png
  artifactKey: Guid(0e2f58641d8d68645be466c74bc95fcb) Importer(815301076,1909f56bfc062723c751e8b465ee728b)
Start importing Assets/Scenes/mcdonalds_mds_v2beta_texture_61.png using Guid(0e2f58641d8d68645be466c74bc95fcb) Importer(815301076,1909f56bfc062723c751e8b465ee728b)  -> (artifact id: 'fcb40ac54da1b1e6a6264e7b4edca19d') in 0.007779 seconds
Number of updated asset objects reloaded before import = 0
Number of asset objects unloaded after import = 2
========================================================================
Received Import Request.
  Time since last request: 0.000018 seconds.
  path: Assets/Scenes/mcdonalds_mds_v2beta_texture_65.png
  artifactKey: Guid(5d37ca7ce05c5104198eb0db414a8a40) Importer(815301076,1909f56bfc062723c751e8b465ee728b)
Start importing Assets/Scenes/mcdonalds_mds_v2beta_texture_65.png using Guid(5d37ca7ce05c5104198eb0db414a8a40) Importer(815301076,1909f56bfc062723c751e8b465ee728b)  -> (artifact id: '9487345e9b33a504acec30431b9c14a4') in 0.008507 seconds
Number of updated asset objects reloaded before import = 0
Number of asset objects unloaded after import = 2
========================================================================
Received Import Request.
  Time since last request: 16.389526 seconds.
  path: Assets/Scenes/mcdonalds_mds_v2beta_texture_134.png
  artifactKey: Guid(9633095f61bd32049b65b02646989f6a) Importer(815301076,1909f56bfc062723c751e8b465ee728b)
Start importing Assets/Scenes/mcdonalds_mds_v2beta_texture_134.png using Guid(9633095f61bd32049b65b02646989f6a) Importer(815301076,1909f56bfc062723c751e8b465ee728b)  -> (artifact id: '2cbc972df015e71a592ae5b7f4531741') in 0.022330 seconds
Number of updated asset objects reloaded before import = 0
Number of asset objects unloaded after import = 2
========================================================================
Received Import Request.
  Time since last request: 0.000029 seconds.
  path: Assets/Scenes/mcdonalds_mds_v2beta_texture_142.png
  artifactKey: Guid(37f46708159b48c43b8f35284b2ce437) Importer(815301076,1909f56bfc062723c751e8b465ee728b)
Start importing Assets/Scenes/mcdonalds_mds_v2beta_texture_142.png using Guid(37f46708159b48c43b8f35284b2ce437) Importer(815301076,1909f56bfc062723c751e8b465ee728b)  -> (artifact id: '12773dbe906743bc38d90920e3d13329') in 0.023241 seconds
Number of updated asset objects reloaded before import = 0
Number of asset objects unloaded after import = 2
========================================================================
Received Import Request.
  Time since last request: 0.000012 seconds.
  path: Assets/Scenes/mcdonalds_mds_v2beta_texture_137.png
  artifactKey: Guid(018658114b2900b438723c87748acf46) Importer(815301076,1909f56bfc062723c751e8b465ee728b)
Start importing Assets/Scenes/mcdonalds_mds_v2beta_texture_137.png using Guid(018658114b2900b438723c87748acf46) Importer(815301076,1909f56bfc062723c751e8b465ee728b)  -> (artifact id: 'fb1cd28148e2158859e22f525dc6e63d') in 0.015658 seconds
Number of updated asset objects reloaded before import = 0
Number of asset objects unloaded after import = 2
========================================================================
Received Import Request.
  Time since last request: 0.000015 seconds.
  path: Assets/Scenes/mcdonalds_mds_v2beta_texture_141.png
  artifactKey: Guid(21dc787737053374384c0c17731e05b5) Importer(815301076,1909f56bfc062723c751e8b465ee728b)
Start importing Assets/Scenes/mcdonalds_mds_v2beta_texture_141.png using Guid(21dc787737053374384c0c17731e05b5) Importer(815301076,1909f56bfc062723c751e8b465ee728b)  -> (artifact id: '6f3d1da7beb2067c74ac6dbd830bca32') in 0.008669 seconds
Number of updated asset objects reloaded before import = 0
Number of asset objects unloaded after import = 2
========================================================================
Received Import Request.
  Time since last request: 0.000012 seconds.
  path: Assets/Scenes/mcdonalds_mds_v2beta_texture_138.png
  artifactKey: Guid(5d62c6972dbf046489c74b253f4ce44c) Importer(815301076,1909f56bfc062723c751e8b465ee728b)
Start importing Assets/Scenes/mcdonalds_mds_v2beta_texture_138.png using Guid(5d62c6972dbf046489c74b253f4ce44c) Importer(815301076,1909f56bfc062723c751e8b465ee728b)  -> (artifact id: 'd25e8c2592f1c4ad6a3847f1cec6b46a') in 0.010004 seconds
Number of updated asset objects reloaded before import = 0
Number of asset objects unloaded after import = 2
========================================================================
Received Import Request.
  Time since last request: 0.000018 seconds.
  path: Assets/Scenes/mcdonalds_mds_v2beta_texture_136.png
  artifactKey: Guid(67054cbf1d329434f9679ff3e0d23895) Importer(815301076,1909f56bfc062723c751e8b465ee728b)
Start importing Assets/Scenes/mcdonalds_mds_v2beta_texture_136.png using Guid(67054cbf1d329434f9679ff3e0d23895) Importer(815301076,1909f56bfc062723c751e8b465ee728b)  -> (artifact id: '89c4e874384e1703f58929990a78c56a') in 0.008010 seconds
Number of updated asset objects reloaded before import = 0
Number of asset objects unloaded after import = 2
========================================================================
Received Import Request.
  Time since last request: 0.000014 seconds.
  path: Assets/Scenes/mcdonalds_mds_v2beta_texture_156.png
  artifactKey: Guid(bf70593ccf2687049a148b18ffb48132) Importer(815301076,1909f56bfc062723c751e8b465ee728b)
Start importing Assets/Scenes/mcdonalds_mds_v2beta_texture_156.png using Guid(bf70593ccf2687049a148b18ffb48132) Importer(815301076,1909f56bfc062723c751e8b465ee728b)  -> (artifact id: '1e0fd83e7b1ecbdc074b4c63cea8faeb') in 0.008910 seconds
Number of updated asset objects reloaded before import = 0
Number of asset objects unloaded after import = 2
========================================================================
Received Import Request.
  Time since last request: 0.000012 seconds.
  path: Assets/Scenes/mcdonalds_mds_v2beta_texture_157.png
  artifactKey: Guid(bb206c68e2b38e546b0d0faaf2c54181) Importer(815301076,1909f56bfc062723c751e8b465ee728b)
Start importing Assets/Scenes/mcdonalds_mds_v2beta_texture_157.png using Guid(bb206c68e2b38e546b0d0faaf2c54181) Importer(815301076,1909f56bfc062723c751e8b465ee728b)  -> (artifact id: '799ff94c9113afb5425853e555456c60') in 0.009477 seconds
Number of updated asset objects reloaded before import = 0
Number of asset objects unloaded after import = 2
Editor requested this worker to shutdown with reason: Scaling down because of idle timeout
TcpMessagingSession - receive error: operation aborted. errorcode: 995, details:  /   -       .
AssetImportWorker is now disconnected from the server
Process exiting
Exiting without the bug reporter. Application will terminate with return code 0