Using pre-set license
Built from '2022.3/release' branch; Version is '2022.3.20f1 (61c2feb0970d) revision 6406910'; Using compiler version '192829333'; Build Type 'Release'
OS: 'Windows 11  (10.0.22631) 64bit CoreSingleLanguage' Language: 'ru' Physical Memory: 16335 MB
BatchMode: 1, IsHumanControllingUs: 0, StartBugReporterOnCrash: 0, Is64bit: 1, IsPro: 1

COMMAND LINE ARGUMENTS:
D:\unityfolder\2022.3.20f1\Editor\Unity.exe
-adb2
-batchMode
-noUpm
-name
AssetImportWorker1
-projectPath
C:/Users/diman/OneDrive/Рабочий стол/FNAM UNITY/My project (1)
-logFile
Logs/AssetImportWorker1.log
-srvPort
51597
Successfully changed project path to: C:/Users/diman/OneDrive/Рабочий стол/FNAM UNITY/My project (1)
C:/Users/diman/OneDrive/Рабочий стол/FNAM UNITY/My project (1)
[UnityMemory] Configuration Parameters - Can be set up in boot.config
    "memorysetup-bucket-allocator-granularity=16"
    "memorysetup-bucket-allocator-bucket-count=8"
    "memorysetup-bucket-allocator-block-size=33554432"
    "memorysetup-bucket-allocator-block-count=8"
    "memorysetup-main-allocator-block-size=16777216"
    "memorysetup-thread-allocator-block-size=16777216"
    "memorysetup-gfx-main-allocator-block-size=16777216"
    "memorysetup-gfx-thread-allocator-block-size=16777216"
    "memorysetup-cache-allocator-block-size=4194304"
    "memorysetup-typetree-allocator-block-size=2097152"
    "memorysetup-profiler-bucket-allocator-granularity=16"
    "memorysetup-profiler-bucket-allocator-bucket-count=8"
    "memorysetup-profiler-bucket-allocator-block-size=33554432"
    "memorysetup-profiler-bucket-allocator-block-count=8"
    "memorysetup-profiler-allocator-block-size=16777216"
    "memorysetup-profiler-editor-allocator-block-size=1048576"
    "memorysetup-temp-allocator-size-main=16777216"
    "memorysetup-job-temp-allocator-block-size=2097152"
    "memorysetup-job-temp-allocator-block-size-background=1048576"
    "memorysetup-job-temp-allocator-reduction-small-platforms=262144"
    "memorysetup-allocator-temp-initial-block-size-main=262144"
    "memorysetup-allocator-temp-initial-block-size-worker=262144"
    "memorysetup-temp-allocator-size-background-worker=32768"
    "memorysetup-temp-allocator-size-job-worker=262144"
    "memorysetup-temp-allocator-size-preload-manager=33554432"
    "memorysetup-temp-allocator-size-nav-mesh-worker=65536"
    "memorysetup-temp-allocator-size-audio-worker=65536"
    "memorysetup-temp-allocator-size-cloud-worker=32768"
    "memorysetup-temp-allocator-size-gi-baking-worker=262144"
    "memorysetup-temp-allocator-size-gfx=262144"
Player connection [3372] Host "[IP] 192.168.0.107 [Port] 0 [Flags] 2 [Guid] 229632302 [EditorId] 229632302 [Version] 1048832 [Id] WindowsEditor(7,DESKTOP-B7JFJVP) [Debug] 1 [PackageName] WindowsEditor [ProjectName] Editor" joined multi-casting on [225.0.0.222:54997]...

Player connection [3372] Host "[IP] 192.168.0.107 [Port] 0 [Flags] 2 [Guid] 229632302 [EditorId] 229632302 [Version] 1048832 [Id] WindowsEditor(7,DESKTOP-B7JFJVP) [Debug] 1 [PackageName] WindowsEditor [ProjectName] Editor" joined alternative multi-casting on [225.0.0.222:34997]...

[Physics::Module] Initialized MultithreadedJobDispatcher with 3 workers.
Refreshing native plugins compatible for Editor in 10.18 ms, found 3 plugins.
Preloading 0 native plugins for Editor in 0.00 ms.
Initialize engine version: 2022.3.20f1 (61c2feb0970d)
[Subsystems] Discovering subsystems at path D:/unityfolder/2022.3.20f1/Editor/Data/Resources/UnitySubsystems
[Subsystems] Discovering subsystems at path C:/Users/diman/OneDrive/Рабочий стол/FNAM UNITY/My project (1)/Assets
GfxDevice: creating device client; threaded=0; jobified=0
Direct3D:
    Version:  Direct3D 11.0 [level 11.1]
    Renderer: NVIDIA GeForce GTX 1050 Ti (ID=0x1c82)
    Vendor:   NVIDIA
    VRAM:     4004 MB
    Driver:   31.0.15.5123
Initialize mono
Mono path[0] = 'D:/unityfolder/2022.3.20f1/Editor/Data/Managed'
Mono path[1] = 'D:/unityfolder/2022.3.20f1/Editor/Data/MonoBleedingEdge/lib/mono/unityjit-win32'
Mono config path = 'D:/unityfolder/2022.3.20f1/Editor/Data/MonoBleedingEdge/etc'
Using monoOptions --debugger-agent=transport=dt_socket,embedding=1,server=y,suspend=n,address=127.0.0.1:56228
Begin MonoManager ReloadAssembly
Registering precompiled unity dll's ...
Register platform support module: D:/unityfolder/2022.3.20f1/Editor/Data/PlaybackEngines/WebGLSupport/UnityEditor.WebGL.Extensions.dll
Register platform support module: D:/unityfolder/2022.3.20f1/Editor/Data/PlaybackEngines/WindowsStandaloneSupport/UnityEditor.WindowsStandalone.Extensions.dll
Registered in 0.009706 seconds.
- Loaded All Assemblies, in  0.499 seconds
Native extension for WindowsStandalone target not found
Native extension for WebGL target not found
Mono: successfully reloaded assembly
- Finished resetting the current domain, in  0.403 seconds
Domain Reload Profiling: 960ms
	BeginReloadAssembly (181ms)
		ExecutionOrderSort (0ms)
		DisableScriptedObjects (0ms)
		BackupInstance (0ms)
		ReleaseScriptingObjects (0ms)
		CreateAndSetChildDomain (1ms)
	RebuildCommonClasses (47ms)
	RebuildNativeTypeToScriptingClass (14ms)
	initialDomainReloadingComplete (72ms)
	LoadAllAssembliesAndSetupDomain (243ms)
		LoadAssemblies (180ms)
		RebuildTransferFunctionScriptingTraits (0ms)
		AnalyzeDomain (180ms)
			TypeCache.Refresh (179ms)
				TypeCache.ScanAssembly (162ms)
			ScanForSourceGeneratedMonoScriptInfo (0ms)
			ResolveRequiredComponents (1ms)
	FinalizeReload (403ms)
		ReleaseScriptCaches (0ms)
		RebuildScriptCaches (0ms)
		SetupLoadedEditorAssemblies (293ms)
			LogAssemblyErrors (0ms)
			InitializePlatformSupportModulesInManaged (14ms)
			SetLoadedEditorAssemblies (7ms)
			RefreshPlugins (0ms)
			BeforeProcessingInitializeOnLoad (3ms)
			ProcessInitializeOnLoadAttributes (205ms)
			ProcessInitializeOnLoadMethodAttributes (64ms)
			AfterProcessingInitializeOnLoad (0ms)
			EditorAssembliesLoaded (0ms)
		ExecutionOrderSort2 (0ms)
		AwakeInstancesAfterBackupRestoration (0ms)
========================================================================
Worker process is ready to serve import requests
Begin MonoManager ReloadAssembly
- Loaded All Assemblies, in  1.191 seconds
Refreshing native plugins compatible for Editor in 5.46 ms, found 3 plugins.
Native extension for WindowsStandalone target not found
Native extension for WebGL target not found
Package Manager log level set to [2]
[Package Manager] Server::EnsureServerProcessIsRunning -- launch failed, reason: Unity was launched with the -noUpm command-line argument
[Package Manager] UpmClient::Send -- Unable to send message (not connected to UPM process).
[Package Manager] Cannot connect to Unity Package Manager local server
Mono: successfully reloaded assembly
- Finished resetting the current domain, in  1.191 seconds
Domain Reload Profiling: 2379ms
	BeginReloadAssembly (271ms)
		ExecutionOrderSort (0ms)
		DisableScriptedObjects (9ms)
		BackupInstance (0ms)
		ReleaseScriptingObjects (1ms)
		CreateAndSetChildDomain (27ms)
	RebuildCommonClasses (61ms)
	RebuildNativeTypeToScriptingClass (18ms)
	initialDomainReloadingComplete (72ms)
	LoadAllAssembliesAndSetupDomain (766ms)
		LoadAssemblies (608ms)
		RebuildTransferFunctionScriptingTraits (0ms)
		AnalyzeDomain (332ms)
			TypeCache.Refresh (277ms)
				TypeCache.ScanAssembly (251ms)
			ScanForSourceGeneratedMonoScriptInfo (46ms)
			ResolveRequiredComponents (7ms)
	FinalizeReload (1191ms)
		ReleaseScriptCaches (0ms)
		RebuildScriptCaches (0ms)
		SetupLoadedEditorAssemblies (696ms)
			LogAssemblyErrors (0ms)
			InitializePlatformSupportModulesInManaged (13ms)
			SetLoadedEditorAssemblies (7ms)
			RefreshPlugins (0ms)
			BeforeProcessingInitializeOnLoad (92ms)
			ProcessInitializeOnLoadAttributes (538ms)
			ProcessInitializeOnLoadMethodAttributes (37ms)
			AfterProcessingInitializeOnLoad (8ms)
			EditorAssembliesLoaded (0ms)
		ExecutionOrderSort2 (0ms)
		AwakeInstancesAfterBackupRestoration (11ms)
Launched and connected shader compiler UnityShaderCompiler.exe after 0.10 seconds
Refreshing native plugins compatible for Editor in 5.65 ms, found 3 plugins.
Preloading 0 native plugins for Editor in 0.00 ms.
Unloading 3083 Unused Serialized files (Serialized files now loaded: 0)
Unloading 32 unused Assets / (57.0 KB). Loaded Objects now: 3544.
Memory consumption went from 122.1 MB to 122.1 MB.
Total: 3.946700 ms (FindLiveObjects: 0.295200 ms CreateObjectMapping: 0.097200 ms MarkObjects: 3.373700 ms  DeleteObjects: 0.179200 ms)

AssetImportParameters requested are different than current active one (requested -> active):
  custom:container-demuxer-ogg: 62fdf1f143b41e24485cea50d1cbac27 -> 
  custom:video-codec-MediaFoundation-h265: 746d11721c4dcdbdad8f713fa42b33f4 -> 
  custom:video-decoder-ogg-theora: a1e56fd34408186e4bbccfd4996cb3dc -> 
  custom:framework-win-MediaFoundation: 216162199b28c13a410421893ffa2e32 -> 
  custom:CustomObjectIndexerAttribute: 6d391050e5a25f67b0a2c618074f2cd9 -> 
  custom:container-demuxer-webm: 4f35f7cbe854078d1ac9338744f61a02 -> 
  custom:container-muxer-webm: aa71ff27fc2769a1b78a27578f13a17b -> 
  custom:video-decoder-webm-vp8: 9c59270c3fd7afecdb556c50c9e8de78 -> 
  custom:SearchIndexIgnoredProperties: e643bd26f0fe6173181afceb89e7c659 -> 
  custom:AudioImporter_EditorPlatform: d09bf68614088b80899f8185d706f6e7 -> 
  custom:video-encoder-webm-vp8: eb34c28f22e8b96e1ab97ce403110664 -> 
  custom:audio-decoder-ogg-vorbis: bf7c407c2cedff20999df2af8eb42d56 -> 
  custom:audio-encoder-webm-vorbis: bf7c407c2cedff20999df2af8eb42d56 -> 
========================================================================
Received Import Request.
  Time since last request: 16634.402326 seconds.
  path: Assets/Scenes/mcdonalds_mds_v2beta.obj
  artifactKey: Guid(00f0f2894fcab0e4cb25a4b2e8504108) Importer(815301076,1909f56bfc062723c751e8b465ee728b)
Start importing Assets/Scenes/mcdonalds_mds_v2beta.obj using Guid(00f0f2894fcab0e4cb25a4b2e8504108) Importer(815301076,1909f56bfc062723c751e8b465ee728b)  -> (artifact id: 'e4f0fbe1eda629a87d85b6503809a6ad') in 9.248491 seconds
Number of updated asset objects reloaded before import = 0
Number of asset objects unloaded after import = 3292
========================================================================
Received Import Request.
  Time since last request: 357.649095 seconds.
  path: Assets/Scenes/mcdonalds_mds_v2beta.obj
  artifactKey: Guid(00f0f2894fcab0e4cb25a4b2e8504108) Importer(2089858483,0ecaa5967403d082aa24f35e1b516d23)
Start importing Assets/Scenes/mcdonalds_mds_v2beta.obj using Guid(00f0f2894fcab0e4cb25a4b2e8504108) Importer(2089858483,0ecaa5967403d082aa24f35e1b516d23)  -> (artifact id: '307a3c07f8bf8442945198e13fc99323') in 4.661551 seconds
Number of updated asset objects reloaded before import = 0
Number of asset objects unloaded after import = 3292
========================================================================
Received Import Request.
  Time since last request: 0.000025 seconds.
  path: Assets/Textures/mcdonalds_mds_v2beta_texture_143.png
  artifactKey: Guid(677ba3d2698fd894287ea1d7d8246b9f) Importer(2089858483,0ecaa5967403d082aa24f35e1b516d23)
Start importing Assets/Textures/mcdonalds_mds_v2beta_texture_143.png using Guid(677ba3d2698fd894287ea1d7d8246b9f) Importer(2089858483,0ecaa5967403d082aa24f35e1b516d23)  -> (artifact id: 'd5d262d398d300c3fe6253433b4d8792') in 3.019923 seconds
Number of updated asset objects reloaded before import = 0
Number of asset objects unloaded after import = 1
========================================================================
Received Import Request.
  Time since last request: 0.000028 seconds.
  path: Assets/Textures/mcdonalds_mds_v2beta_texture_99.png
  artifactKey: Guid(1bd27cadf237fa9468057b1bdef3842b) Importer(2089858483,0ecaa5967403d082aa24f35e1b516d23)
Start importing Assets/Textures/mcdonalds_mds_v2beta_texture_99.png using Guid(1bd27cadf237fa9468057b1bdef3842b) Importer(2089858483,0ecaa5967403d082aa24f35e1b516d23)  -> (artifact id: '92fd4cf48074d9ba06d00bd87f9830e3') in 0.572920 seconds
Number of updated asset objects reloaded before import = 0
Number of asset objects unloaded after import = 1
========================================================================
Received Import Request.
  Time since last request: 0.000729 seconds.
  path: Assets/Textures/Cars/ThirdCar.mat
  artifactKey: Guid(19b052244d4ddb64a8d676f96ad46d35) Importer(2089858483,0ecaa5967403d082aa24f35e1b516d23)
Start importing Assets/Textures/Cars/ThirdCar.mat using Guid(19b052244d4ddb64a8d676f96ad46d35) Importer(2089858483,0ecaa5967403d082aa24f35e1b516d23)  -> (artifact id: 'ddadb350f4b18b08b949905a3d34a652') in 0.026430 seconds
Number of updated asset objects reloaded before import = 0
Number of asset objects unloaded after import = 2
========================================================================
Received Import Request.
  Time since last request: 0.000019 seconds.
  path: Assets/Textures/mcdonalds_mds_v2beta_texture_156.png
  artifactKey: Guid(bf70593ccf2687049a148b18ffb48132) Importer(2089858483,0ecaa5967403d082aa24f35e1b516d23)
Start importing Assets/Textures/mcdonalds_mds_v2beta_texture_156.png using Guid(bf70593ccf2687049a148b18ffb48132) Importer(2089858483,0ecaa5967403d082aa24f35e1b516d23)  -> (artifact id: '1a4bbd189e7f1bf2ed5de721cbf62789') in 0.073299 seconds
Number of updated asset objects reloaded before import = 0
Number of asset objects unloaded after import = 1
========================================================================
Received Import Request.
  Time since last request: 0.000017 seconds.
  path: Assets/Textures/BlackMaterials/New Material 12.mat
  artifactKey: Guid(c2c96275c79569842870a556495d67a1) Importer(2089858483,0ecaa5967403d082aa24f35e1b516d23)
Start importing Assets/Textures/BlackMaterials/New Material 12.mat using Guid(c2c96275c79569842870a556495d67a1) Importer(2089858483,0ecaa5967403d082aa24f35e1b516d23)  -> (artifact id: 'a311ad15f6768ca5d71a11f82670507c') in 0.048382 seconds
Number of updated asset objects reloaded before import = 0
Number of asset objects unloaded after import = 1
========================================================================
Received Import Request.
  Time since last request: 0.000016 seconds.
  path: Assets/Textures/Cars/FirstCar.mat
  artifactKey: Guid(5cc6c84c1a779c746909cdac5ca254b9) Importer(2089858483,0ecaa5967403d082aa24f35e1b516d23)
Start importing Assets/Textures/Cars/FirstCar.mat using Guid(5cc6c84c1a779c746909cdac5ca254b9) Importer(2089858483,0ecaa5967403d082aa24f35e1b516d23)  -> (artifact id: 'dd8f3e1844641b67fc3cc30a79a144fd') in 0.030039 seconds
Number of updated asset objects reloaded before import = 0
Number of asset objects unloaded after import = 2
========================================================================
Received Import Request.
  Time since last request: 0.000018 seconds.
  path: Assets/Textures/mcdonalds_mds_v2beta_texture_139 — копия.png
  artifactKey: Guid(90ca46d4424ebf24cbbce67e6a99fedd) Importer(2089858483,0ecaa5967403d082aa24f35e1b516d23)
Start importing Assets/Textures/mcdonalds_mds_v2beta_texture_139 — копия.png using Guid(90ca46d4424ebf24cbbce67e6a99fedd) Importer(2089858483,0ecaa5967403d082aa24f35e1b516d23)  -> (artifact id: '6fa39c34c2b98d279e559bc0a58bdd96') in 0.121449 seconds
Number of updated asset objects reloaded before import = 0
Number of asset objects unloaded after import = 1
========================================================================
Received Import Request.
  Time since last request: 0.000019 seconds.
  path: Assets/Textures/BlackMaterials/mcdonalds_mds_v2beta_texture_62.png
  artifactKey: Guid(02a90acf158f0464f98c48c3f8a03a0a) Importer(2089858483,0ecaa5967403d082aa24f35e1b516d23)
Start importing Assets/Textures/BlackMaterials/mcdonalds_mds_v2beta_texture_62.png using Guid(02a90acf158f0464f98c48c3f8a03a0a) Importer(2089858483,0ecaa5967403d082aa24f35e1b516d23)  -> (artifact id: '48acf1536fe8a0648124c9046275b094') in 0.053118 seconds
Number of updated asset objects reloaded before import = 0
Number of asset objects unloaded after import = 1
========================================================================
Received Import Request.
  Time since last request: 0.000102 seconds.
  path: Assets/Textures/Houses/mcdonalds_mds_v2beta_texture_122.png
  artifactKey: Guid(4706ec3633ca68b4987a4aba8d24bd35) Importer(2089858483,0ecaa5967403d082aa24f35e1b516d23)
Start importing Assets/Textures/Houses/mcdonalds_mds_v2beta_texture_122.png using Guid(4706ec3633ca68b4987a4aba8d24bd35) Importer(2089858483,0ecaa5967403d082aa24f35e1b516d23)  -> (artifact id: '23ee5a413357d33e255ea994c4dded7b') in 0.077646 seconds
Number of updated asset objects reloaded before import = 0
Number of asset objects unloaded after import = 1
========================================================================
Received Import Request.
  Time since last request: 0.000016 seconds.
  path: Assets/Textures/Cars/mcdonalds_mds_v2beta_texture_134.png
  artifactKey: Guid(9633095f61bd32049b65b02646989f6a) Importer(2089858483,0ecaa5967403d082aa24f35e1b516d23)
Start importing Assets/Textures/Cars/mcdonalds_mds_v2beta_texture_134.png using Guid(9633095f61bd32049b65b02646989f6a) Importer(2089858483,0ecaa5967403d082aa24f35e1b516d23)  -> (artifact id: '1e56db966bbeed75cc439b63645071a1') in 0.069917 seconds
Number of updated asset objects reloaded before import = 0
Number of asset objects unloaded after import = 1
========================================================================
Received Import Request.
  Time since last request: 0.000027 seconds.
  path: Assets/Textures/interier/mcdonalds_mds_v2beta_texture_147.png
  artifactKey: Guid(a45a4d90b5d586d4d942d513ad950004) Importer(2089858483,0ecaa5967403d082aa24f35e1b516d23)
Start importing Assets/Textures/interier/mcdonalds_mds_v2beta_texture_147.png using Guid(a45a4d90b5d586d4d942d513ad950004) Importer(2089858483,0ecaa5967403d082aa24f35e1b516d23)  -> (artifact id: '53dbfdcabb8378232724b8eb843a8961') in 0.099822 seconds
Number of updated asset objects reloaded before import = 0
Number of asset objects unloaded after import = 1
========================================================================
Received Import Request.
  Time since last request: 0.000299 seconds.
  path: Assets/Textures/Houses/mcdonalds_mds_v2beta_texture_150.png
  artifactKey: Guid(0fdf1fa5233d1dc4c94bfee9156b6aa9) Importer(2089858483,0ecaa5967403d082aa24f35e1b516d23)
Start importing Assets/Textures/Houses/mcdonalds_mds_v2beta_texture_150.png using Guid(0fdf1fa5233d1dc4c94bfee9156b6aa9) Importer(2089858483,0ecaa5967403d082aa24f35e1b516d23)  -> (artifact id: '806c156bb36ea9fb1e0123281ce1dfcc') in 0.062060 seconds
Number of updated asset objects reloaded before import = 0
Number of asset objects unloaded after import = 1
========================================================================
Received Import Request.
  Time since last request: 0.000302 seconds.
  path: Assets/Textures/mcdonalds_mds_v2beta_texture_159.png
  artifactKey: Guid(78d5f05d897cff9449aed4aaf768ae52) Importer(2089858483,0ecaa5967403d082aa24f35e1b516d23)
Start importing Assets/Textures/mcdonalds_mds_v2beta_texture_159.png using Guid(78d5f05d897cff9449aed4aaf768ae52) Importer(2089858483,0ecaa5967403d082aa24f35e1b516d23)  -> (artifact id: '7e3dfea6799320dcedf66c420fef0bfe') in 0.067694 seconds
Number of updated asset objects reloaded before import = 0
Number of asset objects unloaded after import = 1
========================================================================
Received Import Request.
  Time since last request: 0.000318 seconds.
  path: Assets/Textures/BlackMaterials/New Material 1.mat
  artifactKey: Guid(9a8c925b0afea5e448d559daf7b68c07) Importer(2089858483,0ecaa5967403d082aa24f35e1b516d23)
Start importing Assets/Textures/BlackMaterials/New Material 1.mat using Guid(9a8c925b0afea5e448d559daf7b68c07) Importer(2089858483,0ecaa5967403d082aa24f35e1b516d23)  -> (artifact id: '9adf5f85effb4e9eb1c96cd6ba854e9e') in 0.016240 seconds
Number of updated asset objects reloaded before import = 0
Number of asset objects unloaded after import = 2
========================================================================
Received Import Request.
  Time since last request: 0.000018 seconds.
  path: Assets/Textures/BlackMaterials/mcdonalds_mds_v2beta_texture_40.png
  artifactKey: Guid(781890ac880a2d3479a3f4105bf4ea9b) Importer(2089858483,0ecaa5967403d082aa24f35e1b516d23)
Start importing Assets/Textures/BlackMaterials/mcdonalds_mds_v2beta_texture_40.png using Guid(781890ac880a2d3479a3f4105bf4ea9b) Importer(2089858483,0ecaa5967403d082aa24f35e1b516d23)  -> (artifact id: '4d86f51c775ecba1b00f72af16077360') in 0.053950 seconds
Number of updated asset objects reloaded before import = 0
Number of asset objects unloaded after import = 1
========================================================================
Received Import Request.
  Time since last request: 0.000610 seconds.
  path: Assets/Textures/interier/mcdonalds_mds_v2beta_texture_138.png
  artifactKey: Guid(5d62c6972dbf046489c74b253f4ce44c) Importer(2089858483,0ecaa5967403d082aa24f35e1b516d23)
Start importing Assets/Textures/interier/mcdonalds_mds_v2beta_texture_138.png using Guid(5d62c6972dbf046489c74b253f4ce44c) Importer(2089858483,0ecaa5967403d082aa24f35e1b516d23)  -> (artifact id: 'f241326dab8b1ce37d4b17b3da7a84e7') in 0.062651 seconds
Number of updated asset objects reloaded before import = 0
Number of asset objects unloaded after import = 1
========================================================================
Received Import Request.
  Time since last request: 0.000028 seconds.
  path: Assets/Textures/Kitchen/mcdonalds_mds_v2beta_texture_151.png
  artifactKey: Guid(65266574e33b0724ebf77146092ac80e) Importer(2089858483,0ecaa5967403d082aa24f35e1b516d23)
Start importing Assets/Textures/Kitchen/mcdonalds_mds_v2beta_texture_151.png using Guid(65266574e33b0724ebf77146092ac80e) Importer(2089858483,0ecaa5967403d082aa24f35e1b516d23)  -> (artifact id: '66c47a671ffa370b9e21b2775d26439e') in 0.085708 seconds
Number of updated asset objects reloaded before import = 0
Number of asset objects unloaded after import = 1
========================================================================
Received Import Request.
  Time since last request: 0.000228 seconds.
  path: Assets/Textures/interier/New Material 1.mat
  artifactKey: Guid(30f385dda68ae67448d6bacd5617ae74) Importer(2089858483,0ecaa5967403d082aa24f35e1b516d23)
Start importing Assets/Textures/interier/New Material 1.mat using Guid(30f385dda68ae67448d6bacd5617ae74) Importer(2089858483,0ecaa5967403d082aa24f35e1b516d23)  -> (artifact id: '58884fa3ee23d7f457587b12cb0742a4') in 0.038251 seconds
Number of updated asset objects reloaded before import = 0
Number of asset objects unloaded after import = 2
========================================================================
Received Import Request.
  Time since last request: 0.000016 seconds.
  path: Assets/Textures/interier/New Material 17.mat
  artifactKey: Guid(064fa78deaa193240b367178558eb85b) Importer(2089858483,0ecaa5967403d082aa24f35e1b516d23)
Start importing Assets/Textures/interier/New Material 17.mat using Guid(064fa78deaa193240b367178558eb85b) Importer(2089858483,0ecaa5967403d082aa24f35e1b516d23)  -> (artifact id: '311f63b7cc303f71379716e56442a5ed') in 0.021074 seconds
Number of updated asset objects reloaded before import = 0
Number of asset objects unloaded after import = 2
========================================================================
Received Import Request.
  Time since last request: 0.000018 seconds.
  path: Assets/Textures/Kitchen/New Material 5.mat
  artifactKey: Guid(c82577639c497ab40a6f203a5903fe6e) Importer(2089858483,0ecaa5967403d082aa24f35e1b516d23)
Start importing Assets/Textures/Kitchen/New Material 5.mat using Guid(c82577639c497ab40a6f203a5903fe6e) Importer(2089858483,0ecaa5967403d082aa24f35e1b516d23)  -> (artifact id: '5b89d5d38f37644529e41d1c1c984fe8') in 0.011856 seconds
Number of updated asset objects reloaded before import = 0
Number of asset objects unloaded after import = 1
========================================================================
Received Import Request.
  Time since last request: 0.000018 seconds.
  path: Assets/Textures/interier/New Material 13.mat
  artifactKey: Guid(97bba7e1f4d91e143b5e1b07fb8533a2) Importer(2089858483,0ecaa5967403d082aa24f35e1b516d23)
Start importing Assets/Textures/interier/New Material 13.mat using Guid(97bba7e1f4d91e143b5e1b07fb8533a2) Importer(2089858483,0ecaa5967403d082aa24f35e1b516d23)  -> (artifact id: 'a7621097cf1362f3e9cfbebface17295') in 0.049347 seconds
Number of updated asset objects reloaded before import = 0
Number of asset objects unloaded after import = 2
========================================================================
Received Import Request.
  Time since last request: 0.000018 seconds.
  path: Assets/Textures/mcdonalds_mds_v2beta_texture_88.png
  artifactKey: Guid(215f73179821eb84f8b0215c9f3021f2) Importer(2089858483,0ecaa5967403d082aa24f35e1b516d23)
Start importing Assets/Textures/mcdonalds_mds_v2beta_texture_88.png using Guid(215f73179821eb84f8b0215c9f3021f2) Importer(2089858483,0ecaa5967403d082aa24f35e1b516d23)  -> (artifact id: 'a75e3895ecbade4a9f17ff50889f0385') in 0.116273 seconds
Number of updated asset objects reloaded before import = 0
Number of asset objects unloaded after import = 1
========================================================================
Received Import Request.
  Time since last request: 0.000056 seconds.
  path: Assets/Textures/mcdonalds_mds_v2beta_texture_97.png
  artifactKey: Guid(8497c5961e4b43a47b362fb9b3e6062b) Importer(2089858483,0ecaa5967403d082aa24f35e1b516d23)
Start importing Assets/Textures/mcdonalds_mds_v2beta_texture_97.png using Guid(8497c5961e4b43a47b362fb9b3e6062b) Importer(2089858483,0ecaa5967403d082aa24f35e1b516d23)  -> (artifact id: '64e296a54c48ca9b35ed6a7783834406') in 0.116084 seconds
Number of updated asset objects reloaded before import = 0
Number of asset objects unloaded after import = 1
========================================================================
Received Import Request.
  Time since last request: 0.000015 seconds.
  path: Assets/Textures/Doors/Door1 9.mat
  artifactKey: Guid(4dee2732dc80ae846bca46454ec510cb) Importer(2089858483,0ecaa5967403d082aa24f35e1b516d23)
Start importing Assets/Textures/Doors/Door1 9.mat using Guid(4dee2732dc80ae846bca46454ec510cb) Importer(2089858483,0ecaa5967403d082aa24f35e1b516d23)  -> (artifact id: '378d58298e3add181d8df934cbcedaf1') in 0.020751 seconds
Number of updated asset objects reloaded before import = 0
Number of asset objects unloaded after import = 2
========================================================================
Received Import Request.
  Time since last request: 0.000018 seconds.
  path: Assets/Textures/BlackMaterials/mcdonalds_mds_v2beta_texture_131.png
  artifactKey: Guid(fe9967ace75e4a240b665806a4278512) Importer(2089858483,0ecaa5967403d082aa24f35e1b516d23)
Start importing Assets/Textures/BlackMaterials/mcdonalds_mds_v2beta_texture_131.png using Guid(fe9967ace75e4a240b665806a4278512) Importer(2089858483,0ecaa5967403d082aa24f35e1b516d23)  -> (artifact id: '4bdde3a096f3b5588f0ffc7776795a0c') in 0.060616 seconds
Number of updated asset objects reloaded before import = 0
Number of asset objects unloaded after import = 1
========================================================================
Received Import Request.
  Time since last request: 0.000027 seconds.
  path: Assets/Textures/Logos/mcdonalds_mds_v2beta_texture_130.png
  artifactKey: Guid(3cada694b699f2749b8f052f363be32c) Importer(2089858483,0ecaa5967403d082aa24f35e1b516d23)
Start importing Assets/Textures/Logos/mcdonalds_mds_v2beta_texture_130.png using Guid(3cada694b699f2749b8f052f363be32c) Importer(2089858483,0ecaa5967403d082aa24f35e1b516d23)  -> (artifact id: '61aa1eeb5e8d5119b03fcd3cb130befb') in 0.101415 seconds
Number of updated asset objects reloaded before import = 0
Number of asset objects unloaded after import = 1
========================================================================
Received Import Request.
  Time since last request: 0.002404 seconds.
  path: Assets/Textures/Materials/black.mat
  artifactKey: Guid(c00649a512bda874abf845ac5949caca) Importer(2089858483,0ecaa5967403d082aa24f35e1b516d23)
Start importing Assets/Textures/Materials/black.mat using Guid(c00649a512bda874abf845ac5949caca) Importer(2089858483,0ecaa5967403d082aa24f35e1b516d23)  -> (artifact id: '856eede303088df7860cf3399364ed47') in 0.014946 seconds
Number of updated asset objects reloaded before import = 0
Number of asset objects unloaded after import = 2
========================================================================
Received Import Request.
  Time since last request: 0.000015 seconds.
  path: Assets/Textures/Materials/mcdonalds_mds_v2beta_texture_53.png
  artifactKey: Guid(84e2137e409f50b42ac138dc309b671d) Importer(2089858483,0ecaa5967403d082aa24f35e1b516d23)
Start importing Assets/Textures/Materials/mcdonalds_mds_v2beta_texture_53.png using Guid(84e2137e409f50b42ac138dc309b671d) Importer(2089858483,0ecaa5967403d082aa24f35e1b516d23)  -> (artifact id: 'ba81489758067185cc8efebaf458c84a') in 0.218815 seconds
Number of updated asset objects reloaded before import = 0
Number of asset objects unloaded after import = 1
========================================================================
Received Import Request.
  Time since last request: 0.000331 seconds.
  path: Assets/Textures/Materials/mcdonalds_mds_v2beta_texture_15.png
  artifactKey: Guid(01d495a6b54d4f2459ec2bcac8fbb0eb) Importer(2089858483,0ecaa5967403d082aa24f35e1b516d23)
Start importing Assets/Textures/Materials/mcdonalds_mds_v2beta_texture_15.png using Guid(01d495a6b54d4f2459ec2bcac8fbb0eb) Importer(2089858483,0ecaa5967403d082aa24f35e1b516d23)  -> (artifact id: '6c420d1a9fbe12b13fdf01eca614d32e') in 0.035809 seconds
Number of updated asset objects reloaded before import = 0
Number of asset objects unloaded after import = 1
========================================================================
Received Import Request.
  Time since last request: 0.000694 seconds.
  path: Assets/Textures/Logos/Logo.mat
  artifactKey: Guid(0657a91545c3bbd45895a9241f73caf8) Importer(2089858483,0ecaa5967403d082aa24f35e1b516d23)
Start importing Assets/Textures/Logos/Logo.mat using Guid(0657a91545c3bbd45895a9241f73caf8) Importer(2089858483,0ecaa5967403d082aa24f35e1b516d23)  -> (artifact id: 'bbc6ae4c8e192a34063a02a6b40bdab9') in 0.014345 seconds
Number of updated asset objects reloaded before import = 0
Number of asset objects unloaded after import = 2
========================================================================
Received Import Request.
  Time since last request: 0.000016 seconds.
  path: Assets/Textures/Logos/mcdonalds_mds_v2beta_texture_129.png
  artifactKey: Guid(c418e0a442e465a4295db84fae81b415) Importer(2089858483,0ecaa5967403d082aa24f35e1b516d23)
Start importing Assets/Textures/Logos/mcdonalds_mds_v2beta_texture_129.png using Guid(c418e0a442e465a4295db84fae81b415) Importer(2089858483,0ecaa5967403d082aa24f35e1b516d23)  -> (artifact id: 'b8f980c5dc086732f0af30f9aa195aa4') in 0.049631 seconds
Number of updated asset objects reloaded before import = 0
Number of asset objects unloaded after import = 1
========================================================================
Received Import Request.
  Time since last request: 0.000017 seconds.
  path: Assets/Textures/Kitchen/mcdonalds_mds_v2beta_texture_93.png
  artifactKey: Guid(06d4e938ed04a6b4a980562f09b2ece2) Importer(2089858483,0ecaa5967403d082aa24f35e1b516d23)
Start importing Assets/Textures/Kitchen/mcdonalds_mds_v2beta_texture_93.png using Guid(06d4e938ed04a6b4a980562f09b2ece2) Importer(2089858483,0ecaa5967403d082aa24f35e1b516d23)  -> (artifact id: 'aea9d824d28e272ddcff292cdd8136a3') in 0.054022 seconds
Number of updated asset objects reloaded before import = 0
Number of asset objects unloaded after import = 1
========================================================================
Received Import Request.
  Time since last request: 0.000020 seconds.
  path: Assets/Textures/Panels/Panel 14.mat
  artifactKey: Guid(aa8b03f345923534ea73a96d7b5d6969) Importer(2089858483,0ecaa5967403d082aa24f35e1b516d23)
Start importing Assets/Textures/Panels/Panel 14.mat using Guid(aa8b03f345923534ea73a96d7b5d6969) Importer(2089858483,0ecaa5967403d082aa24f35e1b516d23)  -> (artifact id: '443a55dda34595e90d8120982dbabace') in 0.024036 seconds
Number of updated asset objects reloaded before import = 0
Number of asset objects unloaded after import = 2
========================================================================
Received Import Request.
  Time since last request: 0.000018 seconds.
  path: Assets/Textures/Panels/mcdonalds_mds_v2beta_texture_18.png
  artifactKey: Guid(be8c9664522b72246a0c2291ca6df74b) Importer(2089858483,0ecaa5967403d082aa24f35e1b516d23)
Start importing Assets/Textures/Panels/mcdonalds_mds_v2beta_texture_18.png using Guid(be8c9664522b72246a0c2291ca6df74b) Importer(2089858483,0ecaa5967403d082aa24f35e1b516d23)  -> (artifact id: '6d74c7f42146f79459f8e31f23d6f43a') in 0.055618 seconds
Number of updated asset objects reloaded before import = 0
Number of asset objects unloaded after import = 1
========================================================================
Received Import Request.
  Time since last request: 0.000258 seconds.
  path: Assets/Textures/Materials/SomeMaterial.mat
  artifactKey: Guid(43d4c23c622a77f408a66cb2b4871d81) Importer(2089858483,0ecaa5967403d082aa24f35e1b516d23)
Start importing Assets/Textures/Materials/SomeMaterial.mat using Guid(43d4c23c622a77f408a66cb2b4871d81) Importer(2089858483,0ecaa5967403d082aa24f35e1b516d23)  -> (artifact id: '2e8b1c2aac709c3c16943892b036cddd') in 0.044373 seconds
Number of updated asset objects reloaded before import = 0
Number of asset objects unloaded after import = 2
========================================================================
Received Import Request.
  Time since last request: 0.000018 seconds.
  path: Assets/Textures/Panels/Panel 4.mat
  artifactKey: Guid(81105f9f621a2784cbb9a70aa3efd81f) Importer(2089858483,0ecaa5967403d082aa24f35e1b516d23)
Start importing Assets/Textures/Panels/Panel 4.mat using Guid(81105f9f621a2784cbb9a70aa3efd81f) Importer(2089858483,0ecaa5967403d082aa24f35e1b516d23)  -> (artifact id: '6ef524b444b10c56a8055e337d07b651') in 0.048316 seconds
Number of updated asset objects reloaded before import = 0
Number of asset objects unloaded after import = 2
========================================================================
Received Import Request.
  Time since last request: 0.000017 seconds.
  path: Assets/Textures/Panels/Panel 7.mat
  artifactKey: Guid(52f25fb7defe70e49a6c3ec49fa88e80) Importer(2089858483,0ecaa5967403d082aa24f35e1b516d23)
Start importing Assets/Textures/Panels/Panel 7.mat using Guid(52f25fb7defe70e49a6c3ec49fa88e80) Importer(2089858483,0ecaa5967403d082aa24f35e1b516d23)  -> (artifact id: '1429312e090d9ce32ad01b34124760d9') in 0.018781 seconds
Number of updated asset objects reloaded before import = 0
Number of asset objects unloaded after import = 2
========================================================================
Received Import Request.
  Time since last request: 0.000017 seconds.
  path: Assets/Textures/Panels/mcdonalds_mds_v2beta_texture_85.png
  artifactKey: Guid(2bead135e802ddc4584d1588623ac2cc) Importer(2089858483,0ecaa5967403d082aa24f35e1b516d23)
Start importing Assets/Textures/Panels/mcdonalds_mds_v2beta_texture_85.png using Guid(2bead135e802ddc4584d1588623ac2cc) Importer(2089858483,0ecaa5967403d082aa24f35e1b516d23)  -> (artifact id: '54c7871a555bb0c8d45e2f44a9b816ae') in 0.030894 seconds
Number of updated asset objects reloaded before import = 0
Number of asset objects unloaded after import = 1
========================================================================
Received Import Request.
  Time since last request: 0.000018 seconds.
  path: Assets/Textures/Materials/SomeMaterial 2.mat
  artifactKey: Guid(1d66cee15289fab4abaaeecdd49399ec) Importer(2089858483,0ecaa5967403d082aa24f35e1b516d23)
Start importing Assets/Textures/Materials/SomeMaterial 2.mat using Guid(1d66cee15289fab4abaaeecdd49399ec) Importer(2089858483,0ecaa5967403d082aa24f35e1b516d23)  -> (artifact id: 'b2de43fbcf23903904bd8efd047328bf') in 0.075218 seconds
Number of updated asset objects reloaded before import = 0
Number of asset objects unloaded after import = 2
========================================================================
Received Import Request.
  Time since last request: 0.000019 seconds.
  path: Assets/Textures/Doors/mcdonalds_mds_v2beta_texture_56.png
  artifactKey: Guid(fd0ff97db2196604abc66c7173368472) Importer(2089858483,0ecaa5967403d082aa24f35e1b516d23)
Start importing Assets/Textures/Doors/mcdonalds_mds_v2beta_texture_56.png using Guid(fd0ff97db2196604abc66c7173368472) Importer(2089858483,0ecaa5967403d082aa24f35e1b516d23)  -> (artifact id: '8d1481344475219421e4781f0869fc11') in 0.037469 seconds
Number of updated asset objects reloaded before import = 0
Number of asset objects unloaded after import = 1
========================================================================
Received Import Request.
  Time since last request: 0.000034 seconds.
  path: Assets/Textures/Kitchen/New Material.mat
  artifactKey: Guid(e4240b282ad0857489ecac025958e6cf) Importer(2089858483,0ecaa5967403d082aa24f35e1b516d23)
Start importing Assets/Textures/Kitchen/New Material.mat using Guid(e4240b282ad0857489ecac025958e6cf) Importer(2089858483,0ecaa5967403d082aa24f35e1b516d23)  -> (artifact id: '6e798edf35f9f2fb4b800c7e6a4e34b3') in 0.012945 seconds
Number of updated asset objects reloaded before import = 0
Number of asset objects unloaded after import = 2
========================================================================
Received Import Request.
  Time since last request: 0.000017 seconds.
  path: Assets/Textures/Cars/Truck2.mat
  artifactKey: Guid(431f363257e98ff43a6e4074e611f890) Importer(2089858483,0ecaa5967403d082aa24f35e1b516d23)
Start importing Assets/Textures/Cars/Truck2.mat using Guid(431f363257e98ff43a6e4074e611f890) Importer(2089858483,0ecaa5967403d082aa24f35e1b516d23)  -> (artifact id: '44a81dc3260016c1d31c426bc7fbcaf1') in 0.016404 seconds
Number of updated asset objects reloaded before import = 0
Number of asset objects unloaded after import = 2
========================================================================
Received Import Request.
  Time since last request: 0.000020 seconds.
  path: Assets/Textures/Panels/mcdonalds_mds_v2beta_texture_30.png
  artifactKey: Guid(8a6a216c832c3504faa42978a39c092d) Importer(2089858483,0ecaa5967403d082aa24f35e1b516d23)
Start importing Assets/Textures/Panels/mcdonalds_mds_v2beta_texture_30.png using Guid(8a6a216c832c3504faa42978a39c092d) Importer(2089858483,0ecaa5967403d082aa24f35e1b516d23)  -> (artifact id: '53f5763b5d89467c270fc2300cfeb034') in 0.046254 seconds
Number of updated asset objects reloaded before import = 0
Number of asset objects unloaded after import = 1
========================================================================
Received Import Request.
  Time since last request: 0.000239 seconds.
  path: Assets/Textures/Doors/Door1 3.mat
  artifactKey: Guid(6f39b4e88b5fe0944be68c3767627ff2) Importer(2089858483,0ecaa5967403d082aa24f35e1b516d23)
Start importing Assets/Textures/Doors/Door1 3.mat using Guid(6f39b4e88b5fe0944be68c3767627ff2) Importer(2089858483,0ecaa5967403d082aa24f35e1b516d23)  -> (artifact id: '46c0ba238019234d86b36962a1725b84') in 0.088374 seconds
Number of updated asset objects reloaded before import = 0
Number of asset objects unloaded after import = 3
========================================================================
Received Import Request.
  Time since last request: 0.000018 seconds.
  path: Assets/Textures/interier/New Material 16.mat
  artifactKey: Guid(9427f6369f584194fbca8bc2b4c05be2) Importer(2089858483,0ecaa5967403d082aa24f35e1b516d23)
Start importing Assets/Textures/interier/New Material 16.mat using Guid(9427f6369f584194fbca8bc2b4c05be2) Importer(2089858483,0ecaa5967403d082aa24f35e1b516d23)  -> (artifact id: 'bd7969ffa60d6ff334f4edaa7779d124') in 0.037629 seconds
Number of updated asset objects reloaded before import = 0
Number of asset objects unloaded after import = 2
========================================================================
Received Import Request.
  Time since last request: 0.000017 seconds.
  path: Assets/Textures/Restoran/mcdonalds_mds_v2beta_texture_37.png
  artifactKey: Guid(833112adf5aaecf4fa2c3adec6502b52) Importer(2089858483,0ecaa5967403d082aa24f35e1b516d23)
Start importing Assets/Textures/Restoran/mcdonalds_mds_v2beta_texture_37.png using Guid(833112adf5aaecf4fa2c3adec6502b52) Importer(2089858483,0ecaa5967403d082aa24f35e1b516d23)  -> (artifact id: '08ecd5d9f5b2232622bc12aad39f3c36') in 0.062032 seconds
Number of updated asset objects reloaded before import = 0
Number of asset objects unloaded after import = 1
========================================================================
Received Import Request.
  Time since last request: 0.000020 seconds.
  path: Assets/Textures/Toilet/mcdonalds_mds_v2beta_texture_112.png
  artifactKey: Guid(cc1b9e02db959434e8eda8c938c99145) Importer(2089858483,0ecaa5967403d082aa24f35e1b516d23)
Start importing Assets/Textures/Toilet/mcdonalds_mds_v2beta_texture_112.png using Guid(cc1b9e02db959434e8eda8c938c99145) Importer(2089858483,0ecaa5967403d082aa24f35e1b516d23)  -> (artifact id: 'cbae84d8245f95afc617f1c28e218bd7') in 0.062806 seconds
Number of updated asset objects reloaded before import = 0
Number of asset objects unloaded after import = 1
========================================================================
Received Import Request.
  Time since last request: 0.000026 seconds.
  path: Assets/Textures/Plak/New Material 2.mat
  artifactKey: Guid(1e13add061806e44cb0b142d27379752) Importer(2089858483,0ecaa5967403d082aa24f35e1b516d23)
Start importing Assets/Textures/Plak/New Material 2.mat using Guid(1e13add061806e44cb0b142d27379752) Importer(2089858483,0ecaa5967403d082aa24f35e1b516d23)  -> (artifact id: 'b7e7626ecaca6f6fdebde696a1826c60') in 0.102535 seconds
Number of updated asset objects reloaded before import = 0
Number of asset objects unloaded after import = 3
========================================================================
Received Import Request.
  Time since last request: 0.000017 seconds.
  path: Assets/Textures/Plak/mcdonalds_mds_v2beta_texture_109.png
  artifactKey: Guid(1cef59fbf015c134ba871e903b63151f) Importer(2089858483,0ecaa5967403d082aa24f35e1b516d23)
Start importing Assets/Textures/Plak/mcdonalds_mds_v2beta_texture_109.png using Guid(1cef59fbf015c134ba871e903b63151f) Importer(2089858483,0ecaa5967403d082aa24f35e1b516d23)  -> (artifact id: '638a33a498dde4c77f620aeffdaef796') in 0.069821 seconds
Number of updated asset objects reloaded before import = 0
Number of asset objects unloaded after import = 1
========================================================================
Received Import Request.
  Time since last request: 0.000017 seconds.
  path: Assets/Textures/Plak/mcdonalds_mds_v2beta_texture_106.png
  artifactKey: Guid(ad6384f0b216a8646bab6c8b0d608ee3) Importer(2089858483,0ecaa5967403d082aa24f35e1b516d23)
Start importing Assets/Textures/Plak/mcdonalds_mds_v2beta_texture_106.png using Guid(ad6384f0b216a8646bab6c8b0d608ee3) Importer(2089858483,0ecaa5967403d082aa24f35e1b516d23)  -> (artifact id: '06502fa3f3ef74671e1abd704299ea6c') in 0.033398 seconds
Number of updated asset objects reloaded before import = 0
Number of asset objects unloaded after import = 1
========================================================================
Received Import Request.
  Time since last request: 0.000017 seconds.
  path: Assets/Textures/Plak/mcdonalds_mds_v2beta_texture_140.png
  artifactKey: Guid(84eccfd57196c064d9f141a5d4fa1732) Importer(2089858483,0ecaa5967403d082aa24f35e1b516d23)
Start importing Assets/Textures/Plak/mcdonalds_mds_v2beta_texture_140.png using Guid(84eccfd57196c064d9f141a5d4fa1732) Importer(2089858483,0ecaa5967403d082aa24f35e1b516d23)  -> (artifact id: 'd8f01146b611808bacc4a0b68d7422da') in 0.096426 seconds
Number of updated asset objects reloaded before import = 0
Number of asset objects unloaded after import = 1
========================================================================
Received Import Request.
  Time since last request: 0.000072 seconds.
  path: Assets/Textures/street/New Material 3.mat
  artifactKey: Guid(db2ca9f26bef94143ac006771f713dd6) Importer(2089858483,0ecaa5967403d082aa24f35e1b516d23)
Start importing Assets/Textures/street/New Material 3.mat using Guid(db2ca9f26bef94143ac006771f713dd6) Importer(2089858483,0ecaa5967403d082aa24f35e1b516d23)  -> (artifact id: 'af2f49c358362b3be322b0f866324132') in 0.051762 seconds
Number of updated asset objects reloaded before import = 0
Number of asset objects unloaded after import = 2
========================================================================
Received Import Request.
  Time since last request: 0.000019 seconds.
  path: Assets/Textures/Toilet/New Material 1.mat
  artifactKey: Guid(f10be2084fc23724fbf21ab909d537a6) Importer(2089858483,0ecaa5967403d082aa24f35e1b516d23)
Start importing Assets/Textures/Toilet/New Material 1.mat using Guid(f10be2084fc23724fbf21ab909d537a6) Importer(2089858483,0ecaa5967403d082aa24f35e1b516d23)  -> (artifact id: '281c86986cb8891276502769f518d504') in 0.088423 seconds
Number of updated asset objects reloaded before import = 0
Number of asset objects unloaded after import = 2
========================================================================
Received Import Request.
  Time since last request: 0.000015 seconds.
  path: Assets/Textures/Cars/Glass.mat
  artifactKey: Guid(44e3e81117732d84f9abea5dfc2ec192) Importer(2089858483,0ecaa5967403d082aa24f35e1b516d23)
Start importing Assets/Textures/Cars/Glass.mat using Guid(44e3e81117732d84f9abea5dfc2ec192) Importer(2089858483,0ecaa5967403d082aa24f35e1b516d23)  -> (artifact id: 'ed5444e8a29933247cda467785d809d9') in 0.066535 seconds
Number of updated asset objects reloaded before import = 0
Number of asset objects unloaded after import = 2
========================================================================
Received Import Request.
  Time since last request: 0.000020 seconds.
  path: Assets/Textures/mcdonalds_mds_v2beta_texture_148.png
  artifactKey: Guid(87a1465abe0d6d5448902e20437b1660) Importer(2089858483,0ecaa5967403d082aa24f35e1b516d23)
Start importing Assets/Textures/mcdonalds_mds_v2beta_texture_148.png using Guid(87a1465abe0d6d5448902e20437b1660) Importer(2089858483,0ecaa5967403d082aa24f35e1b516d23)  -> (artifact id: 'b2dff1f4ff218579046652864c1f4a6d') in 0.079589 seconds
Number of updated asset objects reloaded before import = 0
Number of asset objects unloaded after import = 1
========================================================================
Received Import Request.
  Time since last request: 0.000304 seconds.
  path: Assets/Textures/mcdonalds_mds_v2beta_texture_144.png
  artifactKey: Guid(be262c0718278e7459c6f6d7c58fe8e1) Importer(2089858483,0ecaa5967403d082aa24f35e1b516d23)
Start importing Assets/Textures/mcdonalds_mds_v2beta_texture_144.png using Guid(be262c0718278e7459c6f6d7c58fe8e1) Importer(2089858483,0ecaa5967403d082aa24f35e1b516d23)  -> (artifact id: 'f6ea3a89bc6bf148c7df29d4a7a5361a') in 0.087093 seconds
Number of updated asset objects reloaded before import = 0
Number of asset objects unloaded after import = 1
========================================================================
Received Import Request.
  Time since last request: 0.000309 seconds.
  path: Assets/Textures/Panels/mcdonalds_mds_v2beta_texture_83.png
  artifactKey: Guid(be1acf1f4db0e1b41b623873733533d7) Importer(2089858483,0ecaa5967403d082aa24f35e1b516d23)
Start importing Assets/Textures/Panels/mcdonalds_mds_v2beta_texture_83.png using Guid(be1acf1f4db0e1b41b623873733533d7) Importer(2089858483,0ecaa5967403d082aa24f35e1b516d23)  -> (artifact id: '5b216565c14d90b3fdfc53bf7f043b6e') in 0.032533 seconds
Number of updated asset objects reloaded before import = 0
Number of asset objects unloaded after import = 1
========================================================================
Received Import Request.
  Time since last request: 0.000031 seconds.
  path: Assets/Textures/Cars/mcdonalds_mds_v2beta_texture_55.png
  artifactKey: Guid(963f5443f2299b047abe3c7d3e589026) Importer(2089858483,0ecaa5967403d082aa24f35e1b516d23)
Start importing Assets/Textures/Cars/mcdonalds_mds_v2beta_texture_55.png using Guid(963f5443f2299b047abe3c7d3e589026) Importer(2089858483,0ecaa5967403d082aa24f35e1b516d23)  -> (artifact id: '70eca4cb23969f8fa943b2c40ecd2e84') in 0.049811 seconds
Number of updated asset objects reloaded before import = 0
Number of asset objects unloaded after import = 1
========================================================================
Received Import Request.
  Time since last request: 0.000445 seconds.
  path: Assets/Textures/Materials/mcdonalds_mds_v2beta_texture_92.png
  artifactKey: Guid(fa4ecd91f53197648b2a06f56448cc49) Importer(2089858483,0ecaa5967403d082aa24f35e1b516d23)
Start importing Assets/Textures/Materials/mcdonalds_mds_v2beta_texture_92.png using Guid(fa4ecd91f53197648b2a06f56448cc49) Importer(2089858483,0ecaa5967403d082aa24f35e1b516d23)  -> (artifact id: '8e7e5299049cce09b51f9edf3744e115') in 0.055617 seconds
Number of updated asset objects reloaded before import = 0
Number of asset objects unloaded after import = 1
========================================================================
Received Import Request.
  Time since last request: 0.000028 seconds.
  path: Assets/Textures/Plak/mcdonalds_mds_v2beta_texture_103.png
  artifactKey: Guid(12fa249d8eaf882468b5f41519166b61) Importer(2089858483,0ecaa5967403d082aa24f35e1b516d23)
Start importing Assets/Textures/Plak/mcdonalds_mds_v2beta_texture_103.png using Guid(12fa249d8eaf882468b5f41519166b61) Importer(2089858483,0ecaa5967403d082aa24f35e1b516d23)  -> (artifact id: '731c5d44895847815f0a9facaaa34f3b') in 0.079928 seconds
Number of updated asset objects reloaded before import = 0
Number of asset objects unloaded after import = 1
========================================================================
Received Import Request.
  Time since last request: 0.000327 seconds.
  path: Assets/Textures/Panels/Panel 11.mat
  artifactKey: Guid(27de8554f4255ea47adbaaea6d11db32) Importer(2089858483,0ecaa5967403d082aa24f35e1b516d23)
Start importing Assets/Textures/Panels/Panel 11.mat using Guid(27de8554f4255ea47adbaaea6d11db32) Importer(2089858483,0ecaa5967403d082aa24f35e1b516d23)  -> (artifact id: 'f7d6beb46b1bf8bcc992d8195a49eef9') in 0.077621 seconds
Number of updated asset objects reloaded before import = 0
Number of asset objects unloaded after import = 2
========================================================================
Received Import Request.
  Time since last request: 0.000857 seconds.
  path: Assets/Textures/Panels/Panel 6.mat
  artifactKey: Guid(d01d004a6103ee9408100ec5d5675711) Importer(2089858483,0ecaa5967403d082aa24f35e1b516d23)
Start importing Assets/Textures/Panels/Panel 6.mat using Guid(d01d004a6103ee9408100ec5d5675711) Importer(2089858483,0ecaa5967403d082aa24f35e1b516d23)  -> (artifact id: '0ce396893273096c26be96616e243dcf') in 0.023531 seconds
Number of updated asset objects reloaded before import = 0
Number of asset objects unloaded after import = 2
========================================================================
Received Import Request.
  Time since last request: 0.000700 seconds.
  path: Assets/Textures/interier/mcdonalds_mds_v2beta_texture_50.png
  artifactKey: Guid(967ffcdcf5692044d9d488e7afd4a210) Importer(2089858483,0ecaa5967403d082aa24f35e1b516d23)
Start importing Assets/Textures/interier/mcdonalds_mds_v2beta_texture_50.png using Guid(967ffcdcf5692044d9d488e7afd4a210) Importer(2089858483,0ecaa5967403d082aa24f35e1b516d23)  -> (artifact id: 'd3c4bc768f1e4c6134e238b9dc88ed85') in 0.053952 seconds
Number of updated asset objects reloaded before import = 0
Number of asset objects unloaded after import = 1
